2024-06-18 08:41:08,394 [INFO] NvicIntPanel:101 - NVIC parent = com.st.microxplorer.plugins.ip.nvic.MultiNvicIntPanel[,0,0,730x247,layout=javax.swing.BoxLayout,alignmentX=0.0,alignmentY=0.0,border=,flags=9,maximumSize=,minimumSize=,preferredSize=]
2024-06-18 08:41:10,417 [INFO] NvicIntPanel:101 - NVIC parent = com.st.microxplorer.plugins.ip.nvic.MultiNvicIntPanel[,0,0,0x0,invalid,layout=javax.swing.BoxLayout,alignmentX=0.0,alignmentY=0.0,border=,flags=9,maximumSize=,minimumSize=,preferredSize=]
2024-06-18 08:41:40,485 [INFO] UtilMem:75 - End SaveConfig() Used Memory: 797496640 Bytes (1027604480)
2024-06-18 08:41:42,895 [INFO] UtilMem:75 - End SaveConfig() Used Memory: 823711680 Bytes (1027604480)
2024-06-18 08:41:43,448 [INFO] UtilMem:75 - End SaveConfig() Used Memory: 309901784 Bytes (1027604480)
2024-06-18 08:41:43,675 [INFO] BlockDiagram:2759 - set Specific Code input for plugin: SYS
2024-06-18 08:41:43,675 [INFO] BlockDiagram:2759 - set Specific Code input for plugin: RCC
2024-06-18 08:41:43,675 [INFO] BlockDiagram:2759 - set Specific Code input for plugin: NVIC
2024-06-18 08:41:43,676 [INFO] BlockDiagram:2759 - set Specific Code input for plugin: USART
2024-06-18 08:41:43,676 [INFO] BlockDiagram:2759 - set Specific Code input for plugin: GPIO
2024-06-18 08:41:43,683 [INFO] CodeGenerator:807 - code generatio: config db path: /opt/st/stm32cubeide_1.15.0/plugins/com.st.stm32cube.common.mx_6.11.0.202403141607//db/
2024-06-18 08:41:43,905 [INFO] CodeEngine:255 - oldGeneratedFile, /home/chris/Documents/portfolio/stm32f407-freertos-demo/FreeRTOSDemoProject/MXTmpFiles/license.tmp_save
2024-06-18 08:41:44,069 [INFO] CodeEngine:279 - Generated code: /home/chris/Documents/portfolio/stm32f407-freertos-demo/FreeRTOSDemoProject/MXTmpFiles/license.tmp
2024-06-18 08:41:44,162 [INFO] CodeEngine:255 - oldGeneratedFile, /home/chris/Documents/portfolio/stm32f407-freertos-demo/FreeRTOSDemoProject/MXTmpFiles/gpio.tmp_save
2024-06-18 08:41:44,280 [INFO] CodeEngine:279 - Generated code: /home/chris/Documents/portfolio/stm32f407-freertos-demo/FreeRTOSDemoProject/MXTmpFiles/gpio.tmp
2024-06-18 08:41:44,472 [INFO] CodeEngine:255 - oldGeneratedFile, /home/chris/Documents/portfolio/stm32f407-freertos-demo/FreeRTOSDemoProject/Core/Src/stm32f4xx_it.c_save
2024-06-18 08:41:44,698 [INFO] CodeEngine:279 - Generated code: /home/chris/Documents/portfolio/stm32f407-freertos-demo/FreeRTOSDemoProject/Core/Src/stm32f4xx_it.c
2024-06-18 08:41:44,700 [INFO] CodeEngine:255 - oldGeneratedFile, /home/chris/Documents/portfolio/stm32f407-freertos-demo/FreeRTOSDemoProject/Core/Inc/stm32f4xx_it.h_save
2024-06-18 08:41:44,780 [INFO] CodeEngine:279 - Generated code: /home/chris/Documents/portfolio/stm32f407-freertos-demo/FreeRTOSDemoProject/Core/Inc/stm32f4xx_it.h
2024-06-18 08:41:44,814 [INFO] CodeEngine:255 - oldGeneratedFile, /home/chris/Documents/portfolio/stm32f407-freertos-demo/FreeRTOSDemoProject/Core/Src/stm32f4xx_hal_msp.c_save
2024-06-18 08:41:44,948 [INFO] CodeEngine:279 - Generated code: /home/chris/Documents/portfolio/stm32f407-freertos-demo/FreeRTOSDemoProject/Core/Src/stm32f4xx_hal_msp.c
2024-06-18 08:41:44,949 [INFO] CodeEngine:255 - oldGeneratedFile, /home/chris/Documents/portfolio/stm32f407-freertos-demo/FreeRTOSDemoProject/MXTmpFiles/system.tmp_save
2024-06-18 08:41:45,026 [INFO] CodeEngine:279 - Generated code: /home/chris/Documents/portfolio/stm32f407-freertos-demo/FreeRTOSDemoProject/MXTmpFiles/system.tmp
2024-06-18 08:41:45,027 [INFO] CodeEngine:255 - oldGeneratedFile, /home/chris/Documents/portfolio/stm32f407-freertos-demo/FreeRTOSDemoProject/Core/Src/stm32f4xx_hal_timebase_tim.c_save
2024-06-18 08:41:45,131 [INFO] CodeEngine:279 - Generated code: /home/chris/Documents/portfolio/stm32f407-freertos-demo/FreeRTOSDemoProject/Core/Src/stm32f4xx_hal_timebase_tim.c
2024-06-18 08:41:45,163 [INFO] CodeEngine:311 - oldGeneratedFile, /home/chris/Documents/portfolio/stm32f407-freertos-demo/FreeRTOSDemoProject/Core/Inc/stm32f4xx_hal_conf.h_save
2024-06-18 08:41:45,246 [INFO] CodeEngine:335 - Generated code: /home/chris/Documents/portfolio/stm32f407-freertos-demo/FreeRTOSDemoProject/Core/Inc/stm32f4xx_hal_conf.h
2024-06-18 08:41:45,272 [INFO] CodeEngine:255 - oldGeneratedFile, /home/chris/Documents/portfolio/stm32f407-freertos-demo/FreeRTOSDemoProject/Core/Inc/main.h_save
2024-06-18 08:41:45,369 [INFO] CodeEngine:279 - Generated code: /home/chris/Documents/portfolio/stm32f407-freertos-demo/FreeRTOSDemoProject/Core/Inc/main.h
2024-06-18 08:41:45,371 [INFO] CodeEngine:255 - oldGeneratedFile, /home/chris/Documents/portfolio/stm32f407-freertos-demo/FreeRTOSDemoProject/Core/Src/main.c_save
2024-06-18 08:41:45,498 [INFO] CodeEngine:279 - Generated code: /home/chris/Documents/portfolio/stm32f407-freertos-demo/FreeRTOSDemoProject/Core/Src/main.c
2024-06-18 08:41:46,643 [INFO] ProjectBuilder:3163 - Time for Copy HAL[1] : 936mS.
2024-06-18 08:41:46,644 [INFO] ProjectBuilder:4736 - Project Generator version: 4.3.0-B58
2024-06-18 08:41:46,763 [INFO] ConfigFileManager:1503 - The Die is : DIE413
2024-06-18 08:41:47,716 [INFO] ProjectBuilder:5002 - Time for Generating toolchain IDE Files: 1071mS.
2024-06-18 08:41:47,716 [INFO] ProjectBuilder:3034 - Time for Copy CMSIS : 0mS.
2024-06-18 08:41:47,717 [INFO] ProjectBuilder:3034 - Time for Copy CMSIS : 0mS.
2024-06-18 10:29:21,509 [INFO] NvicIntPanel:101 - NVIC parent = com.st.microxplorer.plugins.ip.nvic.MultiNvicIntPanel[,0,0,0x0,invalid,layout=javax.swing.BoxLayout,alignmentX=0.0,alignmentY=0.0,border=,flags=9,maximumSize=,minimumSize=,preferredSize=]
2024-06-18 10:30:25,785 [INFO] UtilMem:75 - End SaveConfig() Used Memory: 393875448 Bytes (1013972992)
2024-06-18 10:30:31,286 [INFO] UtilMem:75 - End SaveConfig() Used Memory: 418516984 Bytes (1013972992)
2024-06-18 10:30:31,850 [INFO] UtilMem:75 - End SaveConfig() Used Memory: 489818104 Bytes (1013972992)
2024-06-18 10:30:32,141 [INFO] BlockDiagram:2759 - set Specific Code input for plugin: SYS
2024-06-18 10:30:32,141 [INFO] BlockDiagram:2759 - set Specific Code input for plugin: RCC
2024-06-18 10:30:32,141 [INFO] BlockDiagram:2759 - set Specific Code input for plugin: NVIC
2024-06-18 10:30:32,141 [INFO] BlockDiagram:2759 - set Specific Code input for plugin: USART
2024-06-18 10:30:32,142 [INFO] BlockDiagram:2759 - set Specific Code input for plugin: GPIO
2024-06-18 10:30:32,143 [INFO] CodeGenerator:807 - code generatio: config db path: /opt/st/stm32cubeide_1.15.0/plugins/com.st.stm32cube.common.mx_6.11.0.202403141607//db/
2024-06-18 10:30:32,535 [INFO] CodeEngine:255 - oldGeneratedFile, /home/chris/Documents/portfolio/stm32f407-freertos-demo/FreeRTOSDemoProject/MXTmpFiles/license.tmp_save
2024-06-18 10:30:32,744 [INFO] CodeEngine:279 - Generated code: /home/chris/Documents/portfolio/stm32f407-freertos-demo/FreeRTOSDemoProject/MXTmpFiles/license.tmp
2024-06-18 10:30:32,866 [INFO] CodeEngine:255 - oldGeneratedFile, /home/chris/Documents/portfolio/stm32f407-freertos-demo/FreeRTOSDemoProject/MXTmpFiles/gpio.tmp_save
2024-06-18 10:30:32,994 [INFO] CodeEngine:279 - Generated code: /home/chris/Documents/portfolio/stm32f407-freertos-demo/FreeRTOSDemoProject/MXTmpFiles/gpio.tmp
2024-06-18 10:30:33,233 [INFO] CodeEngine:255 - oldGeneratedFile, /home/chris/Documents/portfolio/stm32f407-freertos-demo/FreeRTOSDemoProject/Core/Src/stm32f4xx_it.c_save
2024-06-18 10:30:33,530 [INFO] CodeEngine:279 - Generated code: /home/chris/Documents/portfolio/stm32f407-freertos-demo/FreeRTOSDemoProject/Core/Src/stm32f4xx_it.c
2024-06-18 10:30:33,532 [INFO] CodeEngine:255 - oldGeneratedFile, /home/chris/Documents/portfolio/stm32f407-freertos-demo/FreeRTOSDemoProject/Core/Inc/stm32f4xx_it.h_save
2024-06-18 10:30:33,611 [INFO] CodeEngine:279 - Generated code: /home/chris/Documents/portfolio/stm32f407-freertos-demo/FreeRTOSDemoProject/Core/Inc/stm32f4xx_it.h
2024-06-18 10:30:33,649 [INFO] CodeEngine:255 - oldGeneratedFile, /home/chris/Documents/portfolio/stm32f407-freertos-demo/FreeRTOSDemoProject/Core/Src/stm32f4xx_hal_msp.c_save
2024-06-18 10:30:33,793 [INFO] CodeEngine:279 - Generated code: /home/chris/Documents/portfolio/stm32f407-freertos-demo/FreeRTOSDemoProject/Core/Src/stm32f4xx_hal_msp.c
2024-06-18 10:30:33,797 [INFO] CodeEngine:255 - oldGeneratedFile, /home/chris/Documents/portfolio/stm32f407-freertos-demo/FreeRTOSDemoProject/MXTmpFiles/system.tmp_save
2024-06-18 10:30:33,882 [INFO] CodeEngine:279 - Generated code: /home/chris/Documents/portfolio/stm32f407-freertos-demo/FreeRTOSDemoProject/MXTmpFiles/system.tmp
2024-06-18 10:30:33,900 [INFO] CodeEngine:255 - oldGeneratedFile, /home/chris/Documents/portfolio/stm32f407-freertos-demo/FreeRTOSDemoProject/Core/Src/stm32f4xx_hal_timebase_tim.c_save
2024-06-18 10:30:33,975 [INFO] CodeEngine:279 - Generated code: /home/chris/Documents/portfolio/stm32f407-freertos-demo/FreeRTOSDemoProject/Core/Src/stm32f4xx_hal_timebase_tim.c
2024-06-18 10:30:34,009 [INFO] CodeEngine:311 - oldGeneratedFile, /home/chris/Documents/portfolio/stm32f407-freertos-demo/FreeRTOSDemoProject/Core/Inc/stm32f4xx_hal_conf.h_save
2024-06-18 10:30:34,091 [INFO] CodeEngine:335 - Generated code: /home/chris/Documents/portfolio/stm32f407-freertos-demo/FreeRTOSDemoProject/Core/Inc/stm32f4xx_hal_conf.h
2024-06-18 10:30:34,124 [INFO] CodeEngine:255 - oldGeneratedFile, /home/chris/Documents/portfolio/stm32f407-freertos-demo/FreeRTOSDemoProject/Core/Inc/main.h_save
2024-06-18 10:30:34,247 [INFO] CodeEngine:279 - Generated code: /home/chris/Documents/portfolio/stm32f407-freertos-demo/FreeRTOSDemoProject/Core/Inc/main.h
2024-06-18 10:30:34,251 [INFO] CodeEngine:255 - oldGeneratedFile, /home/chris/Documents/portfolio/stm32f407-freertos-demo/FreeRTOSDemoProject/Core/Src/main.c_save
2024-06-18 10:30:34,382 [INFO] CodeEngine:279 - Generated code: /home/chris/Documents/portfolio/stm32f407-freertos-demo/FreeRTOSDemoProject/Core/Src/main.c
2024-06-18 10:30:35,789 [INFO] ProjectBuilder:3163 - Time for Copy HAL[1] : 996mS.
2024-06-18 10:30:35,792 [INFO] ProjectBuilder:4736 - Project Generator version: 4.3.0-B58
2024-06-18 10:30:36,079 [INFO] ConfigFileManager:1503 - The Die is : DIE413
2024-06-18 10:30:37,783 [INFO] ProjectBuilder:5002 - Time for Generating toolchain IDE Files: 1990mS.
2024-06-18 10:30:37,783 [INFO] ProjectBuilder:3034 - Time for Copy CMSIS : 0mS.
2024-06-18 10:30:37,788 [INFO] ProjectBuilder:3034 - Time for Copy CMSIS : 0mS.
