2024-07-07 20:32:45,501 [INFO] Activator:176 - 


2024-07-07 20:32:45,529 [INFO] Activator:177 - !SESSION log4j initialized
2024-07-07 20:32:59,088 [INFO] LogOutputStream:77 - [STDOUT_REDIRECT] 
2024-07-07 20:33:01,535 [INFO] ApplicationProperties:184 - Using Application install path: /opt/st/stm32cubeide_1.15.0/plugins/com.st.stm32cube.common.mx_6.11.0.202403141607
2024-07-07 20:33:01,567 [INFO] DbMcusXml:78 - Set database path to: /opt/st/stm32cubeide_1.15.0/plugins/com.st.stm32cube.common.mx_6.11.0.202403141607//db//mcu/
2024-07-07 20:33:01,567 [INFO] ApiDb:274 - Set plugin database path to: /opt/st/stm32cubeide_1.15.0/plugins/com.st.stm32cube.common.mx_6.11.0.202403141607//db//plugins/boardmanager/
2024-07-07 20:33:01,567 [WARN] ApiDb:259 - Overriding images path with different value:  => /opt/st/stm32cubeide_1.15.0/plugins/com.st.stm32cube.common.mx_6.11.0.202403141607//db//plugins/mcufinder/images/
2024-07-07 20:33:01,709 [INFO] ApiDb:250 - Set database path to: /home/chris/.stmcufinder/plugins/mcufinder//mcu/
2024-07-07 20:33:01,710 [INFO] DbMcusAds:125 - Set database path to: /home/chris/.stmcufinder/plugins/mcufinder//mcu/
2024-07-07 20:33:01,716 [INFO] CrossReferenceDbSqlite:203 - Set database path to: /home/chris/.stmcufinder/plugins/mcufinder//mcu/cs/
2024-07-07 20:33:02,022 [INFO] RulesReader:64 - Compatibility file has been processed (297 Rules)
2024-07-07 20:33:02,347 [INFO] DbMcusXml:78 - Set database path to: /opt/st/stm32cubeide_1.15.0/plugins/com.st.stm32cube.common.mx_6.11.0.202403141607//db//mcu/
2024-07-07 20:33:02,347 [INFO] ApiDb:274 - Set plugin database path to: /opt/st/stm32cubeide_1.15.0/plugins/com.st.stm32cube.common.mx_6.11.0.202403141607//db//plugins/boardmanager/
2024-07-07 20:33:02,348 [INFO] ApiDb:261 - Set plugin images path to: /opt/st/stm32cubeide_1.15.0/plugins/com.st.stm32cube.common.mx_6.11.0.202403141607//db//plugins/mcufinder/images/
2024-07-07 20:33:02,348 [WARN] DbFile:41 - Overriding database path with different value: /home/chris/.stmcufinder/plugins/mcufinder/ => /home/chris/.stmcufinder/plugins/mcufinder
2024-07-07 20:33:02,349 [INFO] ApiDb:250 - Set database path to: /home/chris/.stmcufinder/plugins/mcufinder//mcu/
2024-07-07 20:33:02,349 [WARN] DbFile:41 - Overriding database path with different value: /home/chris/.stmcufinder/plugins/mcufinder/ => /home/chris/.stmcufinder/plugins/mcufinder
2024-07-07 20:33:02,349 [INFO] DbMcusAds:125 - Set database path to: /home/chris/.stmcufinder/plugins/mcufinder//mcu/
2024-07-07 20:33:02,349 [WARN] DbFile:41 - Overriding database path with different value: /home/chris/.stmcufinder/plugins/mcufinder/ => /home/chris/.stmcufinder/plugins/mcufinder
2024-07-07 20:33:02,349 [WARN] DbFile:41 - Overriding database path with different value: /home/chris/.stmcufinder/plugins/mcufinder/ => /home/chris/.stmcufinder/plugins/mcufinder
2024-07-07 20:33:02,349 [INFO] CrossReferenceDbSqlite:203 - Set database path to: /home/chris/.stmcufinder/plugins/mcufinder//mcu/cs/
2024-07-07 20:33:02,567 [INFO] MainPanel:264 - HeapMemory: 268435456
2024-07-07 20:33:02,898 [INFO] DbMcusXml:78 - Set database path to: /opt/st/stm32cubeide_1.15.0/plugins/com.st.stm32cube.common.mx_6.11.0.202403141607//db//mcu/
2024-07-07 20:33:02,898 [INFO] ApiDb:274 - Set plugin database path to: /opt/st/stm32cubeide_1.15.0/plugins/com.st.stm32cube.common.mx_6.11.0.202403141607//db//plugins/boardmanager/
2024-07-07 20:33:02,898 [INFO] ApiDb:261 - Set plugin images path to: /opt/st/stm32cubeide_1.15.0/plugins/com.st.stm32cube.common.mx_6.11.0.202403141607//db//plugins/mcufinder/images/
2024-07-07 20:33:02,899 [WARN] DbFile:41 - Overriding database path with different value: /home/chris/.stmcufinder/plugins/mcufinder/ => /home/chris/.stmcufinder/plugins/mcufinder
2024-07-07 20:33:02,899 [INFO] ApiDb:250 - Set database path to: /home/chris/.stmcufinder/plugins/mcufinder//mcu/
2024-07-07 20:33:02,900 [WARN] DbFile:41 - Overriding database path with different value: /home/chris/.stmcufinder/plugins/mcufinder/ => /home/chris/.stmcufinder/plugins/mcufinder
2024-07-07 20:33:02,900 [INFO] DbMcusAds:125 - Set database path to: /home/chris/.stmcufinder/plugins/mcufinder//mcu/
2024-07-07 20:33:02,900 [WARN] DbFile:41 - Overriding database path with different value: /home/chris/.stmcufinder/plugins/mcufinder/ => /home/chris/.stmcufinder/plugins/mcufinder
2024-07-07 20:33:02,900 [WARN] DbFile:41 - Overriding database path with different value: /home/chris/.stmcufinder/plugins/mcufinder/ => /home/chris/.stmcufinder/plugins/mcufinder
2024-07-07 20:33:02,901 [INFO] CrossReferenceDbSqlite:203 - Set database path to: /home/chris/.stmcufinder/plugins/mcufinder//mcu/cs/
2024-07-07 20:33:02,953 [INFO] ApplicationProperties:184 - Using Application install path: /opt/st/stm32cubeide_1.15.0/plugins/com.st.stm32cube.common.mx_6.11.0.202403141607
2024-07-07 20:33:02,955 [INFO] PluginManage:196 - Search for loadable plugins [exclusion list=, ]
2024-07-07 20:33:02,973 [INFO] PluginManage:310 - Check plugin analytics
2024-07-07 20:33:03,435 [INFO] AnalyticsPlugin:253 - Accepted Software Licenses: STM32CubeMX.6.11.0
2024-07-07 20:33:03,435 [INFO] AnalyticsPlugin:255 - Accepted CMSIS Pack Licenses: 
2024-07-07 20:33:03,436 [INFO] AnalyticsPlugin:257 - Accepted Firmware Licenses: FW.F4.1.28.0
2024-07-07 20:33:03,440 [INFO] PluginManage:359 - Loaded plugin analytics (category:tool,tabindex:-1)
2024-07-07 20:33:03,440 [INFO] PluginManage:310 - Check plugin cadmodel
2024-07-07 20:33:03,634 [INFO] CADModel:105 - Init CAD model plugin
2024-07-07 20:33:03,635 [INFO] PluginManage:359 - Loaded plugin cadmodel (category:power,tabindex:5)
2024-07-07 20:33:03,635 [INFO] PluginManage:310 - Check plugin clock
2024-07-07 20:33:03,677 [INFO] PluginManage:359 - Loaded plugin clock (category:base,tabindex:2)
2024-07-07 20:33:03,678 [INFO] PluginManage:310 - Check plugin ddr
2024-07-07 20:33:03,700 [INFO] PluginManage:359 - Loaded plugin ddr (category:tool,tabindex:6)
2024-07-07 20:33:03,700 [INFO] PluginManage:310 - Check plugin filemanager
2024-07-07 20:33:04,041 [INFO] PluginManage:359 - Loaded plugin filemanager (category:base,tabindex:10)
2024-07-07 20:33:04,041 [INFO] PluginManage:310 - Check plugin ipmanager
2024-07-07 20:33:04,071 [INFO] PluginManage:359 - Loaded plugin ipmanager (category:base,tabindex:5)
2024-07-07 20:33:04,071 [INFO] PluginManage:310 - Check plugin lpbam
2024-07-07 20:33:04,092 [INFO] PluginManage:359 - Loaded plugin lpbam (category:base,tabindex:0)
2024-07-07 20:33:04,092 [INFO] PluginManage:310 - Check plugin memorymap
2024-07-07 20:33:04,121 [INFO] PluginManage:359 - Loaded plugin memorymap (category:base,tabindex:4)
2024-07-07 20:33:04,122 [INFO] PluginManage:310 - Check plugin pinoutandconfiguration
2024-07-07 20:33:04,154 [INFO] PluginManage:359 - Loaded plugin pinoutandconfiguration (category:base,tabindex:1)
2024-07-07 20:33:04,154 [INFO] PluginManage:310 - Check plugin pinoutconfig
2024-07-07 20:33:04,313 [WARN] SupportedApi:132 - Cannot load RTOS API schema: s4s-elt-must-match.1: The content of 'definitions' must match (annotation?, (simpleType | complexType)?, (unique | key | keyref)*)). A problem was found starting at: attribute.
2024-07-07 20:33:04,498 [INFO] PluginManage:359 - Loaded plugin pinoutconfig (category:base,tabindex:0)
2024-07-07 20:33:04,498 [INFO] PluginManage:310 - Check plugin power
2024-07-07 20:33:04,537 [INFO] PluginManage:359 - Loaded plugin power (category:power,tabindex:4)
2024-07-07 20:33:04,537 [INFO] PluginManage:310 - Check plugin projectmanager
2024-07-07 20:33:04,567 [INFO] PluginManage:359 - Loaded plugin projectmanager (category:projectmanager,tabindex:3)
2024-07-07 20:33:04,568 [INFO] PluginManage:310 - Check plugin thirdparty
2024-07-07 20:33:04,948 [INFO] PluginManage:359 - Loaded plugin thirdparty (category:base,tabindex:-1)
2024-07-07 20:33:04,949 [INFO] PluginManage:310 - Check plugin tools
2024-07-07 20:33:04,948 [WARN] IntegrityCheckThread:84 - waiting for thirdparty lock release [integrity check]
2024-07-07 20:33:04,949 [INFO] IntegrityCheckThread:86 - entering critical section [integrity check]
2024-07-07 20:33:04,950 [INFO] ThirdPartyUpdaterWithRetryManager:70 - Updater plugin not ready yet. [1/15]
2024-07-07 20:33:04,973 [INFO] PluginManage:359 - Loaded plugin tools (category:base,tabindex:7)
2024-07-07 20:33:04,973 [INFO] PluginManage:310 - Check plugin tutovideos
2024-07-07 20:33:05,247 [INFO] PluginManage:359 - Loaded plugin tutovideos (category:base,tabindex:-1)
2024-07-07 20:33:05,248 [INFO] PluginManage:310 - Check plugin updater
2024-07-07 20:33:05,280 [INFO] PluginManage:359 - Loaded plugin updater (category:base,tabindex:12)
2024-07-07 20:33:05,280 [INFO] PluginManage:310 - Check plugin userauth
2024-07-07 20:33:05,297 [INFO] UserAuth:114 - Init User Auth plugin
2024-07-07 20:33:05,297 [INFO] PluginManage:359 - Loaded plugin userauth (category:base,tabindex:14)
2024-07-07 20:33:05,298 [INFO] PluginManage:283 - PluginManage : Loaded plugins [17]
2024-07-07 20:33:05,860 [INFO] PinOutPanel:1561 - setPackage(No Configuration,No Configuration)
2024-07-07 20:33:06,008 [INFO] CADModel:165 - CPN selected for project level
2024-07-07 20:33:06,009 [INFO] CADModel:114 - Register for checkConnection events
2024-07-07 20:33:06,035 [INFO] IPUIPlugin:80 - create IPUIPlugin
2024-07-07 20:33:06,035 [INFO] PluginManager:220 - loadIPPluginJar : add spi
2024-07-07 20:33:06,039 [INFO] IPUIPlugin:80 - create IPUIPlugin
2024-07-07 20:33:06,039 [INFO] PluginManager:220 - loadIPPluginJar : add sai
2024-07-07 20:33:06,078 [INFO] IPUIPlugin:80 - create IPUIPlugin
2024-07-07 20:33:06,078 [INFO] PluginManager:220 - loadIPPluginJar : add adc
2024-07-07 20:33:06,091 [INFO] IPUIPlugin:80 - create IPUIPlugin
2024-07-07 20:33:06,091 [INFO] PluginManager:220 - loadIPPluginJar : add genericplugin
2024-07-07 20:33:06,095 [INFO] IPUIPlugin:80 - create IPUIPlugin
2024-07-07 20:33:06,096 [INFO] PluginManager:220 - loadIPPluginJar : add pdm2pcm
2024-07-07 20:33:06,099 [INFO] IPUIPlugin:80 - create IPUIPlugin
2024-07-07 20:33:06,100 [INFO] PluginManager:220 - loadIPPluginJar : add usart
2024-07-07 20:33:06,103 [INFO] IPUIPlugin:80 - create IPUIPlugin
2024-07-07 20:33:06,103 [INFO] PluginManager:220 - loadIPPluginJar : add i2c
2024-07-07 20:33:06,105 [INFO] IPUIPlugin:80 - create IPUIPlugin
2024-07-07 20:33:06,105 [INFO] PluginManager:220 - loadIPPluginJar : add ltdc
2024-07-07 20:33:06,108 [INFO] IPUIPlugin:80 - create IPUIPlugin
2024-07-07 20:33:06,108 [INFO] PluginManager:220 - loadIPPluginJar : add i2s
2024-07-07 20:33:06,111 [INFO] IPUIPlugin:80 - create IPUIPlugin
2024-07-07 20:33:06,111 [INFO] PluginManager:220 - loadIPPluginJar : add ts
2024-07-07 20:33:06,115 [INFO] IPUIPlugin:80 - create IPUIPlugin
2024-07-07 20:33:06,116 [INFO] PluginManager:220 - loadIPPluginJar : add gtzc
2024-07-07 20:33:06,119 [INFO] IPUIPlugin:80 - create IPUIPlugin
2024-07-07 20:33:06,119 [INFO] PluginManager:220 - loadIPPluginJar : add extmemmanager
2024-07-07 20:33:06,121 [INFO] IPUIPlugin:80 - create IPUIPlugin
2024-07-07 20:33:06,121 [INFO] PluginManager:220 - loadIPPluginJar : add tim
2024-07-07 20:33:06,127 [INFO] IPUIPlugin:80 - create IPUIPlugin
2024-07-07 20:33:06,127 [INFO] PluginManager:220 - loadIPPluginJar : add gic
2024-07-07 20:33:06,130 [INFO] IPUIPlugin:80 - create IPUIPlugin
2024-07-07 20:33:06,130 [INFO] PluginManager:220 - loadIPPluginJar : add tsc
2024-07-07 20:33:06,132 [INFO] IPUIPlugin:80 - create IPUIPlugin
2024-07-07 20:33:06,132 [INFO] PluginManager:220 - loadIPPluginJar : add quadspi
2024-07-07 20:33:06,140 [INFO] IPUIPlugin:80 - create IPUIPlugin
2024-07-07 20:33:06,140 [INFO] PluginManager:220 - loadIPPluginJar : add linkedlist
2024-07-07 20:33:06,142 [INFO] IPUIPlugin:80 - create IPUIPlugin
2024-07-07 20:33:06,142 [INFO] PluginManager:220 - loadIPPluginJar : add comp
2024-07-07 20:33:06,167 [INFO] IPUIPlugin:80 - create IPUIPlugin
2024-07-07 20:33:06,167 [INFO] PluginManager:220 - loadIPPluginJar : add dma
2024-07-07 20:33:06,171 [INFO] IPUIPlugin:80 - create IPUIPlugin
2024-07-07 20:33:06,171 [INFO] PluginManager:220 - loadIPPluginJar : add ipddr
2024-07-07 20:33:06,172 [INFO] IPUIPlugin:80 - create IPUIPlugin
2024-07-07 20:33:06,173 [INFO] PluginManager:220 - loadIPPluginJar : add fatfs
2024-07-07 20:33:06,176 [INFO] IPUIPlugin:80 - create IPUIPlugin
2024-07-07 20:33:06,176 [INFO] PluginManager:220 - loadIPPluginJar : add resmgrutility
2024-07-07 20:33:06,179 [INFO] IPUIPlugin:80 - create IPUIPlugin
2024-07-07 20:33:06,179 [INFO] PluginManager:220 - loadIPPluginJar : add opamp
2024-07-07 20:33:06,181 [INFO] IPUIPlugin:80 - create IPUIPlugin
2024-07-07 20:33:06,181 [INFO] PluginManager:220 - loadIPPluginJar : add dma3
2024-07-07 20:33:06,183 [INFO] IPUIPlugin:80 - create IPUIPlugin
2024-07-07 20:33:06,183 [INFO] PluginManager:220 - loadIPPluginJar : add tracer_emb
2024-07-07 20:33:06,189 [INFO] IPUIPlugin:80 - create IPUIPlugin
2024-07-07 20:33:06,189 [INFO] PluginManager:220 - loadIPPluginJar : add mdma
2024-07-07 20:33:06,193 [INFO] IPUIPlugin:80 - create IPUIPlugin
2024-07-07 20:33:06,193 [INFO] PluginManager:220 - loadIPPluginJar : add touchsensing
2024-07-07 20:33:06,195 [INFO] IPUIPlugin:80 - create IPUIPlugin
2024-07-07 20:33:06,196 [INFO] PluginManager:220 - loadIPPluginJar : add i3c
2024-07-07 20:33:06,201 [INFO] IPUIPlugin:80 - create IPUIPlugin
2024-07-07 20:33:06,204 [INFO] PluginManager:220 - loadIPPluginJar : add plateformsettings
2024-07-07 20:33:06,207 [INFO] IPUIPlugin:80 - create IPUIPlugin
2024-07-07 20:33:06,207 [INFO] PluginManager:220 - loadIPPluginJar : add openamp
2024-07-07 20:33:06,212 [INFO] IPUIPlugin:80 - create IPUIPlugin
2024-07-07 20:33:06,212 [INFO] PluginManager:220 - loadIPPluginJar : add stm32_wpan
2024-07-07 20:33:06,216 [INFO] IPUIPlugin:80 - create IPUIPlugin
2024-07-07 20:33:06,216 [INFO] PluginManager:220 - loadIPPluginJar : add fmc
2024-07-07 20:33:06,218 [INFO] IPUIPlugin:80 - create IPUIPlugin
2024-07-07 20:33:06,218 [INFO] PluginManager:220 - loadIPPluginJar : add lorawan
2024-07-07 20:33:06,219 [INFO] IPUIPlugin:80 - create IPUIPlugin
2024-07-07 20:33:06,220 [INFO] PluginManager:220 - loadIPPluginJar : add ucpd
2024-07-07 20:33:06,245 [INFO] IPUIPlugin:80 - create IPUIPlugin
2024-07-07 20:33:06,245 [INFO] PluginManager:220 - loadIPPluginJar : add freertos
2024-07-07 20:33:06,248 [INFO] IPUIPlugin:80 - create IPUIPlugin
2024-07-07 20:33:06,248 [INFO] PluginManager:220 - loadIPPluginJar : add aes
2024-07-07 20:33:06,250 [INFO] IPUIPlugin:80 - create IPUIPlugin
2024-07-07 20:33:06,250 [INFO] PluginManager:220 - loadIPPluginJar : add hash
2024-07-07 20:33:06,254 [INFO] IPUIPlugin:80 - create IPUIPlugin
2024-07-07 20:33:06,254 [INFO] PluginManager:220 - loadIPPluginJar : add gpio
2024-07-07 20:33:06,257 [INFO] IPUIPlugin:80 - create IPUIPlugin
2024-07-07 20:33:06,257 [INFO] PluginManager:220 - loadIPPluginJar : add gfxmmu
2024-07-07 20:33:06,268 [INFO] IPUIPlugin:80 - create IPUIPlugin
2024-07-07 20:33:06,268 [INFO] PluginManager:220 - loadIPPluginJar : add nvic
2024-07-07 20:33:06,271 [INFO] IPUIPlugin:80 - create IPUIPlugin
2024-07-07 20:33:06,271 [INFO] PluginManager:220 - loadIPPluginJar : add can
2024-07-07 20:33:06,275 [INFO] IPUIPlugin:80 - create IPUIPlugin
2024-07-07 20:33:06,275 [INFO] PluginManager:220 - loadIPPluginJar : add usbx
2024-07-07 20:33:06,278 [INFO] IPUIPlugin:80 - create IPUIPlugin
2024-07-07 20:33:06,279 [INFO] PluginManager:220 - loadIPPluginJar : add dfsdm
2024-07-07 20:33:06,281 [INFO] IPUIPlugin:80 - create IPUIPlugin
2024-07-07 20:33:06,282 [INFO] PluginManager:220 - loadIPPluginJar : add cryp
2024-07-07 20:33:06,433 [INFO] CADModel:165 - CPN selected for project level
2024-07-07 20:33:06,433 [INFO] CADModel:114 - Register for checkConnection events
2024-07-07 20:33:06,433 [FATAL] Updater:308 - Updater called before beeing initialized
2024-07-07 20:33:06,433 [ERROR] CADModel:125 - Updater not yet initialized, retry later 
2024-07-07 20:33:06,752 [INFO] CADModel:165 - CPN selected for project level
2024-07-07 20:33:06,752 [INFO] CADModel:114 - Register for checkConnection events
2024-07-07 20:33:06,752 [FATAL] Updater:308 - Updater called before beeing initialized
2024-07-07 20:33:06,753 [ERROR] CADModel:125 - Updater not yet initialized, retry later 
2024-07-07 20:33:06,756 [FATAL] Updater:308 - Updater called before beeing initialized
2024-07-07 20:33:06,886 [FATAL] Updater:308 - Updater called before beeing initialized
2024-07-07 20:33:06,902 [INFO] DbMcusAds:53 - JSON generation date=Thu May 16 05:22:00 EDT 2024 (1715851320852)
2024-07-07 20:33:06,902 [FATAL] Updater:308 - Updater called before beeing initialized
2024-07-07 20:33:06,998 [WARN] DetailPanel:346 - Failed to get advertising image, set to default
2024-07-07 20:33:07,146 [FATAL] Updater:308 - Updater called before beeing initialized
2024-07-07 20:33:07,159 [FATAL] Updater:308 - Updater called before beeing initialized
2024-07-07 20:33:07,160 [FATAL] Updater:308 - Updater called before beeing initialized
2024-07-07 20:33:07,160 [WARN] DetailPanel:346 - Failed to get advertising image, set to default
2024-07-07 20:33:07,161 [FATAL] Updater:308 - Updater called before beeing initialized
2024-07-07 20:33:07,236 [ERROR] Updater:1120 - MainUpdater not yet initialized. External WinMGr cannot be set.
2024-07-07 20:33:07,246 [INFO] Updater:1056 - Updater Version found : 6.11.0
2024-07-07 20:33:07,289 [INFO] ApplicationProperties:184 - Using Application install path: /opt/st/stm32cubeide_1.15.0/plugins/com.st.stm32cube.common.mx_6.11.0.202403141607
2024-07-07 20:33:07,904 [INFO] MainUpdater:2873 - connection check result : 10
2024-07-07 20:33:07,905 [INFO] MainUpdater:3567 - Updater definition file requires update
2024-07-07 20:33:07,905 [INFO] MainUpdater:290 - Updater Check For Update Now.
2024-07-07 20:33:07,906 [INFO] MicroXplorer:498 - Change Database Version : DB.6.0.110
2024-07-07 20:33:07,929 [INFO] McuFinderGlobals:63 - Set McuFinder mode to 2 (CubeIDE integrated)
2024-07-07 20:33:07,951 [WARN] MainUpdater:1194 - Updater busy. Cannot search thirdparties
2024-07-07 20:33:07,952 [INFO] ThirdPartyUpdaterWithRetryManager:96 - Updater plugin is busy. [1/15]
2024-07-07 20:33:07,958 [INFO] UserAuth:415 - Internet connection configuration mode: 1
2024-07-07 20:33:08,022 [INFO] ServerAccessManage:473 - Download File updaters.zip
2024-07-07 20:33:08,252 [INFO] JxBrowserEngine:152 - Initiate JxBrowser Engine with user profile folder
2024-07-07 20:33:08,265 [INFO] FileExtend:240 - Unzip File : updaters.zip
2024-07-07 20:33:08,265 [INFO] FileExtend:255 - Standard Zip Deflate
2024-07-07 20:33:08,670 [INFO] ServerAccessManage:473 - Download File PacksControlFlags.xml
2024-07-07 20:33:08,808 [INFO] ServerAccessManage:473 - Download File cubemx.pidx
2024-07-07 20:33:10,583 [INFO] ServerAccessManage:473 - Download File STMicroelectronics.X-CUBE-DPOWER.pdsc
2024-07-07 20:33:10,952 [WARN] MainUpdater:1194 - Updater busy. Cannot search thirdparties
2024-07-07 20:33:10,952 [INFO] ThirdPartyUpdaterWithRetryManager:96 - Updater plugin is busy. [2/15]
2024-07-07 20:33:11,807 [ERROR] ServerAccessManage:1089 - Problem, file not found on Server
2024-07-07 20:33:12,422 [ERROR] ServerAccessManage:1089 - Problem, file not found on Server
2024-07-07 20:33:13,036 [ERROR] ServerAccessManage:1089 - Problem, file not found on Server
2024-07-07 20:33:13,650 [ERROR] ServerAccessManage:1089 - Problem, file not found on Server
2024-07-07 20:33:13,953 [WARN] MainUpdater:1194 - Updater busy. Cannot search thirdparties
2024-07-07 20:33:13,953 [INFO] ThirdPartyUpdaterWithRetryManager:96 - Updater plugin is busy. [3/15]
2024-07-07 20:33:14,267 [ERROR] ServerAccessManage:1089 - Problem, file not found on Server
2024-07-07 20:33:14,880 [ERROR] ServerAccessManage:1089 - Problem, file not found on Server
2024-07-07 20:33:15,494 [ERROR] ServerAccessManage:1089 - Problem, file not found on Server
2024-07-07 20:33:15,941 [ERROR] ServerAccessManage:1089 - Problem, file not found on Server
2024-07-07 20:33:16,523 [ERROR] ServerAccessManage:1089 - Problem, file not found on Server
2024-07-07 20:33:16,954 [WARN] MainUpdater:1194 - Updater busy. Cannot search thirdparties
2024-07-07 20:33:16,954 [INFO] ThirdPartyUpdaterWithRetryManager:96 - Updater plugin is busy. [4/15]
2024-07-07 20:33:17,131 [ERROR] ServerAccessManage:1089 - Problem, file not found on Server
2024-07-07 20:33:17,620 [ERROR] ServerAccessManage:1089 - Problem, file not found on Server
2024-07-07 20:33:19,955 [WARN] MainUpdater:1194 - Updater busy. Cannot search thirdparties
2024-07-07 20:33:19,956 [INFO] ThirdPartyUpdaterWithRetryManager:96 - Updater plugin is busy. [5/15]
2024-07-07 20:33:22,496 [INFO] ServerAccessManage:473 - Download File wolfSSL.I-CUBE-wolfTPM.pdsc
2024-07-07 20:33:22,956 [WARN] MainUpdater:1194 - Updater busy. Cannot search thirdparties
2024-07-07 20:33:22,957 [INFO] ThirdPartyUpdaterWithRetryManager:96 - Updater plugin is busy. [6/15]
2024-07-07 20:33:23,690 [INFO] ServerAccessManage:473 - Download File RealThread.X-CUBE-RT-Thread_Nano.pdsc
2024-07-07 20:33:25,957 [WARN] MainUpdater:1194 - Updater busy. Cannot search thirdparties
2024-07-07 20:33:25,957 [INFO] ThirdPartyUpdaterWithRetryManager:96 - Updater plugin is busy. [7/15]
2024-07-07 20:33:27,291 [INFO] ServerAccessManage:473 - Download File EmbeddedOffice.I-CUBE-FS-RTOS.pdsc
2024-07-07 20:33:28,958 [WARN] MainUpdater:1194 - Updater busy. Cannot search thirdparties
2024-07-07 20:33:28,958 [INFO] ThirdPartyUpdaterWithRetryManager:96 - Updater plugin is busy. [8/15]
2024-07-07 20:33:29,007 [INFO] CheckServerUpdateThread:120 - End of CheckServer Thread
2024-07-07 20:33:29,766 [WARN] PackLoader:240 - Cannot read IP mode file for STMicroelectronics.X-CUBE-DPower.1.2.0
2024-07-07 20:33:30,156 [INFO] WebApp:161 - Instantiating new browser for Auth
2024-07-07 20:33:30,291 [WARN] PackLoader:240 - Cannot read IP mode file for wolfSSL.I-CUBE-wolfTPM.3.2.0
2024-07-07 20:33:30,305 [WARN] PackLoader:240 - Cannot read IP mode file for RealThread.X-CUBE-RT-Thread_Nano.4.1.1
2024-07-07 20:33:30,348 [WARN] PackLoader:240 - Cannot read IP mode file for EmbeddedOffice.I-CUBE-FS-RTOS.1.0.1
2024-07-07 20:33:30,349 [ERROR] ConditionMgr:805 - Attr not supported : Dmpu
2024-07-07 20:33:30,349 [ERROR] ConditionMgr:805 - Attr not supported : Dmpu
2024-07-07 20:33:30,349 [ERROR] ConditionMgr:805 - Attr not supported : Dmpu
2024-07-07 20:33:30,349 [ERROR] ConditionMgr:805 - Attr not supported : Dmpu
2024-07-07 20:33:30,349 [ERROR] ConditionMgr:805 - Attr not supported : Dmpu
2024-07-07 20:33:30,349 [ERROR] ConditionMgr:805 - Attr not supported : Dmpu
2024-07-07 20:33:30,349 [ERROR] ConditionMgr:805 - Attr not supported : Dmpu
2024-07-07 20:33:30,350 [ERROR] ConditionMgr:805 - Attr not supported : Dmpu
2024-07-07 20:33:30,350 [ERROR] ConditionMgr:805 - Attr not supported : Dmpu
2024-07-07 20:33:30,350 [ERROR] ConditionMgr:805 - Attr not supported : Dmpu
2024-07-07 20:33:30,350 [ERROR] ConditionMgr:805 - Attr not supported : Dmpu
2024-07-07 20:33:30,350 [ERROR] ConditionMgr:805 - Attr not supported : Dmpu
2024-07-07 20:33:30,350 [ERROR] ConditionMgr:805 - Attr not supported : Dmpu
2024-07-07 20:33:30,350 [ERROR] ConditionMgr:805 - Attr not supported : Dmpu
2024-07-07 20:33:30,350 [ERROR] ConditionMgr:805 - Attr not supported : Dmpu
2024-07-07 20:33:30,350 [ERROR] ConditionMgr:805 - Attr not supported : Dmpu
2024-07-07 20:33:30,351 [ERROR] ConditionMgr:805 - Attr not supported : Dmpu
2024-07-07 20:33:30,351 [ERROR] ConditionMgr:805 - Attr not supported : Dmpu
2024-07-07 20:33:30,351 [ERROR] ConditionMgr:805 - Attr not supported : Dmpu
2024-07-07 20:33:30,351 [ERROR] ConditionMgr:805 - Attr not supported : Dmpu
2024-07-07 20:33:30,351 [ERROR] ConditionMgr:805 - Attr not supported : Dmpu
2024-07-07 20:33:30,352 [ERROR] ConditionMgr:805 - Attr not supported : Dmpu
2024-07-07 20:33:30,352 [ERROR] ConditionMgr:805 - Attr not supported : Dmpu
2024-07-07 20:33:30,352 [ERROR] ConditionMgr:805 - Attr not supported : Dmpu
2024-07-07 20:33:30,352 [ERROR] ConditionMgr:805 - Attr not supported : Dmpu
2024-07-07 20:33:30,352 [ERROR] ConditionMgr:805 - Attr not supported : Dmpu
2024-07-07 20:33:30,352 [ERROR] ConditionMgr:805 - Attr not supported : Dmpu
2024-07-07 20:33:30,353 [ERROR] ConditionMgr:805 - Attr not supported : Dmpu
2024-07-07 20:33:30,353 [ERROR] ConditionMgr:805 - Attr not supported : Dmpu
2024-07-07 20:33:30,353 [ERROR] ConditionMgr:805 - Attr not supported : Dmpu
2024-07-07 20:33:30,353 [ERROR] ConditionMgr:805 - Attr not supported : Dmpu
2024-07-07 20:33:30,353 [ERROR] ConditionMgr:805 - Attr not supported : Dmpu
2024-07-07 20:33:30,354 [ERROR] ConditionMgr:805 - Attr not supported : Dmpu
2024-07-07 20:33:30,354 [ERROR] ConditionMgr:805 - Attr not supported : Dmpu
2024-07-07 20:33:30,354 [ERROR] ConditionMgr:805 - Attr not supported : Dmpu
2024-07-07 20:33:30,354 [ERROR] ConditionMgr:805 - Attr not supported : Dmpu
2024-07-07 20:33:30,354 [ERROR] ConditionMgr:805 - Attr not supported : Dmpu
2024-07-07 20:33:30,355 [ERROR] ConditionMgr:805 - Attr not supported : Dmpu
2024-07-07 20:33:30,355 [ERROR] ConditionMgr:805 - Attr not supported : Dmpu
2024-07-07 20:33:30,355 [ERROR] ConditionMgr:805 - Attr not supported : Dmpu
2024-07-07 20:33:30,355 [ERROR] ConditionMgr:805 - Attr not supported : Dmpu
2024-07-07 20:33:30,356 [ERROR] ConditionMgr:805 - Attr not supported : Dmpu
2024-07-07 20:33:30,356 [ERROR] ConditionMgr:805 - Attr not supported : Dmpu
2024-07-07 20:33:30,356 [ERROR] ConditionMgr:805 - Attr not supported : Dmpu
2024-07-07 20:33:30,356 [ERROR] ConditionMgr:805 - Attr not supported : Dmpu
2024-07-07 20:33:30,357 [ERROR] ConditionMgr:805 - Attr not supported : Dmpu
2024-07-07 20:33:30,357 [ERROR] ConditionMgr:805 - Attr not supported : Dmpu
2024-07-07 20:33:30,357 [ERROR] ConditionMgr:805 - Attr not supported : Dmpu
2024-07-07 20:33:30,357 [ERROR] ConditionMgr:805 - Attr not supported : Dmpu
2024-07-07 20:33:30,357 [ERROR] ConditionMgr:805 - Attr not supported : Dmpu
2024-07-07 20:33:30,358 [ERROR] ConditionMgr:805 - Attr not supported : Dmpu
2024-07-07 20:33:30,358 [ERROR] ConditionMgr:805 - Attr not supported : Dmpu
2024-07-07 20:33:30,358 [ERROR] ConditionMgr:805 - Attr not supported : Dmpu
2024-07-07 20:33:30,358 [ERROR] ConditionMgr:805 - Attr not supported : Dmpu
2024-07-07 20:33:30,359 [ERROR] ConditionMgr:805 - Attr not supported : Dmpu
2024-07-07 20:33:30,359 [ERROR] ConditionMgr:805 - Attr not supported : Dmpu
2024-07-07 20:33:30,359 [ERROR] ConditionMgr:805 - Attr not supported : Dmpu
2024-07-07 20:33:30,359 [ERROR] ConditionMgr:805 - Attr not supported : Dmpu
2024-07-07 20:33:30,359 [ERROR] ConditionMgr:805 - Attr not supported : Dmpu
2024-07-07 20:33:30,360 [ERROR] ConditionMgr:805 - Attr not supported : Dmpu
2024-07-07 20:33:30,360 [ERROR] ConditionMgr:805 - Attr not supported : Dmpu
2024-07-07 20:33:30,360 [ERROR] ConditionMgr:805 - Attr not supported : Dmpu
2024-07-07 20:33:30,360 [ERROR] ConditionMgr:805 - Attr not supported : Dmpu
2024-07-07 20:33:30,361 [ERROR] ConditionMgr:805 - Attr not supported : Dmpu
2024-07-07 20:33:30,362 [INFO] PopulateThirdPartyThread:66 - Ending populate Thread
2024-07-07 20:33:30,410 [INFO] ThirdParty:1030 - CMSIS Pack Vendor :EmbeddedOffice I-CUBE-FS-RTOS 1.0.1
2024-07-07 20:33:30,410 [INFO] ThirdParty:1030 - CMSIS Pack Vendor :RealThread X-CUBE-RT-Thread_Nano 4.1.1
2024-07-07 20:33:30,410 [INFO] ThirdParty:1030 - CMSIS Pack Vendor :wolfSSL I-CUBE-wolfTPM 3.2.0
2024-07-07 20:33:30,410 [INFO] ThirdParty:1030 - CMSIS Pack Vendor :STMicroelectronics X-CUBE-DPower 1.2.0
2024-07-07 20:33:30,410 [INFO] LoadServerUpdatesThread:375 - End of LoadServerUpdate Thread
2024-07-07 20:33:40,258 [WARN] PackLoader:240 - Cannot read IP mode file for STMicroelectronics.FP-SNS-MOTENVWB1.1.4.0
2024-07-07 20:33:40,471 [WARN] PackLoader:240 - Cannot read IP mode file for STMicroelectronics.X-CUBE-SMBUS.2.1.0
2024-07-07 20:33:40,645 [WARN] PackLoader:240 - Cannot read IP mode file for STMicroelectronics.X-CUBE-TOUCHGFX.4.23.2
2024-07-07 20:33:40,835 [WARN] PackLoader:240 - Cannot read IP mode file for STMicroelectronics.X-CUBE-AZRTOS-F7.1.1.0
2024-07-07 20:33:40,935 [WARN] PackLoader:240 - Cannot read IP mode file for STMicroelectronics.FP-SNS-FLIGHT1.5.0.2
2024-07-07 20:33:41,064 [WARN] PackLoader:240 - Cannot read IP mode file for STMicroelectronics.X-CUBE-DISPLAY.3.0.0
2024-07-07 20:33:41,259 [WARN] PackLoader:240 - Cannot read IP mode file for STMicroelectronics.X-CUBE-BLE1.7.0.0
2024-07-07 20:33:41,379 [WARN] PackLoader:240 - Cannot read IP mode file for emotas.I-CUBE-CANOPEN.1.3.0
2024-07-07 20:33:41,516 [WARN] PackLoader:240 - Cannot read IP mode file for STMicroelectronics.X-CUBE-BLEMGR.3.1.0
2024-07-07 20:33:41,596 [WARN] PackLoader:240 - Cannot read IP mode file for STMicroelectronics.FP-SNS-SMARTAG2.1.2.0
2024-07-07 20:33:41,727 [INFO] LogOutputStream:77 - [STDOUT_REDIRECT] 1 : Invalid condition id : UX_CORESTACK_Condition cause : null
2024-07-07 20:33:41,728 [INFO] LogOutputStream:77 - [STDOUT_REDIRECT] 1 : Invalid condition id : UX_CORESTACK_Condition cause : null
2024-07-07 20:33:41,728 [INFO] LogOutputStream:77 - [STDOUT_REDIRECT] 1 : Invalid condition id : UX_CORESTACK_Condition cause : null
2024-07-07 20:33:41,729 [INFO] LogOutputStream:77 - [STDOUT_REDIRECT] 1 : Invalid condition id : UX_CORESTACK_Condition cause : null
2024-07-07 20:33:41,729 [INFO] LogOutputStream:77 - [STDOUT_REDIRECT] 1 : Invalid condition id : UX_CORESTACK_Condition cause : null
2024-07-07 20:33:41,738 [WARN] PackLoader:240 - Cannot read IP mode file for STMicroelectronics.X-CUBE-AZRTOS-WL.2.0.0
2024-07-07 20:33:41,821 [WARN] PackLoader:240 - Cannot read IP mode file for STMicroelectronics.FP-SNS-MOTENV1.5.0.0
2024-07-07 20:33:41,969 [WARN] PackLoader:240 - Cannot read IP mode file for wolfSSL.I-CUBE-wolfMQTT.1.19.0
2024-07-07 20:33:42,248 [WARN] PackLoader:240 - Cannot read IP mode file for WES.I-CUBE-Cesium.1.3.0
2024-07-07 20:33:42,354 [WARN] PackLoader:240 - Cannot read IP mode file for STMicroelectronics.X-CUBE-BLE2.3.3.0
2024-07-07 20:33:42,431 [WARN] PackLoader:240 - Cannot read IP mode file for STMicroelectronics.X-CUBE-TCPP.4.1.0
2024-07-07 20:33:42,478 [WARN] PackLoader:240 - Cannot read IP mode file for STMicroelectronics.X-CUBE-ALGOBUILD.1.3.0
2024-07-07 20:33:42,728 [WARN] PackLoader:240 - Cannot read IP mode file for STMicroelectronics.X-CUBE-AZRTOS-G0.1.1.0
2024-07-07 20:33:42,926 [WARN] PackLoader:240 - Cannot read IP mode file for STMicroelectronics.X-CUBE-SAFEA1.1.2.2
2024-07-07 20:33:43,060 [WARN] PackLoader:240 - Cannot read IP mode file for STMicroelectronics.X-CUBE-NFC4.3.0.0
2024-07-07 20:33:43,090 [WARN] PackLoader:240 - Cannot read IP mode file for EmbeddedOffice.I-CUBE-FS-RTOS.1.0.1
2024-07-07 20:33:43,091 [ERROR] ConditionMgr:805 - Attr not supported : Dmpu
2024-07-07 20:33:43,091 [ERROR] ConditionMgr:805 - Attr not supported : Dmpu
2024-07-07 20:33:43,091 [ERROR] ConditionMgr:805 - Attr not supported : Dmpu
2024-07-07 20:33:43,091 [ERROR] ConditionMgr:805 - Attr not supported : Dmpu
2024-07-07 20:33:43,091 [ERROR] ConditionMgr:805 - Attr not supported : Dmpu
2024-07-07 20:33:43,091 [ERROR] ConditionMgr:805 - Attr not supported : Dmpu
2024-07-07 20:33:43,091 [ERROR] ConditionMgr:805 - Attr not supported : Dmpu
2024-07-07 20:33:43,091 [ERROR] ConditionMgr:805 - Attr not supported : Dmpu
2024-07-07 20:33:43,091 [ERROR] ConditionMgr:805 - Attr not supported : Dmpu
2024-07-07 20:33:43,091 [ERROR] ConditionMgr:805 - Attr not supported : Dmpu
2024-07-07 20:33:43,092 [ERROR] ConditionMgr:805 - Attr not supported : Dmpu
2024-07-07 20:33:43,092 [ERROR] ConditionMgr:805 - Attr not supported : Dmpu
2024-07-07 20:33:43,092 [ERROR] ConditionMgr:805 - Attr not supported : Dmpu
2024-07-07 20:33:43,092 [ERROR] ConditionMgr:805 - Attr not supported : Dmpu
2024-07-07 20:33:43,092 [ERROR] ConditionMgr:805 - Attr not supported : Dmpu
2024-07-07 20:33:43,092 [ERROR] ConditionMgr:805 - Attr not supported : Dmpu
2024-07-07 20:33:43,092 [ERROR] ConditionMgr:805 - Attr not supported : Dmpu
2024-07-07 20:33:43,092 [ERROR] ConditionMgr:805 - Attr not supported : Dmpu
2024-07-07 20:33:43,092 [ERROR] ConditionMgr:805 - Attr not supported : Dmpu
2024-07-07 20:33:43,092 [ERROR] ConditionMgr:805 - Attr not supported : Dmpu
2024-07-07 20:33:43,092 [ERROR] ConditionMgr:805 - Attr not supported : Dmpu
2024-07-07 20:33:43,092 [ERROR] ConditionMgr:805 - Attr not supported : Dmpu
2024-07-07 20:33:43,093 [ERROR] ConditionMgr:805 - Attr not supported : Dmpu
2024-07-07 20:33:43,093 [ERROR] ConditionMgr:805 - Attr not supported : Dmpu
2024-07-07 20:33:43,093 [ERROR] ConditionMgr:805 - Attr not supported : Dmpu
2024-07-07 20:33:43,093 [ERROR] ConditionMgr:805 - Attr not supported : Dmpu
2024-07-07 20:33:43,093 [ERROR] ConditionMgr:805 - Attr not supported : Dmpu
2024-07-07 20:33:43,093 [ERROR] ConditionMgr:805 - Attr not supported : Dmpu
2024-07-07 20:33:43,093 [ERROR] ConditionMgr:805 - Attr not supported : Dmpu
2024-07-07 20:33:43,093 [ERROR] ConditionMgr:805 - Attr not supported : Dmpu
2024-07-07 20:33:43,093 [ERROR] ConditionMgr:805 - Attr not supported : Dmpu
2024-07-07 20:33:43,093 [ERROR] ConditionMgr:805 - Attr not supported : Dmpu
2024-07-07 20:33:43,093 [ERROR] ConditionMgr:805 - Attr not supported : Dmpu
2024-07-07 20:33:43,093 [ERROR] ConditionMgr:805 - Attr not supported : Dmpu
2024-07-07 20:33:43,093 [ERROR] ConditionMgr:805 - Attr not supported : Dmpu
2024-07-07 20:33:43,093 [ERROR] ConditionMgr:805 - Attr not supported : Dmpu
2024-07-07 20:33:43,094 [ERROR] ConditionMgr:805 - Attr not supported : Dmpu
2024-07-07 20:33:43,094 [ERROR] ConditionMgr:805 - Attr not supported : Dmpu
2024-07-07 20:33:43,094 [ERROR] ConditionMgr:805 - Attr not supported : Dmpu
2024-07-07 20:33:43,094 [ERROR] ConditionMgr:805 - Attr not supported : Dmpu
2024-07-07 20:33:43,094 [ERROR] ConditionMgr:805 - Attr not supported : Dmpu
2024-07-07 20:33:43,094 [ERROR] ConditionMgr:805 - Attr not supported : Dmpu
2024-07-07 20:33:43,094 [ERROR] ConditionMgr:805 - Attr not supported : Dmpu
2024-07-07 20:33:43,094 [ERROR] ConditionMgr:805 - Attr not supported : Dmpu
2024-07-07 20:33:43,094 [ERROR] ConditionMgr:805 - Attr not supported : Dmpu
2024-07-07 20:33:43,095 [ERROR] ConditionMgr:805 - Attr not supported : Dmpu
2024-07-07 20:33:43,095 [ERROR] ConditionMgr:805 - Attr not supported : Dmpu
2024-07-07 20:33:43,095 [ERROR] ConditionMgr:805 - Attr not supported : Dmpu
2024-07-07 20:33:43,095 [ERROR] ConditionMgr:805 - Attr not supported : Dmpu
2024-07-07 20:33:43,095 [ERROR] ConditionMgr:805 - Attr not supported : Dmpu
2024-07-07 20:33:43,095 [ERROR] ConditionMgr:805 - Attr not supported : Dmpu
2024-07-07 20:33:43,095 [ERROR] ConditionMgr:805 - Attr not supported : Dmpu
2024-07-07 20:33:43,095 [ERROR] ConditionMgr:805 - Attr not supported : Dmpu
2024-07-07 20:33:43,096 [ERROR] ConditionMgr:805 - Attr not supported : Dmpu
2024-07-07 20:33:43,096 [ERROR] ConditionMgr:805 - Attr not supported : Dmpu
2024-07-07 20:33:43,096 [ERROR] ConditionMgr:805 - Attr not supported : Dmpu
2024-07-07 20:33:43,096 [ERROR] ConditionMgr:805 - Attr not supported : Dmpu
2024-07-07 20:33:43,096 [ERROR] ConditionMgr:805 - Attr not supported : Dmpu
2024-07-07 20:33:43,096 [ERROR] ConditionMgr:805 - Attr not supported : Dmpu
2024-07-07 20:33:43,096 [ERROR] ConditionMgr:805 - Attr not supported : Dmpu
2024-07-07 20:33:43,097 [ERROR] ConditionMgr:805 - Attr not supported : Dmpu
2024-07-07 20:33:43,097 [ERROR] ConditionMgr:805 - Attr not supported : Dmpu
2024-07-07 20:33:43,097 [ERROR] ConditionMgr:805 - Attr not supported : Dmpu
2024-07-07 20:33:43,097 [ERROR] ConditionMgr:805 - Attr not supported : Dmpu
2024-07-07 20:33:43,133 [WARN] PackLoader:240 - Cannot read IP mode file for RealThread.X-CUBE-RT-Thread_Nano.4.1.1
2024-07-07 20:33:43,178 [WARN] PackLoader:240 - Cannot read IP mode file for wolfSSL.I-CUBE-wolfSSL.5.7.0
2024-07-07 20:33:43,264 [WARN] PackLoader:240 - Cannot read IP mode file for STMicroelectronics.FP-ATR-SIGFOX1.3.2.0
2024-07-07 20:33:43,359 [WARN] PackLoader:240 - Cannot read IP mode file for STMicroelectronics.X-CUBE-EEPRMA1.5.1.0
2024-07-07 20:33:43,442 [WARN] PackLoader:240 - Cannot read IP mode file for ITTIA_DB.I-CUBE-ITTIADB.8.9.0
2024-07-07 20:33:43,548 [WARN] PackLoader:240 - Cannot read IP mode file for SEGGER.I-CUBE-embOS.1.3.1
2024-07-07 20:33:43,663 [WARN] PackLoader:240 - Cannot read IP mode file for STMicroelectronics.X-CUBE-ALGOBUILD.1.4.0
2024-07-07 20:33:43,710 [WARN] PackLoader:240 - Cannot read IP mode file for STMicroelectronics.X-CUBE-GNSS1.6.0.0
2024-07-07 20:33:43,808 [WARN] PackLoader:240 - Cannot read IP mode file for STMicroelectronics.X-CUBE-AZRTOS-F4.1.1.0
2024-07-07 20:33:43,846 [WARN] PackLoader:240 - Cannot read IP mode file for STMicroelectronics.X-CUBE-FREERTOS.1.2.0
2024-07-07 20:33:43,941 [WARN] PackLoader:240 - Cannot read IP mode file for STMicroelectronics.X-CUBE-AZRTOS-L5.2.0.0
2024-07-07 20:33:44,011 [WARN] PackLoader:240 - Cannot read IP mode file for STMicroelectronics.X-CUBE-NFC6.3.1.0
2024-07-07 20:33:44,024 [WARN] PackLoader:240 - Cannot read IP mode file for STMicroelectronics.X-CUBE-DPower.1.2.0
2024-07-07 20:33:44,072 [WARN] PackLoader:240 - Cannot read IP mode file for STMicroelectronics.X-CUBE-AI.9.0.0
2024-07-07 20:33:44,130 [WARN] PackLoader:240 - Cannot read IP mode file for STMicroelectronics.X-CUBE-NFC7.1.0.1
2024-07-07 20:33:44,158 [WARN] PackLoader:240 - Cannot read IP mode file for wolfSSL.I-CUBE-wolfTPM.3.2.0
2024-07-07 20:33:44,334 [WARN] PackLoader:240 - Cannot read IP mode file for STMicroelectronics.X-CUBE-AI.8.1.0
2024-07-07 20:33:44,431 [WARN] ConditionMgr:438 - getConditionDescription Invalid condition id : LAN8742 Phy interface Condition cause : null
2024-07-07 20:33:44,432 [WARN] PackLoader:240 - Cannot read IP mode file for STMicroelectronics.X-CUBE-AZRTOS-L4.2.0.0
2024-07-07 20:33:44,435 [WARN] ConditionMgr:1039 - genDependencies : Invalid condition id : LAN8742 Phy interface Condition cause : null
2024-07-07 20:33:44,435 [WARN] ConditionMgr:1039 - genDependencies : Invalid condition id : LAN8742 Phy interface Condition cause : null
2024-07-07 20:33:44,436 [WARN] ConditionMgr:1039 - genDependencies : Invalid condition id : LAN8742 Phy interface Condition cause : null
2024-07-07 20:33:44,464 [WARN] PackLoader:240 - Cannot read IP mode file for STMicroelectronics.X-CUBE-SFXS2LP1.4.0.0
2024-07-07 20:33:44,545 [WARN] ConditionMgr:438 - getConditionDescription Invalid condition id : UX DEVICE CLASS RTOS Condition cause : null
2024-07-07 20:33:44,545 [WARN] ConditionMgr:438 - getConditionDescription Invalid condition id : UX DEVICE CLASS RTOS Condition cause : null
2024-07-07 20:33:44,549 [WARN] PackLoader:240 - Cannot read IP mode file for STMicroelectronics.X-CUBE-AZRTOS-WB.2.0.0
2024-07-07 20:33:44,550 [WARN] ConditionMgr:1039 - genDependencies : Invalid condition id : UX DEVICE CLASS RTOS Condition cause : null
2024-07-07 20:33:44,550 [WARN] ConditionMgr:1039 - genDependencies : Invalid condition id : UX DEVICE CLASS RTOS Condition cause : null
2024-07-07 20:33:44,551 [WARN] ConditionMgr:1039 - genDependencies : Invalid condition id : UX DEVICE CLASS RTOS Condition cause : null
2024-07-07 20:33:44,551 [WARN] ConditionMgr:1039 - genDependencies : Invalid condition id : UX DEVICE CLASS RTOS Condition cause : null
2024-07-07 20:33:44,551 [WARN] ConditionMgr:1039 - genDependencies : Invalid condition id : UX DEVICE CLASS RTOS Condition cause : null
2024-07-07 20:33:44,714 [WARN] PackLoader:240 - Cannot read IP mode file for STMicroelectronics.X-CUBE-SUBG2.5.0.0
2024-07-07 20:33:44,768 [WARN] PackLoader:240 - Cannot read IP mode file for Cesanta.I-CUBE-Mongoose.7.13.0
2024-07-07 20:33:44,893 [WARN] PackLoader:240 - Cannot read IP mode file for STMicroelectronics.X-CUBE-AZRTOS-G4.2.0.0
2024-07-07 20:33:44,934 [WARN] PackLoader:240 - Cannot read IP mode file for STMicroelectronics.FP-SNS-MOTENVWB1.1.3.1
2024-07-07 20:33:44,995 [WARN] PackLoader:240 - Cannot read IP mode file for STMicroelectronics.X-CUBE-ISPU.2.0.0
2024-07-07 20:33:45,090 [WARN] PackLoader:240 - Cannot read IP mode file for STMicroelectronics.X-CUBE-ALS.1.0.2
2024-07-07 20:33:45,225 [WARN] PackLoader:240 - Cannot read IP mode file for STMicroelectronics.X-CUBE-MEMS1.10.0.0
2024-07-07 20:33:45,483 [WARN] PackLoader:240 - Cannot read IP mode file for STMicroelectronics.X-CUBE-FREERTOS.1.1.0
2024-07-07 20:33:45,521 [WARN] PackLoader:240 - Cannot read IP mode file for STMicroelectronics.X-CUBE-TOUCHGFX.4.24.0
2024-07-07 20:33:45,635 [WARN] PackLoader:240 - Cannot read IP mode file for portGmbH.I-Cube-SoM-uGOAL.1.1.0
2024-07-07 20:33:45,667 [WARN] PackLoader:240 - Cannot read IP mode file for STMicroelectronics.X-CUBE-ALS.1.0.1
2024-07-07 20:33:45,773 [WARN] PackLoader:240 - Cannot read IP mode file for STMicroelectronics.X-CUBE-AZRTOS-H7RS.1.0.0
2024-07-07 20:33:46,001 [WARN] PackLoader:240 - Cannot read IP mode file for STMicroelectronics.FP-ATR-ASTRA1.2.0.0
2024-07-07 20:33:46,164 [WARN] PackLoader:240 - Cannot read IP mode file for STMicroelectronics.X-CUBE-TOF1.3.4.1
2024-07-07 20:33:46,395 [WARN] PackLoader:240 - Cannot read IP mode file for STMicroelectronics.X-CUBE-AZRTOS-H7.3.2.0
2024-07-07 20:33:46,475 [WARN] PackLoader:240 - Cannot read IP mode file for Infineon.AIROC-Wi-Fi-Bluetooth-STM32.1.6.0
2024-07-07 20:33:46,480 [INFO] ThirdParty:978 - Integrity check success = true
2024-07-07 20:33:46,481 [INFO] IntegrityCheckThread:100 - exiting critical section [integrity check]
2024-07-07 20:33:46,481 [INFO] IntegrityCheckThread:103 - End integrity checks thread
2024-07-07 20:33:50,743 [INFO] WebApp:779 - Register for checkConnection events
2024-07-07 20:33:50,744 [INFO] WebApp:414 - Apply proxy settings
2024-07-07 20:33:50,744 [INFO] WebApp:499 - Chromium requires no authentication
2024-07-07 20:33:50,761 [INFO] WebApp:442 - Direct internet connection detected
2024-07-07 20:33:50,987 [INFO] WebApp:192 - Starting web application
2024-07-07 20:33:50,987 [INFO] WebApp:544 - Web application path used /opt/st/stm32cubeide_1.15.0/plugins/com.st.stm32cube.common.mx_6.11.0.202403141607/db/plugins/mcufinder/reactClient1/index.html
