2024-07-01 14:42:18,775 [ERROR] LogOutputStream:75 - [STDERR_REDIRECT] 
2024-07-01 14:42:49,277 [INFO] Activator:176 - 


2024-07-01 14:42:49,280 [INFO] Activator:177 - !SESSION log4j initialized
2024-07-01 14:42:59,147 [INFO] LogOutputStream:77 - [STDOUT_REDIRECT] 
2024-07-01 14:43:00,852 [INFO] ApplicationProperties:184 - Using Application install path: /opt/st/stm32cubeide_1.15.0/plugins/com.st.stm32cube.common.mx_6.11.0.202403141607
2024-07-01 14:43:00,891 [INFO] DbMcusXml:78 - Set database path to: /opt/st/stm32cubeide_1.15.0/plugins/com.st.stm32cube.common.mx_6.11.0.202403141607//db//mcu/
2024-07-01 14:43:00,891 [INFO] ApiDb:274 - Set plugin database path to: /opt/st/stm32cubeide_1.15.0/plugins/com.st.stm32cube.common.mx_6.11.0.202403141607//db//plugins/boardmanager/
2024-07-01 14:43:00,892 [WARN] ApiDb:259 - Overriding images path with different value:  => /opt/st/stm32cubeide_1.15.0/plugins/com.st.stm32cube.common.mx_6.11.0.202403141607//db//plugins/mcufinder/images/
2024-07-01 14:43:01,008 [INFO] ApiDb:250 - Set database path to: /home/chris/.stmcufinder/plugins/mcufinder//mcu/
2024-07-01 14:43:01,010 [INFO] DbMcusAds:125 - Set database path to: /home/chris/.stmcufinder/plugins/mcufinder//mcu/
2024-07-01 14:43:01,015 [INFO] CrossReferenceDbSqlite:203 - Set database path to: /home/chris/.stmcufinder/plugins/mcufinder//mcu/cs/
2024-07-01 14:43:01,312 [INFO] RulesReader:64 - Compatibility file has been processed (297 Rules)
2024-07-01 14:43:01,516 [INFO] DbMcusXml:78 - Set database path to: /opt/st/stm32cubeide_1.15.0/plugins/com.st.stm32cube.common.mx_6.11.0.202403141607//db//mcu/
2024-07-01 14:43:01,516 [INFO] ApiDb:274 - Set plugin database path to: /opt/st/stm32cubeide_1.15.0/plugins/com.st.stm32cube.common.mx_6.11.0.202403141607//db//plugins/boardmanager/
2024-07-01 14:43:01,517 [INFO] ApiDb:261 - Set plugin images path to: /opt/st/stm32cubeide_1.15.0/plugins/com.st.stm32cube.common.mx_6.11.0.202403141607//db//plugins/mcufinder/images/
2024-07-01 14:43:01,517 [WARN] DbFile:41 - Overriding database path with different value: /home/chris/.stmcufinder/plugins/mcufinder/ => /home/chris/.stmcufinder/plugins/mcufinder
2024-07-01 14:43:01,517 [INFO] ApiDb:250 - Set database path to: /home/chris/.stmcufinder/plugins/mcufinder//mcu/
2024-07-01 14:43:01,517 [WARN] DbFile:41 - Overriding database path with different value: /home/chris/.stmcufinder/plugins/mcufinder/ => /home/chris/.stmcufinder/plugins/mcufinder
2024-07-01 14:43:01,518 [INFO] DbMcusAds:125 - Set database path to: /home/chris/.stmcufinder/plugins/mcufinder//mcu/
2024-07-01 14:43:01,518 [WARN] DbFile:41 - Overriding database path with different value: /home/chris/.stmcufinder/plugins/mcufinder/ => /home/chris/.stmcufinder/plugins/mcufinder
2024-07-01 14:43:01,518 [WARN] DbFile:41 - Overriding database path with different value: /home/chris/.stmcufinder/plugins/mcufinder/ => /home/chris/.stmcufinder/plugins/mcufinder
2024-07-01 14:43:01,518 [INFO] CrossReferenceDbSqlite:203 - Set database path to: /home/chris/.stmcufinder/plugins/mcufinder//mcu/cs/
2024-07-01 14:43:01,811 [INFO] MainPanel:264 - HeapMemory: 268435456
2024-07-01 14:43:02,117 [INFO] DbMcusXml:78 - Set database path to: /opt/st/stm32cubeide_1.15.0/plugins/com.st.stm32cube.common.mx_6.11.0.202403141607//db//mcu/
2024-07-01 14:43:02,118 [INFO] ApiDb:274 - Set plugin database path to: /opt/st/stm32cubeide_1.15.0/plugins/com.st.stm32cube.common.mx_6.11.0.202403141607//db//plugins/boardmanager/
2024-07-01 14:43:02,118 [INFO] ApiDb:261 - Set plugin images path to: /opt/st/stm32cubeide_1.15.0/plugins/com.st.stm32cube.common.mx_6.11.0.202403141607//db//plugins/mcufinder/images/
2024-07-01 14:43:02,118 [WARN] DbFile:41 - Overriding database path with different value: /home/chris/.stmcufinder/plugins/mcufinder/ => /home/chris/.stmcufinder/plugins/mcufinder
2024-07-01 14:43:02,119 [INFO] ApiDb:250 - Set database path to: /home/chris/.stmcufinder/plugins/mcufinder//mcu/
2024-07-01 14:43:02,119 [WARN] DbFile:41 - Overriding database path with different value: /home/chris/.stmcufinder/plugins/mcufinder/ => /home/chris/.stmcufinder/plugins/mcufinder
2024-07-01 14:43:02,119 [INFO] DbMcusAds:125 - Set database path to: /home/chris/.stmcufinder/plugins/mcufinder//mcu/
2024-07-01 14:43:02,119 [WARN] DbFile:41 - Overriding database path with different value: /home/chris/.stmcufinder/plugins/mcufinder/ => /home/chris/.stmcufinder/plugins/mcufinder
2024-07-01 14:43:02,120 [WARN] DbFile:41 - Overriding database path with different value: /home/chris/.stmcufinder/plugins/mcufinder/ => /home/chris/.stmcufinder/plugins/mcufinder
2024-07-01 14:43:02,120 [INFO] CrossReferenceDbSqlite:203 - Set database path to: /home/chris/.stmcufinder/plugins/mcufinder//mcu/cs/
2024-07-01 14:43:02,178 [INFO] ApplicationProperties:184 - Using Application install path: /opt/st/stm32cubeide_1.15.0/plugins/com.st.stm32cube.common.mx_6.11.0.202403141607
2024-07-01 14:43:02,180 [INFO] PluginManage:196 - Search for loadable plugins [exclusion list=, ]
2024-07-01 14:43:02,202 [INFO] PluginManage:310 - Check plugin analytics
2024-07-01 14:43:02,517 [INFO] AnalyticsPlugin:253 - Accepted Software Licenses: STM32CubeMX.6.11.0
2024-07-01 14:43:02,518 [INFO] AnalyticsPlugin:255 - Accepted CMSIS Pack Licenses: 
2024-07-01 14:43:02,518 [INFO] AnalyticsPlugin:257 - Accepted Firmware Licenses: FW.F4.1.28.0
2024-07-01 14:43:02,522 [INFO] PluginManage:359 - Loaded plugin analytics (category:tool,tabindex:-1)
2024-07-01 14:43:02,522 [INFO] PluginManage:310 - Check plugin cadmodel
2024-07-01 14:43:02,736 [INFO] CADModel:105 - Init CAD model plugin
2024-07-01 14:43:02,737 [INFO] PluginManage:359 - Loaded plugin cadmodel (category:power,tabindex:5)
2024-07-01 14:43:02,737 [INFO] PluginManage:310 - Check plugin clock
2024-07-01 14:43:02,782 [INFO] PluginManage:359 - Loaded plugin clock (category:base,tabindex:2)
2024-07-01 14:43:02,782 [INFO] PluginManage:310 - Check plugin ddr
2024-07-01 14:43:02,808 [INFO] PluginManage:359 - Loaded plugin ddr (category:tool,tabindex:6)
2024-07-01 14:43:02,808 [INFO] PluginManage:310 - Check plugin filemanager
2024-07-01 14:43:03,137 [INFO] PluginManage:359 - Loaded plugin filemanager (category:base,tabindex:10)
2024-07-01 14:43:03,137 [INFO] PluginManage:310 - Check plugin ipmanager
2024-07-01 14:43:03,189 [INFO] PluginManage:359 - Loaded plugin ipmanager (category:base,tabindex:5)
2024-07-01 14:43:03,190 [INFO] PluginManage:310 - Check plugin lpbam
2024-07-01 14:43:03,203 [INFO] PluginManage:359 - Loaded plugin lpbam (category:base,tabindex:0)
2024-07-01 14:43:03,204 [INFO] PluginManage:310 - Check plugin memorymap
2024-07-01 14:43:03,228 [INFO] PluginManage:359 - Loaded plugin memorymap (category:base,tabindex:4)
2024-07-01 14:43:03,228 [INFO] PluginManage:310 - Check plugin pinoutandconfiguration
2024-07-01 14:43:03,252 [INFO] PluginManage:359 - Loaded plugin pinoutandconfiguration (category:base,tabindex:1)
2024-07-01 14:43:03,253 [INFO] PluginManage:310 - Check plugin pinoutconfig
2024-07-01 14:43:03,453 [WARN] SupportedApi:132 - Cannot load RTOS API schema: s4s-elt-must-match.1: The content of 'definitions' must match (annotation?, (simpleType | complexType)?, (unique | key | keyref)*)). A problem was found starting at: attribute.
2024-07-01 14:43:03,646 [INFO] PluginManage:359 - Loaded plugin pinoutconfig (category:base,tabindex:0)
2024-07-01 14:43:03,646 [INFO] PluginManage:310 - Check plugin power
2024-07-01 14:43:03,839 [INFO] PluginManage:359 - Loaded plugin power (category:power,tabindex:4)
2024-07-01 14:43:03,840 [INFO] PluginManage:310 - Check plugin projectmanager
2024-07-01 14:43:03,871 [INFO] PluginManage:359 - Loaded plugin projectmanager (category:projectmanager,tabindex:3)
2024-07-01 14:43:03,871 [INFO] PluginManage:310 - Check plugin thirdparty
2024-07-01 14:43:04,273 [WARN] IntegrityCheckThread:84 - waiting for thirdparty lock release [integrity check]
2024-07-01 14:43:04,273 [INFO] IntegrityCheckThread:86 - entering critical section [integrity check]
2024-07-01 14:43:04,274 [INFO] ThirdPartyUpdaterWithRetryManager:70 - Updater plugin not ready yet. [1/15]
2024-07-01 14:43:04,276 [INFO] PluginManage:359 - Loaded plugin thirdparty (category:base,tabindex:-1)
2024-07-01 14:43:04,276 [INFO] PluginManage:310 - Check plugin tools
2024-07-01 14:43:04,296 [INFO] PluginManage:359 - Loaded plugin tools (category:base,tabindex:7)
2024-07-01 14:43:04,297 [INFO] PluginManage:310 - Check plugin tutovideos
2024-07-01 14:43:04,568 [INFO] PluginManage:359 - Loaded plugin tutovideos (category:base,tabindex:-1)
2024-07-01 14:43:04,568 [INFO] PluginManage:310 - Check plugin updater
2024-07-01 14:43:04,599 [INFO] PluginManage:359 - Loaded plugin updater (category:base,tabindex:12)
2024-07-01 14:43:04,599 [INFO] PluginManage:310 - Check plugin userauth
2024-07-01 14:43:04,613 [INFO] UserAuth:114 - Init User Auth plugin
2024-07-01 14:43:04,613 [INFO] PluginManage:359 - Loaded plugin userauth (category:base,tabindex:14)
2024-07-01 14:43:04,614 [INFO] PluginManage:283 - PluginManage : Loaded plugins [17]
2024-07-01 14:43:05,197 [INFO] PinOutPanel:1561 - setPackage(No Configuration,No Configuration)
2024-07-01 14:43:05,333 [INFO] CADModel:165 - CPN selected for project level
2024-07-01 14:43:05,333 [INFO] CADModel:114 - Register for checkConnection events
2024-07-01 14:43:05,359 [INFO] IPUIPlugin:80 - create IPUIPlugin
2024-07-01 14:43:05,359 [INFO] PluginManager:220 - loadIPPluginJar : add spi
2024-07-01 14:43:05,363 [INFO] IPUIPlugin:80 - create IPUIPlugin
2024-07-01 14:43:05,363 [INFO] PluginManager:220 - loadIPPluginJar : add sai
2024-07-01 14:43:05,394 [INFO] IPUIPlugin:80 - create IPUIPlugin
2024-07-01 14:43:05,394 [INFO] PluginManager:220 - loadIPPluginJar : add adc
2024-07-01 14:43:05,406 [INFO] IPUIPlugin:80 - create IPUIPlugin
2024-07-01 14:43:05,407 [INFO] PluginManager:220 - loadIPPluginJar : add genericplugin
2024-07-01 14:43:05,411 [INFO] IPUIPlugin:80 - create IPUIPlugin
2024-07-01 14:43:05,411 [INFO] PluginManager:220 - loadIPPluginJar : add pdm2pcm
2024-07-01 14:43:05,415 [INFO] IPUIPlugin:80 - create IPUIPlugin
2024-07-01 14:43:05,415 [INFO] PluginManager:220 - loadIPPluginJar : add usart
2024-07-01 14:43:05,418 [INFO] IPUIPlugin:80 - create IPUIPlugin
2024-07-01 14:43:05,418 [INFO] PluginManager:220 - loadIPPluginJar : add i2c
2024-07-01 14:43:05,419 [INFO] IPUIPlugin:80 - create IPUIPlugin
2024-07-01 14:43:05,420 [INFO] PluginManager:220 - loadIPPluginJar : add ltdc
2024-07-01 14:43:05,422 [INFO] IPUIPlugin:80 - create IPUIPlugin
2024-07-01 14:43:05,423 [INFO] PluginManager:220 - loadIPPluginJar : add i2s
2024-07-01 14:43:05,425 [INFO] IPUIPlugin:80 - create IPUIPlugin
2024-07-01 14:43:05,425 [INFO] PluginManager:220 - loadIPPluginJar : add ts
2024-07-01 14:43:05,428 [INFO] IPUIPlugin:80 - create IPUIPlugin
2024-07-01 14:43:05,429 [INFO] PluginManager:220 - loadIPPluginJar : add gtzc
2024-07-01 14:43:05,432 [INFO] IPUIPlugin:80 - create IPUIPlugin
2024-07-01 14:43:05,433 [INFO] PluginManager:220 - loadIPPluginJar : add extmemmanager
2024-07-01 14:43:05,435 [INFO] IPUIPlugin:80 - create IPUIPlugin
2024-07-01 14:43:05,438 [INFO] PluginManager:220 - loadIPPluginJar : add tim
2024-07-01 14:43:05,445 [INFO] IPUIPlugin:80 - create IPUIPlugin
2024-07-01 14:43:05,446 [INFO] PluginManager:220 - loadIPPluginJar : add gic
2024-07-01 14:43:05,449 [INFO] IPUIPlugin:80 - create IPUIPlugin
2024-07-01 14:43:05,449 [INFO] PluginManager:220 - loadIPPluginJar : add tsc
2024-07-01 14:43:05,451 [INFO] IPUIPlugin:80 - create IPUIPlugin
2024-07-01 14:43:05,451 [INFO] PluginManager:220 - loadIPPluginJar : add quadspi
2024-07-01 14:43:05,460 [INFO] IPUIPlugin:80 - create IPUIPlugin
2024-07-01 14:43:05,460 [INFO] PluginManager:220 - loadIPPluginJar : add linkedlist
2024-07-01 14:43:05,462 [INFO] IPUIPlugin:80 - create IPUIPlugin
2024-07-01 14:43:05,462 [INFO] PluginManager:220 - loadIPPluginJar : add comp
2024-07-01 14:43:05,490 [INFO] IPUIPlugin:80 - create IPUIPlugin
2024-07-01 14:43:05,491 [INFO] PluginManager:220 - loadIPPluginJar : add dma
2024-07-01 14:43:05,495 [INFO] IPUIPlugin:80 - create IPUIPlugin
2024-07-01 14:43:05,495 [INFO] PluginManager:220 - loadIPPluginJar : add ipddr
2024-07-01 14:43:05,497 [INFO] IPUIPlugin:80 - create IPUIPlugin
2024-07-01 14:43:05,498 [INFO] PluginManager:220 - loadIPPluginJar : add fatfs
2024-07-01 14:43:05,504 [INFO] IPUIPlugin:80 - create IPUIPlugin
2024-07-01 14:43:05,504 [INFO] PluginManager:220 - loadIPPluginJar : add resmgrutility
2024-07-01 14:43:05,508 [INFO] IPUIPlugin:80 - create IPUIPlugin
2024-07-01 14:43:05,508 [INFO] PluginManager:220 - loadIPPluginJar : add opamp
2024-07-01 14:43:05,512 [INFO] IPUIPlugin:80 - create IPUIPlugin
2024-07-01 14:43:05,512 [INFO] PluginManager:220 - loadIPPluginJar : add dma3
2024-07-01 14:43:05,515 [INFO] IPUIPlugin:80 - create IPUIPlugin
2024-07-01 14:43:05,515 [INFO] PluginManager:220 - loadIPPluginJar : add tracer_emb
2024-07-01 14:43:05,524 [INFO] IPUIPlugin:80 - create IPUIPlugin
2024-07-01 14:43:05,524 [INFO] PluginManager:220 - loadIPPluginJar : add mdma
2024-07-01 14:43:05,528 [INFO] IPUIPlugin:80 - create IPUIPlugin
2024-07-01 14:43:05,528 [INFO] PluginManager:220 - loadIPPluginJar : add touchsensing
2024-07-01 14:43:05,532 [INFO] IPUIPlugin:80 - create IPUIPlugin
2024-07-01 14:43:05,532 [INFO] PluginManager:220 - loadIPPluginJar : add i3c
2024-07-01 14:43:05,542 [INFO] IPUIPlugin:80 - create IPUIPlugin
2024-07-01 14:43:05,547 [INFO] PluginManager:220 - loadIPPluginJar : add plateformsettings
2024-07-01 14:43:05,551 [INFO] IPUIPlugin:80 - create IPUIPlugin
2024-07-01 14:43:05,551 [INFO] PluginManager:220 - loadIPPluginJar : add openamp
2024-07-01 14:43:05,558 [INFO] IPUIPlugin:80 - create IPUIPlugin
2024-07-01 14:43:05,559 [INFO] PluginManager:220 - loadIPPluginJar : add stm32_wpan
2024-07-01 14:43:05,565 [INFO] IPUIPlugin:80 - create IPUIPlugin
2024-07-01 14:43:05,565 [INFO] PluginManager:220 - loadIPPluginJar : add fmc
2024-07-01 14:43:05,568 [INFO] IPUIPlugin:80 - create IPUIPlugin
2024-07-01 14:43:05,569 [INFO] PluginManager:220 - loadIPPluginJar : add lorawan
2024-07-01 14:43:05,571 [INFO] IPUIPlugin:80 - create IPUIPlugin
2024-07-01 14:43:05,571 [INFO] PluginManager:220 - loadIPPluginJar : add ucpd
2024-07-01 14:43:05,586 [INFO] IPUIPlugin:80 - create IPUIPlugin
2024-07-01 14:43:05,586 [INFO] PluginManager:220 - loadIPPluginJar : add freertos
2024-07-01 14:43:05,589 [INFO] IPUIPlugin:80 - create IPUIPlugin
2024-07-01 14:43:05,589 [INFO] PluginManager:220 - loadIPPluginJar : add aes
2024-07-01 14:43:05,592 [INFO] IPUIPlugin:80 - create IPUIPlugin
2024-07-01 14:43:05,592 [INFO] PluginManager:220 - loadIPPluginJar : add hash
2024-07-01 14:43:05,597 [INFO] IPUIPlugin:80 - create IPUIPlugin
2024-07-01 14:43:05,598 [INFO] PluginManager:220 - loadIPPluginJar : add gpio
2024-07-01 14:43:05,600 [INFO] IPUIPlugin:80 - create IPUIPlugin
2024-07-01 14:43:05,600 [INFO] PluginManager:220 - loadIPPluginJar : add gfxmmu
2024-07-01 14:43:05,608 [INFO] IPUIPlugin:80 - create IPUIPlugin
2024-07-01 14:43:05,608 [INFO] PluginManager:220 - loadIPPluginJar : add nvic
2024-07-01 14:43:05,611 [INFO] IPUIPlugin:80 - create IPUIPlugin
2024-07-01 14:43:05,611 [INFO] PluginManager:220 - loadIPPluginJar : add can
2024-07-01 14:43:05,615 [INFO] IPUIPlugin:80 - create IPUIPlugin
2024-07-01 14:43:05,615 [INFO] PluginManager:220 - loadIPPluginJar : add usbx
2024-07-01 14:43:05,618 [INFO] IPUIPlugin:80 - create IPUIPlugin
2024-07-01 14:43:05,618 [INFO] PluginManager:220 - loadIPPluginJar : add dfsdm
2024-07-01 14:43:05,622 [INFO] IPUIPlugin:80 - create IPUIPlugin
2024-07-01 14:43:05,622 [INFO] PluginManager:220 - loadIPPluginJar : add cryp
2024-07-01 14:43:05,798 [INFO] CADModel:165 - CPN selected for project level
2024-07-01 14:43:05,798 [INFO] CADModel:114 - Register for checkConnection events
2024-07-01 14:43:05,798 [FATAL] Updater:308 - Updater called before beeing initialized
2024-07-01 14:43:05,798 [ERROR] CADModel:125 - Updater not yet initialized, retry later 
2024-07-01 14:43:06,085 [INFO] CADModel:165 - CPN selected for project level
2024-07-01 14:43:06,086 [INFO] CADModel:114 - Register for checkConnection events
2024-07-01 14:43:06,086 [FATAL] Updater:308 - Updater called before beeing initialized
2024-07-01 14:43:06,086 [ERROR] CADModel:125 - Updater not yet initialized, retry later 
2024-07-01 14:43:06,089 [FATAL] Updater:308 - Updater called before beeing initialized
2024-07-01 14:43:06,319 [FATAL] Updater:308 - Updater called before beeing initialized
2024-07-01 14:43:06,331 [INFO] DbMcusAds:53 - JSON generation date=Thu May 16 05:22:00 EDT 2024 (1715851320852)
2024-07-01 14:43:06,331 [FATAL] Updater:308 - Updater called before beeing initialized
2024-07-01 14:43:06,437 [WARN] DetailPanel:346 - Failed to get advertising image, set to default
2024-07-01 14:43:06,535 [FATAL] Updater:308 - Updater called before beeing initialized
2024-07-01 14:43:06,548 [FATAL] Updater:308 - Updater called before beeing initialized
2024-07-01 14:43:06,548 [FATAL] Updater:308 - Updater called before beeing initialized
2024-07-01 14:43:06,548 [WARN] DetailPanel:346 - Failed to get advertising image, set to default
2024-07-01 14:43:06,549 [FATAL] Updater:308 - Updater called before beeing initialized
2024-07-01 14:43:06,635 [ERROR] Updater:1120 - MainUpdater not yet initialized. External WinMGr cannot be set.
2024-07-01 14:43:06,639 [INFO] Updater:1056 - Updater Version found : 6.11.0
2024-07-01 14:43:06,712 [INFO] ApplicationProperties:184 - Using Application install path: /opt/st/stm32cubeide_1.15.0/plugins/com.st.stm32cube.common.mx_6.11.0.202403141607
2024-07-01 14:43:07,277 [INFO] ThirdPartyUpdaterWithRetryManager:70 - Updater plugin not ready yet. [2/15]
2024-07-01 14:43:08,305 [INFO] MainUpdater:2873 - connection check result : 10
2024-07-01 14:43:08,305 [INFO] MainUpdater:3567 - Updater definition file requires update
2024-07-01 14:43:08,307 [INFO] MainUpdater:290 - Updater Check For Update Now.
2024-07-01 14:43:08,307 [INFO] MicroXplorer:498 - Change Database Version : DB.6.0.110
2024-07-01 14:43:08,336 [INFO] McuFinderGlobals:63 - Set McuFinder mode to 2 (CubeIDE integrated)
2024-07-01 14:43:08,360 [INFO] UserAuth:415 - Internet connection configuration mode: 1
2024-07-01 14:43:08,430 [INFO] ServerAccessManage:473 - Download File updaters.zip
2024-07-01 14:43:08,542 [INFO] JxBrowserEngine:152 - Initiate JxBrowser Engine with user profile folder
2024-07-01 14:43:08,648 [INFO] FileExtend:240 - Unzip File : updaters.zip
2024-07-01 14:43:08,650 [INFO] FileExtend:255 - Standard Zip Deflate
2024-07-01 14:43:09,072 [INFO] ServerAccessManage:473 - Download File PacksControlFlags.xml
2024-07-01 14:43:09,252 [INFO] ServerAccessManage:473 - Download File cubemx.pidx
2024-07-01 14:43:09,878 [INFO] LoadServerUpdatesThread:375 - End of LoadServerUpdate Thread
2024-07-01 14:43:10,136 [INFO] CheckServerUpdateThread:120 - End of CheckServer Thread
2024-07-01 14:43:12,149 [WARN] PackLoader:240 - Cannot read IP mode file for STMicroelectronics.FP-SNS-MOTENVWB1.1.4.0
2024-07-01 14:43:12,198 [WARN] PackLoader:240 - Cannot read IP mode file for STMicroelectronics.X-CUBE-SMBUS.2.1.0
2024-07-01 14:43:12,221 [WARN] PackLoader:240 - Cannot read IP mode file for STMicroelectronics.X-CUBE-TOUCHGFX.4.23.2
2024-07-01 14:43:12,317 [WARN] PackLoader:240 - Cannot read IP mode file for STMicroelectronics.X-CUBE-AZRTOS-F7.1.1.0
2024-07-01 14:43:12,359 [WARN] PackLoader:240 - Cannot read IP mode file for STMicroelectronics.FP-SNS-FLIGHT1.5.0.2
2024-07-01 14:43:12,405 [WARN] PackLoader:240 - Cannot read IP mode file for STMicroelectronics.X-CUBE-DISPLAY.3.0.0
2024-07-01 14:43:12,475 [WARN] PackLoader:240 - Cannot read IP mode file for STMicroelectronics.X-CUBE-BLE1.7.0.0
2024-07-01 14:43:12,541 [WARN] PackLoader:240 - Cannot read IP mode file for emotas.I-CUBE-CANOPEN.1.3.0
2024-07-01 14:43:12,573 [WARN] PackLoader:240 - Cannot read IP mode file for STMicroelectronics.X-CUBE-BLEMGR.3.1.0
2024-07-01 14:43:12,611 [WARN] PackLoader:240 - Cannot read IP mode file for STMicroelectronics.FP-SNS-SMARTAG2.1.2.0
2024-07-01 14:43:12,695 [INFO] LogOutputStream:77 - [STDOUT_REDIRECT] 1 : Invalid condition id : UX_CORESTACK_Condition cause : null
2024-07-01 14:43:12,696 [INFO] LogOutputStream:77 - [STDOUT_REDIRECT] 1 : Invalid condition id : UX_CORESTACK_Condition cause : null
2024-07-01 14:43:12,697 [INFO] LogOutputStream:77 - [STDOUT_REDIRECT] 1 : Invalid condition id : UX_CORESTACK_Condition cause : null
2024-07-01 14:43:12,697 [INFO] LogOutputStream:77 - [STDOUT_REDIRECT] 1 : Invalid condition id : UX_CORESTACK_Condition cause : null
2024-07-01 14:43:12,697 [INFO] LogOutputStream:77 - [STDOUT_REDIRECT] 1 : Invalid condition id : UX_CORESTACK_Condition cause : null
2024-07-01 14:43:12,705 [WARN] PackLoader:240 - Cannot read IP mode file for STMicroelectronics.X-CUBE-AZRTOS-WL.2.0.0
2024-07-01 14:43:12,716 [WARN] PackLoader:240 - Cannot read IP mode file for STMicroelectronics.FP-SNS-MOTENV1.5.0.0
2024-07-01 14:43:12,741 [WARN] PackLoader:240 - Cannot read IP mode file for wolfSSL.I-CUBE-wolfMQTT.1.19.0
2024-07-01 14:43:12,786 [WARN] PackLoader:240 - Cannot read IP mode file for WES.I-CUBE-Cesium.1.3.0
2024-07-01 14:43:12,815 [WARN] PackLoader:240 - Cannot read IP mode file for STMicroelectronics.X-CUBE-BLE2.3.3.0
2024-07-01 14:43:12,866 [WARN] PackLoader:240 - Cannot read IP mode file for STMicroelectronics.X-CUBE-TCPP.4.1.0
2024-07-01 14:43:12,875 [WARN] PackLoader:240 - Cannot read IP mode file for STMicroelectronics.X-CUBE-ALGOBUILD.1.3.0
2024-07-01 14:43:12,978 [WARN] PackLoader:240 - Cannot read IP mode file for STMicroelectronics.X-CUBE-AZRTOS-G0.1.1.0
2024-07-01 14:43:13,185 [WARN] PackLoader:240 - Cannot read IP mode file for STMicroelectronics.X-CUBE-SAFEA1.1.2.2
2024-07-01 14:43:13,204 [WARN] PackLoader:240 - Cannot read IP mode file for STMicroelectronics.X-CUBE-NFC4.3.0.0
2024-07-01 14:43:13,221 [WARN] PackLoader:240 - Cannot read IP mode file for wolfSSL.I-CUBE-wolfSSL.5.7.0
2024-07-01 14:43:13,253 [WARN] PackLoader:240 - Cannot read IP mode file for STMicroelectronics.FP-ATR-SIGFOX1.3.2.0
2024-07-01 14:43:13,303 [WARN] PackLoader:240 - Cannot read IP mode file for STMicroelectronics.X-CUBE-EEPRMA1.5.1.0
2024-07-01 14:43:13,317 [WARN] PackLoader:240 - Cannot read IP mode file for ITTIA_DB.I-CUBE-ITTIADB.8.9.0
2024-07-01 14:43:13,439 [WARN] PackLoader:240 - Cannot read IP mode file for SEGGER.I-CUBE-embOS.1.3.1
2024-07-01 14:43:13,585 [WARN] PackLoader:240 - Cannot read IP mode file for STMicroelectronics.X-CUBE-ALGOBUILD.1.4.0
2024-07-01 14:43:13,654 [WARN] PackLoader:240 - Cannot read IP mode file for STMicroelectronics.X-CUBE-GNSS1.6.0.0
2024-07-01 14:43:14,162 [WARN] PackLoader:240 - Cannot read IP mode file for STMicroelectronics.X-CUBE-AZRTOS-F4.1.1.0
2024-07-01 14:43:14,175 [WARN] PackLoader:240 - Cannot read IP mode file for STMicroelectronics.X-CUBE-FREERTOS.1.2.0
2024-07-01 14:43:14,285 [WARN] PackLoader:240 - Cannot read IP mode file for STMicroelectronics.X-CUBE-AZRTOS-L5.2.0.0
2024-07-01 14:43:14,324 [WARN] PackLoader:240 - Cannot read IP mode file for STMicroelectronics.X-CUBE-NFC6.3.1.0
2024-07-01 14:43:14,367 [WARN] PackLoader:240 - Cannot read IP mode file for STMicroelectronics.X-CUBE-AI.9.0.0
2024-07-01 14:43:14,429 [WARN] PackLoader:240 - Cannot read IP mode file for STMicroelectronics.X-CUBE-NFC7.1.0.1
2024-07-01 14:43:14,475 [WARN] PackLoader:240 - Cannot read IP mode file for STMicroelectronics.X-CUBE-AI.8.1.0
2024-07-01 14:43:14,580 [WARN] ConditionMgr:438 - getConditionDescription Invalid condition id : LAN8742 Phy interface Condition cause : null
2024-07-01 14:43:14,581 [WARN] PackLoader:240 - Cannot read IP mode file for STMicroelectronics.X-CUBE-AZRTOS-L4.2.0.0
2024-07-01 14:43:14,584 [WARN] ConditionMgr:1039 - genDependencies : Invalid condition id : LAN8742 Phy interface Condition cause : null
2024-07-01 14:43:14,585 [WARN] ConditionMgr:1039 - genDependencies : Invalid condition id : LAN8742 Phy interface Condition cause : null
2024-07-01 14:43:14,586 [WARN] ConditionMgr:1039 - genDependencies : Invalid condition id : LAN8742 Phy interface Condition cause : null
2024-07-01 14:43:14,606 [WARN] PackLoader:240 - Cannot read IP mode file for STMicroelectronics.X-CUBE-SFXS2LP1.4.0.0
2024-07-01 14:43:14,685 [WARN] ConditionMgr:438 - getConditionDescription Invalid condition id : UX DEVICE CLASS RTOS Condition cause : null
2024-07-01 14:43:14,686 [WARN] ConditionMgr:438 - getConditionDescription Invalid condition id : UX DEVICE CLASS RTOS Condition cause : null
2024-07-01 14:43:14,697 [WARN] PackLoader:240 - Cannot read IP mode file for STMicroelectronics.X-CUBE-AZRTOS-WB.2.0.0
2024-07-01 14:43:14,699 [WARN] ConditionMgr:1039 - genDependencies : Invalid condition id : UX DEVICE CLASS RTOS Condition cause : null
2024-07-01 14:43:14,699 [WARN] ConditionMgr:1039 - genDependencies : Invalid condition id : UX DEVICE CLASS RTOS Condition cause : null
2024-07-01 14:43:14,711 [WARN] ConditionMgr:1039 - genDependencies : Invalid condition id : UX DEVICE CLASS RTOS Condition cause : null
2024-07-01 14:43:14,712 [WARN] ConditionMgr:1039 - genDependencies : Invalid condition id : UX DEVICE CLASS RTOS Condition cause : null
2024-07-01 14:43:14,713 [WARN] ConditionMgr:1039 - genDependencies : Invalid condition id : UX DEVICE CLASS RTOS Condition cause : null
2024-07-01 14:43:14,757 [WARN] PackLoader:240 - Cannot read IP mode file for STMicroelectronics.X-CUBE-SUBG2.5.0.0
2024-07-01 14:43:14,792 [WARN] PackLoader:240 - Cannot read IP mode file for Cesanta.I-CUBE-Mongoose.7.13.0
2024-07-01 14:43:14,937 [WARN] PackLoader:240 - Cannot read IP mode file for STMicroelectronics.X-CUBE-AZRTOS-G4.2.0.0
2024-07-01 14:43:14,974 [WARN] PackLoader:240 - Cannot read IP mode file for STMicroelectronics.FP-SNS-MOTENVWB1.1.3.1
2024-07-01 14:43:15,019 [WARN] PackLoader:240 - Cannot read IP mode file for STMicroelectronics.X-CUBE-ISPU.2.0.0
2024-07-01 14:43:15,057 [WARN] PackLoader:240 - Cannot read IP mode file for STMicroelectronics.X-CUBE-ALS.1.0.2
2024-07-01 14:43:15,175 [WARN] PackLoader:240 - Cannot read IP mode file for STMicroelectronics.X-CUBE-MEMS1.10.0.0
2024-07-01 14:43:15,364 [WARN] PackLoader:240 - Cannot read IP mode file for STMicroelectronics.X-CUBE-FREERTOS.1.1.0
2024-07-01 14:43:15,385 [WARN] PackLoader:240 - Cannot read IP mode file for STMicroelectronics.X-CUBE-TOUCHGFX.4.24.0
2024-07-01 14:43:15,471 [WARN] PackLoader:240 - Cannot read IP mode file for portGmbH.I-Cube-SoM-uGOAL.1.1.0
2024-07-01 14:43:15,540 [WARN] PackLoader:240 - Cannot read IP mode file for STMicroelectronics.X-CUBE-ALS.1.0.1
2024-07-01 14:43:15,681 [WARN] PackLoader:240 - Cannot read IP mode file for STMicroelectronics.X-CUBE-AZRTOS-H7RS.1.0.0
2024-07-01 14:43:15,716 [WARN] PackLoader:240 - Cannot read IP mode file for STMicroelectronics.FP-ATR-ASTRA1.2.0.0
2024-07-01 14:43:15,828 [WARN] PackLoader:240 - Cannot read IP mode file for STMicroelectronics.X-CUBE-TOF1.3.4.1
2024-07-01 14:43:15,903 [WARN] PackLoader:240 - Cannot read IP mode file for STMicroelectronics.X-CUBE-AZRTOS-H7.3.2.0
2024-07-01 14:43:15,964 [WARN] PackLoader:240 - Cannot read IP mode file for Infineon.AIROC-Wi-Fi-Bluetooth-STM32.1.6.0
2024-07-01 14:43:15,969 [INFO] ThirdParty:978 - Integrity check success = true
2024-07-01 14:43:15,970 [INFO] IntegrityCheckThread:100 - exiting critical section [integrity check]
2024-07-01 14:43:15,970 [INFO] IntegrityCheckThread:103 - End integrity checks thread
2024-07-01 14:43:32,006 [INFO] WebApp:161 - Instantiating new browser for Auth
2024-07-01 14:43:48,750 [INFO] WebApp:779 - Register for checkConnection events
2024-07-01 14:43:48,751 [INFO] WebApp:414 - Apply proxy settings
2024-07-01 14:43:48,752 [INFO] WebApp:499 - Chromium requires no authentication
2024-07-01 14:43:48,773 [INFO] WebApp:442 - Direct internet connection detected
2024-07-01 14:43:49,893 [INFO] WebApp:192 - Starting web application
2024-07-01 14:43:49,894 [INFO] WebApp:544 - Web application path used /opt/st/stm32cubeide_1.15.0/plugins/com.st.stm32cube.common.mx_6.11.0.202403141607/db/plugins/mcufinder/reactClient1/index.html
2024-07-01 14:57:46,184 [INFO] McuFinderGlobals:63 - Set McuFinder mode to 2 (CubeIDE integrated)
2024-07-01 14:57:46,200 [INFO] MainUpdater:2873 - connection check result : 10
2024-07-01 14:57:46,201 [INFO] MainUpdater:2873 - connection check result : 10
2024-07-01 14:57:46,465 [INFO] MicroXplorer:468 - Change Database Path : 
2024-07-01 14:57:46,465 [INFO] MicroXplorer:498 - Change Database Version : DB.6.0.110
2024-07-01 14:57:46,471 [WARN] ThirdParty:871 - waiting for thirdparty lock release [close project]
2024-07-01 14:57:46,471 [INFO] ThirdParty:873 - entering critical section [close project]
2024-07-01 14:57:46,479 [INFO] ThirdParty:883 - exiting critical section [close project]
2024-07-01 14:57:46,482 [INFO] PinOutPanel:1561 - setPackage(No Configuration,No Configuration)
2024-07-01 14:57:46,489 [INFO] UtilMem:75 - Begin LoadConfig() Used Memory: 445994944 Bytes (576716800)
2024-07-01 14:57:46,490 [INFO] MicroXplorer:468 - Change Database Path : 
2024-07-01 14:57:46,491 [INFO] MicroXplorer:498 - Change Database Version : DB.6.0.110
2024-07-01 14:57:46,491 [INFO] OpenFileManager:312 - Change cursor
2024-07-01 14:57:46,824 [INFO] Mcu:2021 - Initializing MCU STM32F407V(E-G)Tx STM32F407VGTx STM32F407VGT6
2024-07-01 14:57:50,926 [INFO] Context:663 - Trying to add GPIOservice into a context  which must be forbidden
2024-07-01 14:57:52,180 [INFO] RtosManager:555 - Registered RTOS mode: class=CMSIS, group=RTOS, mode=CMSIS_V1, owner=FREERTOS
2024-07-01 14:57:52,180 [INFO] RtosManager:555 - Registered RTOS mode: class=CMSIS, group=RTOS2, mode=CMSIS_V2, owner=FREERTOS
2024-07-01 14:57:52,180 [INFO] RtosManager:555 - Registered RTOS mode: class=RTOS, group=Core, mode=CMSIS_V1, owner=FREERTOS
2024-07-01 14:57:52,180 [INFO] RtosManager:555 - Registered RTOS mode: class=RTOS, group=Core, mode=CMSIS_V2, owner=FREERTOS
2024-07-01 14:57:52,181 [WARN] ModelIntegratedComponent:184 - Missing modes for component STMicroelectronics:FreeRTOS:0.0.1:STMicroelectronics:RTOS:FreeRTOS:Core:::10.2.0:
2024-07-01 14:57:52,206 [WARN] ModelIntegratedComponent:63 - No mode defined for component null
2024-07-01 14:57:52,207 [WARN] ModelIntegratedComponent:63 - No mode defined for component null
2024-07-01 14:57:52,207 [WARN] ModelIntegratedComponent:63 - No mode defined for component null
2024-07-01 14:57:52,207 [WARN] ModelIntegratedComponent:63 - No mode defined for component null
2024-07-01 14:57:52,207 [WARN] ModelIntegratedComponent:63 - No mode defined for component null
2024-07-01 14:57:52,207 [WARN] ModelIntegratedComponent:63 - No mode defined for component null
2024-07-01 14:57:52,207 [WARN] ModelIntegratedComponent:63 - No mode defined for component null
2024-07-01 14:57:52,207 [WARN] ModelIntegratedComponent:63 - No mode defined for component null
2024-07-01 14:57:52,207 [WARN] ModelIntegratedComponent:63 - No mode defined for component null
2024-07-01 14:57:52,207 [WARN] ModelIntegratedComponent:63 - No mode defined for component null
2024-07-01 14:57:52,208 [WARN] ModelIntegratedComponent:63 - No mode defined for component null
2024-07-01 14:57:52,208 [WARN] ModelIntegratedComponent:63 - No mode defined for component null
2024-07-01 14:57:52,208 [WARN] ModelIntegratedComponent:63 - No mode defined for component null
2024-07-01 14:57:52,208 [WARN] ModelIntegratedComponent:63 - No mode defined for component null
2024-07-01 14:57:52,208 [WARN] ModelIntegratedComponent:63 - No mode defined for component null
2024-07-01 14:57:52,208 [WARN] ModelIntegratedComponent:63 - No mode defined for component null
2024-07-01 14:57:52,208 [WARN] ModelIntegratedComponent:63 - No mode defined for component null
2024-07-01 14:57:52,208 [WARN] ModelIntegratedComponent:63 - No mode defined for component null
2024-07-01 14:57:52,208 [WARN] ModelIntegratedComponent:63 - No mode defined for component null
2024-07-01 14:57:52,209 [WARN] ModelIntegratedComponent:63 - No mode defined for component null
2024-07-01 14:57:52,209 [WARN] ModelIntegratedComponent:63 - No mode defined for component null
2024-07-01 14:57:52,209 [WARN] ModelIntegratedComponent:63 - No mode defined for component null
2024-07-01 14:57:52,209 [WARN] ModelIntegratedComponent:63 - No mode defined for component null
2024-07-01 14:57:52,209 [WARN] ModelIntegratedComponent:63 - No mode defined for component null
2024-07-01 14:57:52,209 [WARN] ModelIntegratedComponent:63 - No mode defined for component null
2024-07-01 14:57:52,209 [WARN] ModelIntegratedComponent:63 - No mode defined for component null
2024-07-01 14:57:52,210 [WARN] ModelIntegratedComponent:63 - No mode defined for component null
2024-07-01 14:57:52,211 [WARN] ModelIntegratedComponent:63 - No mode defined for component null
2024-07-01 14:57:52,211 [WARN] ModelIntegratedComponent:63 - No mode defined for component null
2024-07-01 14:57:52,211 [WARN] ModelIntegratedComponent:63 - No mode defined for component null
2024-07-01 14:57:52,211 [WARN] ModelIntegratedComponent:63 - No mode defined for component null
2024-07-01 14:57:52,211 [WARN] ModelIntegratedComponent:63 - No mode defined for component null
2024-07-01 14:57:52,211 [WARN] ModelIntegratedComponent:63 - No mode defined for component null
2024-07-01 14:57:52,211 [WARN] ModelIntegratedComponent:63 - No mode defined for component null
2024-07-01 14:57:52,604 [INFO] ThirdPartyModel:298 - Start build external matchings
2024-07-01 14:57:52,982 [INFO] ThirdPartyModel:316 - End build external matchings
2024-07-01 14:57:53,858 [INFO] ApiDb:581 - Connected to CubeFinder SQLite database (/home/chris/.stmcufinder/plugins/mcufinder/mcu/cube-finder-db.db)
2024-07-01 14:57:54,048 [INFO] ApiDb:668 - CubeFinder database Data Model version=2.1
2024-07-01 14:57:54,048 [INFO] ApiDb:669 - CubeFinder database Configuration version=3.0.39
2024-07-01 14:57:54,050 [INFO] ApiDb:670 - CubeFinder database generation date=2024-06-05 (1717578087)
2024-07-01 14:57:54,050 [INFO] ApiDb:671 - CubeFinder database FW Pack versions=[FP-ATR-ASTRA1_V2.0.0, FP-SNS-FLIGHT1_V5.0.1, FP-SNS-FLIGHT1_V5.0.2, FP-SNS-MOTENV1_V4.3.1, FP-SNS-MOTENV1_V4.3.2, FP-SNS-MOTENV1_V5.0.0, FP-SNS-MOTENVWB1_V1.4.0, FP-SNS-SMARTAG2_V1.2.0, STM32Cube_FW_C0_V1.1.0, STM32Cube_FW_F4_V1.28.0, STM32Cube_FW_F7_V1.17.2, STM32Cube_FW_G0_V1.6.2, STM32Cube_FW_G4_V1.5.2, STM32Cube_FW_H5_V0.5.1, STM32Cube_FW_H5_V1.1.1, STM32Cube_FW_H5_V1.2.0, STM32Cube_FW_H5_V1.2.0RC4, STM32Cube_FW_H7RS_V1.0.0, STM32Cube_FW_H7RS_V1.0.0RC4, STM32Cube_FW_H7_V1.11.2, STM32Cube_FW_L0_V1.12.2, STM32Cube_FW_L5_V1.5.1, STM32Cube_FW_U0_V1.0.0, STM32Cube_FW_U0_V1.0.0RC1, STM32Cube_FW_U5_V1.3.0RC4, STM32Cube_FW_U5_V1.5.0, STM32Cube_FW_U5_V1.5.0RC1, STM32Cube_FW_WBA_V1.0.0RC1, STM32Cube_FW_WBA_V1.2.0, STM32Cube_FW_WBA_V1.2.0RC2, STM32Cube_FW_WBA_V1.3.0RC1, STM32Cube_FW_WBA_V1.3.1, STM32Cube_FW_WB_V1.15.0RC1, STM32Cube_FW_WB_V1.16.0, STM32Cube_FW_WB_V1.16.0RC2, STM32Cube_FW_WB_V1.18.0, STM32Cube_FW_WB_V1.19.0, STM32Cube_FW_WL_V1.3.0, X-CUBE-ALGOBUILD_V1.4.0, X-CUBE-ALS_V1.0.1, X-CUBE-ALS_V1.0.2, X-CUBE-AZRTOS-F4_V1.1.0, X-CUBE-AZRTOS-F7_V1.1.0, X-CUBE-AZRTOS-G0_V1.1.0, X-CUBE-AZRTOS-G4_V2.0.0, X-CUBE-AZRTOS-H7RS_V1.0.0, X-CUBE-AZRTOS-H7_V3.2.0, X-CUBE-AZRTOS-L4_V1.0.0, X-CUBE-AZRTOS-L4_V2.0.0, X-CUBE-AZRTOS-L5_V1.1.0, X-CUBE-AZRTOS-WB_V2.0.0, X-CUBE-AZRTOS-WL_V2.0.0, X-CUBE-BLE1_V7.0.0, X-CUBE-BLE2_V3.3.0, X-CUBE-BLEMGR_V3.1.0, X-CUBE-EEPRMA1_V4.1.0, X-CUBE-EEPRMA1_V5.1.0, X-CUBE-FREERTOS_V1.2.0, X-CUBE-GNSS1_V6.0.0, X-CUBE-MEMS1_V10.0.0, X-CUBE-MEMS1_V9.1.0, X-CUBE-MEMS1_V9.4.0, X-CUBE-MEMS1_V9.6.0, X-CUBE-NFC4_V3.0.0, X-CUBE-NFC7_V1.0.1, X-CUBE-SFXS2LP1_V4.0.0, X-CUBE-SUBG2_V5.0.0, X-CUBE-TOF1_V3.4.1]
2024-07-01 14:57:54,680 [INFO] DbBoardsSqlite:226 - include board P-NUCLEO-WB55-NUCLEO as a kit item of type 'Nucleo-64'
2024-07-01 14:57:54,681 [INFO] DbBoardsSqlite:226 - include board P-NUCLEO-WB55-USBDONGLE as a kit item of type 'Nucleo USB Dongle'
2024-07-01 14:57:54,691 [INFO] DbBoardsSqlite:226 - include board STEVAL-IDP005V1 as a kit item of type 'Evaluation Board'
2024-07-01 14:57:54,692 [INFO] DbBoardsSqlite:226 - include board STEVAL-IDP005V2 as a kit item of type 'Evaluation Board'
2024-07-01 14:57:55,250 [INFO] ApiDb:240 - Found 483 in-development CPN: [B-G473E-ZEST1S, B-WB1M-WPAN1, B-WL5M-SUBG1, NUCLEO-C031C6, NUCLEO-H503RB, NUCLEO-H533RE, NUCLEO-H563ZI, NUCLEO-H7S3L8, NUCLEO-U031R8, NUCLEO-U083RC, NUCLEO-U545RE-Q, NUCLEO-U5A5ZJ-Q, NUCLEO-WBA52CG, NUCLEO-WBA55CG, STEVAL-PROTEUS1, STEVAL-SMARTAG2, STEVAL-STWINBX1, STM320518-EVAL, STM32C0116-DK, STM32C011D6Y3TR, STM32C011D6Y6TR, STM32C011F4P3, STM32C011F4P6, STM32C011F4U3, STM32C011F4U6TR, STM32C011F6P3, STM32C011F6P6, STM32C011F6U3, STM32C011F6U6TR, STM32C011J4M3, STM32C011J4M6, STM32C011J6M3, STM32C011J6M6, STM32C0316-DK, STM32C031C4T3, STM32C031C4T6, STM32C031C4U3, STM32C031C4U6, STM32C031C6T3, STM32C031C6T6, STM32C031C6U3, STM32C031C6U6, STM32C031F4P3, STM32C031F4P6, STM32C031F6P3, STM32C031F6P6, STM32C031G4U3, STM32C031G4U6, STM32C031G6U3, STM32C031G6U6, STM32C031K4T3, STM32C031K4T6, STM32C031K4U3, STM32C031K4U6, STM32C031K6T3, STM32C031K6T6, STM32C031K6U3, STM32C031K6U6, STM32G071K8TXN, STM32G071K8UXN, STM32G081GBU6N, STM32G081KBT6N, STM32G081KBUXN, STM32G0B1CCT6N, STM32G0B1KCT6, STM32G0B1NEY6TR, STM32G0B1RCT6N, STM32G0C1CCT6, STM32G0C1CCT6N, STM32G0C1CCU6N, STM32G0C1CET6N, STM32G0C1CEU6N, STM32G0C1KCT6, STM32G0C1NEY6TR, STM32G0C1RCI6N, STM32G0C1RCT6N, STM32G0C1REI6N, STM32G0C1RET6N, STM32G0C1VCI6, STM32G0C1VEI6, STM32G471CCT6, STM32G471CCU6, STM32G471CET3, STM32G471CET6, STM32G471CEU3, STM32G471CEU6, STM32G471MCT6, STM32G471MET3, STM32G471MET6, STM32G471MEY6TR, STM32G471QCT6, STM32G471QET3, STM32G471RCT6, STM32G471RET3, STM32G471RET6, STM32G471VCH6, STM32G471VCI6, STM32G471VCT6, STM32G471VEH3, STM32G471VEH6, STM32G471VEI3, STM32G471VEI6, STM32G471VET3, STM32G471VET6, STM32G474CCT6, STM32H503CBT6, STM32H503CBU6, STM32H503EBY6TR, STM32H503KBU6, STM32H503RBT6, STM32H523CCT6, STM32H523CCU6, STM32H523CET6, STM32H523CEU6, STM32H523HEY6TR, STM32H523RCT6, STM32H523RET6, STM32H523VCI6, STM32H523VCT6, STM32H523VEI6, STM32H523VET6, STM32H523ZCJ6, STM32H523ZCT6, STM32H523ZEJ6, STM32H523ZET6, STM32H533CET6, STM32H533CEU6, STM32H533HEY6TR, STM32H533RET6, STM32H533VEI6, STM32H533VET6, STM32H533ZEJ6, STM32H533ZET6, STM32H562AGI6, STM32H562AII6, STM32H562IGK6, STM32H562IGT6, STM32H562IIK6, STM32H562IIT6, STM32H562RGT6, STM32H562RGV6, STM32H562RIT6, STM32H562RIV6, STM32H562VGT6, STM32H562VIT6, STM32H562ZGT6, STM32H562ZIT6, STM32H563AGI6, STM32H563AII3Q, STM32H563AII6, STM32H563IGK6, STM32H563IGT6, STM32H563IIK3Q, STM32H563IIK6, STM32H563IIT3Q, STM32H563IIT6, STM32H563MIY3QTR, STM32H563RGT6, STM32H563RGV6, STM32H563RIT6, STM32H563RIV6, STM32H563VGT6, STM32H563VIT3Q, STM32H563VIT6, STM32H563ZGT6, STM32H563ZIT3Q, STM32H563ZIT6, STM32H573AII3Q, STM32H573AII6, STM32H573I-DK, STM32H573IIK3Q, STM32H573IIK6, STM32H573IIT3Q, STM32H573IIT6, STM32H573MIY3QTR, STM32H573RIT6, STM32H573RIV6, STM32H573VIT3Q, STM32H573VIT6, STM32H573ZIT3Q, STM32H573ZIT6, STM32H7R3A8I6, STM32H7R3I8K6, STM32H7R3I8T6, STM32H7R3L8H6, STM32H7R3L8H6H, STM32H7R3R8V6, STM32H7R3V8H6, STM32H7R3V8T6, STM32H7R3V8Y6, STM32H7R3Z8J6, STM32H7R3Z8T6, STM32H7R7A8I6, STM32H7R7I8K6, STM32H7R7I8T6, STM32H7R7L8H6, STM32H7R7L8H6H, STM32H7R7Z8J6, STM32H7S3A8I6, STM32H7S3I8K6, STM32H7S3I8T6, STM32H7S3L8H6, STM32H7S3L8H6H, STM32H7S3R8V6, STM32H7S3V8H6, STM32H7S3V8T6, STM32H7S3V8Y6, STM32H7S3Z8J6, STM32H7S3Z8T6, STM32H7S78-DK, STM32H7S7A8I6, STM32H7S7I8K6, STM32H7S7I8T6, STM32H7S7L8H6, STM32H7S7L8H6H, STM32H7S7Z8J6, STM32L4R5QGI6STR, STM32MP131AAE3, STM32MP131AAF3, STM32MP131AAG3, STM32MP131CAE3, STM32MP131CAF3, STM32MP131CAG3, STM32MP131DAE7, STM32MP131DAF7, STM32MP131DAG7, STM32MP131FAE7, STM32MP131FAF7, STM32MP131FAG7, STM32MP133AAE3, STM32MP133AAF3, STM32MP133AAG3, STM32MP133CAE3, STM32MP133CAF3, STM32MP133CAG3, STM32MP133DAE7, STM32MP133DAF7, STM32MP133DAG7, STM32MP133FAE7, STM32MP133FAF7, STM32MP133FAG7, STM32MP135AAE3, STM32MP135AAF3, STM32MP135AAG3, STM32MP135CAE3, STM32MP135CAF3, STM32MP135CAG3, STM32MP135DAE7, STM32MP135DAF7, STM32MP135DAG7, STM32MP135F-DK, STM32MP135FAE7, STM32MP135FAF7, STM32MP135FAF7T, STM32MP135FAF7U, STM32MP135FAG7, STM32U031C6T6, STM32U031C6U6, STM32U031C8T6, STM32U031C8U6, STM32U031F4P6, STM32U031F6P6, STM32U031F8P6, STM32U031G6Y6TR, STM32U031G8Y6TR, STM32U031K4U6, STM32U031K6U6, STM32U031K8U6, STM32U031R6I6, STM32U031R6T6, STM32U031R8I6, STM32U031R8T6, STM32U073C8T6, STM32U073C8U6, STM32U073CBT6, STM32U073CBU6, STM32U073CCT6, STM32U073CCU6, STM32U073H8Y6TR, STM32U073HBY6TR, STM32U073HCY6TR, STM32U073K8U6, STM32U073KBU6, STM32U073KCU6, STM32U073M8I6, STM32U073M8T6, STM32U073MBI6, STM32U073MBT6, STM32U073MCI6, STM32U073MCT6, STM32U073R8I6, STM32U073R8T6, STM32U073RBI6, STM32U073RBT6, STM32U073RCI6, STM32U073RCT6, STM32U083C-DK, STM32U083CCT6, STM32U083CCU6, STM32U083HCY6TR, STM32U083KCU6, STM32U083MCI6, STM32U083MCT6, STM32U083RCI6, STM32U083RCT6, STM32U535CBT6, STM32U535CBT6Q, STM32U535CBU6, STM32U535CBU6Q, STM32U535CCT6, STM32U535CCT6Q, STM32U535CCU6, STM32U535CCU6Q, STM32U535CET6, STM32U535CET6Q, STM32U535CEU6, STM32U535CEU6Q, STM32U535JEY6QTR, STM32U535NCY6QTR, STM32U535NEY6QTR, STM32U535RBI6, STM32U535RBI6Q, STM32U535RBT6, STM32U535RBT6Q, STM32U535RCI6, STM32U535RCI6Q, STM32U535RCT6, STM32U535RCT6Q, STM32U535REI6, STM32U535REI6Q, STM32U535RET6, STM32U535RET6Q, STM32U535VCI6, STM32U535VCI6Q, STM32U535VCT6, STM32U535VCT6Q, STM32U535VEI6, STM32U535VEI6Q, STM32U535VET6, STM32U535VET6Q, STM32U545CET6, STM32U545CET6Q, STM32U545CEU6, STM32U545CEU6Q, STM32U545JEY6QTR, STM32U545NEY6QTR, STM32U545REI6, STM32U545REI6Q, STM32U545RET6, STM32U545RET6Q, STM32U545VEI6, STM32U545VEI6Q, STM32U545VET6, STM32U545VET6Q, STM32U595AIH6, STM32U595AIH6Q, STM32U595AJH6, STM32U595AJH6Q, STM32U595QII6, STM32U595QII6Q, STM32U595QJI6, STM32U595QJI6Q, STM32U595RIT6, STM32U595RIT6Q, STM32U595RJT6, STM32U595RJT6Q, STM32U595VIT6, STM32U595VIT6Q, STM32U595VJT6, STM32U595VJT6Q, STM32U595ZIT6, STM32U595ZIT6Q, STM32U595ZIY6QTR, STM32U595ZJT6, STM32U595ZJT6Q, STM32U595ZJY6QTR, STM32U599BJY6QTR, STM32U599NIH6Q, STM32U599NJH6Q, STM32U599VIT6Q, STM32U599VJT6, STM32U599VJT6Q, STM32U599ZIT6Q, STM32U599ZIY6QTR, STM32U599ZJT6Q, STM32U599ZJY6QTR, STM32U5A5AJH6, STM32U5A5AJH6Q, STM32U5A5QII3Q , STM32U5A5QJI6, STM32U5A5QJI6Q, STM32U5A5RJT6, STM32U5A5RJT6Q, STM32U5A5VJT6, STM32U5A5VJT6Q, STM32U5A5ZJT6, STM32U5A5ZJT6Q, STM32U5A5ZJY6QTR, STM32U5A9BJY6QTR, STM32U5A9J-DK, STM32U5A9NJH6Q, STM32U5A9VJT6Q, STM32U5A9ZJT6Q, STM32U5A9ZJY6QTR, STM32U5F7VIT6, STM32U5F7VIT6Q, STM32U5F7VJT6, STM32U5F7VJT6Q, STM32U5F9BJY6QTR, STM32U5F9NJH6Q, STM32U5F9VIT6Q, STM32U5F9VJT6Q, STM32U5F9ZIJ6QTR, STM32U5F9ZIT6Q, STM32U5F9ZJJ6QTR, STM32U5F9ZJT6Q, STM32U5G7VJT6, STM32U5G7VJT6Q, STM32U5G9BJY6QTR, STM32U5G9J-DK1, STM32U5G9J-DK2, STM32U5G9NJH6Q, STM32U5G9VJT6Q, STM32U5G9ZJJ6QTR, STM32U5G9ZJT6Q, STM32WB1MMCH6, STM32WBA50KEU6, STM32WBA50KEU6TR, STM32WBA50KGU6, STM32WBA50KGU6TR, STM32WBA52CEU6, STM32WBA52CEU6TR, STM32WBA52CEU7, STM32WBA52CEU7TR, STM32WBA52CGU6, STM32WBA52CGU6TR, STM32WBA52CGU6U, STM32WBA52CGU7, STM32WBA52CGU7TR, STM32WBA52KEU6, STM32WBA52KEU6TR, STM32WBA52KGU6, STM32WBA52KGU6TR, STM32WBA54CEU6, STM32WBA54CEU6TR, STM32WBA54CEU7, STM32WBA54CEU7TR, STM32WBA54CGU6, STM32WBA54CGU6TR, STM32WBA54CGU7, STM32WBA54CGU7TR, STM32WBA54KEU6, STM32WBA54KEU6TR, STM32WBA54KEU7, STM32WBA54KEU7TR, STM32WBA54KGU6, STM32WBA54KGU6TR, STM32WBA54KGU7, STM32WBA54KGU7TR, STM32WBA55CEU6, STM32WBA55CEU6TR, STM32WBA55CEU7, STM32WBA55CEU7TR, STM32WBA55CGU6, STM32WBA55CGU6TR, STM32WBA55CGU6U, STM32WBA55CGU7, STM32WBA55CGU7TR, STM32WBA55G-DK1, STM32WBA55HEF6, STM32WBA55HEF7, STM32WBA55HGF6, STM32WBA55HGF7, STM32WBA55UEI6, STM32WBA55UEI6TR, STM32WBA55UEI7, STM32WBA55UEI7TR, STM32WBA55UGI6, STM32WBA55UGI6TR, STM32WBA55UGI7, STM32WBA55UGI7TR, STM32WL5MOCH6, STM32WL5MOCH6TR]
2024-07-01 14:57:55,450 [INFO] BoardInfo:889 - No configuration file found for board P-NUCLEO-WB55
2024-07-01 14:57:55,450 [INFO] DbBoards:161 - Kit is not supported: P-NUCLEO-WB55
2024-07-01 14:57:55,454 [INFO] BoardInfo:889 - No configuration file found for board STEVAL-BFA001V1B
2024-07-01 14:57:55,454 [INFO] DbBoards:161 - Kit is not supported: STEVAL-BFA001V1B
2024-07-01 14:57:55,455 [INFO] BoardInfo:889 - No configuration file found for board STEVAL-BFA001V2B
2024-07-01 14:57:55,455 [INFO] DbBoards:161 - Kit is not supported: STEVAL-BFA001V2B
2024-07-01 14:57:55,560 [INFO] DbBoards:168 - Found 199 boards, 196 are supported
2024-07-01 14:57:55,560 [INFO] DbBoards:169 - Found 199 boards, 8 of them is supported for  Bsp
2024-07-01 14:57:55,563 [INFO] ApiDb:668 - CubeFinder database Data Model version=2.1
2024-07-01 14:57:55,563 [INFO] ApiDb:669 - CubeFinder database Configuration version=3.0.39
2024-07-01 14:57:55,563 [INFO] ApiDb:670 - CubeFinder database generation date=2024-06-05 (1717578087)
2024-07-01 14:57:55,563 [INFO] ApiDb:671 - CubeFinder database FW Pack versions=[FP-ATR-ASTRA1_V2.0.0, FP-SNS-FLIGHT1_V5.0.1, FP-SNS-FLIGHT1_V5.0.2, FP-SNS-MOTENV1_V4.3.1, FP-SNS-MOTENV1_V4.3.2, FP-SNS-MOTENV1_V5.0.0, FP-SNS-MOTENVWB1_V1.4.0, FP-SNS-SMARTAG2_V1.2.0, STM32Cube_FW_C0_V1.1.0, STM32Cube_FW_F4_V1.28.0, STM32Cube_FW_F7_V1.17.2, STM32Cube_FW_G0_V1.6.2, STM32Cube_FW_G4_V1.5.2, STM32Cube_FW_H5_V0.5.1, STM32Cube_FW_H5_V1.1.1, STM32Cube_FW_H5_V1.2.0, STM32Cube_FW_H5_V1.2.0RC4, STM32Cube_FW_H7RS_V1.0.0, STM32Cube_FW_H7RS_V1.0.0RC4, STM32Cube_FW_H7_V1.11.2, STM32Cube_FW_L0_V1.12.2, STM32Cube_FW_L5_V1.5.1, STM32Cube_FW_U0_V1.0.0, STM32Cube_FW_U0_V1.0.0RC1, STM32Cube_FW_U5_V1.3.0RC4, STM32Cube_FW_U5_V1.5.0, STM32Cube_FW_U5_V1.5.0RC1, STM32Cube_FW_WBA_V1.0.0RC1, STM32Cube_FW_WBA_V1.2.0, STM32Cube_FW_WBA_V1.2.0RC2, STM32Cube_FW_WBA_V1.3.0RC1, STM32Cube_FW_WBA_V1.3.1, STM32Cube_FW_WB_V1.15.0RC1, STM32Cube_FW_WB_V1.16.0, STM32Cube_FW_WB_V1.16.0RC2, STM32Cube_FW_WB_V1.18.0, STM32Cube_FW_WB_V1.19.0, STM32Cube_FW_WL_V1.3.0, X-CUBE-ALGOBUILD_V1.4.0, X-CUBE-ALS_V1.0.1, X-CUBE-ALS_V1.0.2, X-CUBE-AZRTOS-F4_V1.1.0, X-CUBE-AZRTOS-F7_V1.1.0, X-CUBE-AZRTOS-G0_V1.1.0, X-CUBE-AZRTOS-G4_V2.0.0, X-CUBE-AZRTOS-H7RS_V1.0.0, X-CUBE-AZRTOS-H7_V3.2.0, X-CUBE-AZRTOS-L4_V1.0.0, X-CUBE-AZRTOS-L4_V2.0.0, X-CUBE-AZRTOS-L5_V1.1.0, X-CUBE-AZRTOS-WB_V2.0.0, X-CUBE-AZRTOS-WL_V2.0.0, X-CUBE-BLE1_V7.0.0, X-CUBE-BLE2_V3.3.0, X-CUBE-BLEMGR_V3.1.0, X-CUBE-EEPRMA1_V4.1.0, X-CUBE-EEPRMA1_V5.1.0, X-CUBE-FREERTOS_V1.2.0, X-CUBE-GNSS1_V6.0.0, X-CUBE-MEMS1_V10.0.0, X-CUBE-MEMS1_V9.1.0, X-CUBE-MEMS1_V9.4.0, X-CUBE-MEMS1_V9.6.0, X-CUBE-NFC4_V3.0.0, X-CUBE-NFC7_V1.0.1, X-CUBE-SFXS2LP1_V4.0.0, X-CUBE-SUBG2_V5.0.0, X-CUBE-TOF1_V3.4.1]
2024-07-01 14:57:58,298 [INFO] ApiDb:240 - Found 483 in-development CPN: [B-G473E-ZEST1S, B-WB1M-WPAN1, B-WL5M-SUBG1, NUCLEO-C031C6, NUCLEO-H503RB, NUCLEO-H533RE, NUCLEO-H563ZI, NUCLEO-H7S3L8, NUCLEO-U031R8, NUCLEO-U083RC, NUCLEO-U545RE-Q, NUCLEO-U5A5ZJ-Q, NUCLEO-WBA52CG, NUCLEO-WBA55CG, STEVAL-PROTEUS1, STEVAL-SMARTAG2, STEVAL-STWINBX1, STM320518-EVAL, STM32C0116-DK, STM32C011D6Y3TR, STM32C011D6Y6TR, STM32C011F4P3, STM32C011F4P6, STM32C011F4U3, STM32C011F4U6TR, STM32C011F6P3, STM32C011F6P6, STM32C011F6U3, STM32C011F6U6TR, STM32C011J4M3, STM32C011J4M6, STM32C011J6M3, STM32C011J6M6, STM32C0316-DK, STM32C031C4T3, STM32C031C4T6, STM32C031C4U3, STM32C031C4U6, STM32C031C6T3, STM32C031C6T6, STM32C031C6U3, STM32C031C6U6, STM32C031F4P3, STM32C031F4P6, STM32C031F6P3, STM32C031F6P6, STM32C031G4U3, STM32C031G4U6, STM32C031G6U3, STM32C031G6U6, STM32C031K4T3, STM32C031K4T6, STM32C031K4U3, STM32C031K4U6, STM32C031K6T3, STM32C031K6T6, STM32C031K6U3, STM32C031K6U6, STM32G071K8TXN, STM32G071K8UXN, STM32G081GBU6N, STM32G081KBT6N, STM32G081KBUXN, STM32G0B1CCT6N, STM32G0B1KCT6, STM32G0B1NEY6TR, STM32G0B1RCT6N, STM32G0C1CCT6, STM32G0C1CCT6N, STM32G0C1CCU6N, STM32G0C1CET6N, STM32G0C1CEU6N, STM32G0C1KCT6, STM32G0C1NEY6TR, STM32G0C1RCI6N, STM32G0C1RCT6N, STM32G0C1REI6N, STM32G0C1RET6N, STM32G0C1VCI6, STM32G0C1VEI6, STM32G471CCT6, STM32G471CCU6, STM32G471CET3, STM32G471CET6, STM32G471CEU3, STM32G471CEU6, STM32G471MCT6, STM32G471MET3, STM32G471MET6, STM32G471MEY6TR, STM32G471QCT6, STM32G471QET3, STM32G471RCT6, STM32G471RET3, STM32G471RET6, STM32G471VCH6, STM32G471VCI6, STM32G471VCT6, STM32G471VEH3, STM32G471VEH6, STM32G471VEI3, STM32G471VEI6, STM32G471VET3, STM32G471VET6, STM32G474CCT6, STM32H503CBT6, STM32H503CBU6, STM32H503EBY6TR, STM32H503KBU6, STM32H503RBT6, STM32H523CCT6, STM32H523CCU6, STM32H523CET6, STM32H523CEU6, STM32H523HEY6TR, STM32H523RCT6, STM32H523RET6, STM32H523VCI6, STM32H523VCT6, STM32H523VEI6, STM32H523VET6, STM32H523ZCJ6, STM32H523ZCT6, STM32H523ZEJ6, STM32H523ZET6, STM32H533CET6, STM32H533CEU6, STM32H533HEY6TR, STM32H533RET6, STM32H533VEI6, STM32H533VET6, STM32H533ZEJ6, STM32H533ZET6, STM32H562AGI6, STM32H562AII6, STM32H562IGK6, STM32H562IGT6, STM32H562IIK6, STM32H562IIT6, STM32H562RGT6, STM32H562RGV6, STM32H562RIT6, STM32H562RIV6, STM32H562VGT6, STM32H562VIT6, STM32H562ZGT6, STM32H562ZIT6, STM32H563AGI6, STM32H563AII3Q, STM32H563AII6, STM32H563IGK6, STM32H563IGT6, STM32H563IIK3Q, STM32H563IIK6, STM32H563IIT3Q, STM32H563IIT6, STM32H563MIY3QTR, STM32H563RGT6, STM32H563RGV6, STM32H563RIT6, STM32H563RIV6, STM32H563VGT6, STM32H563VIT3Q, STM32H563VIT6, STM32H563ZGT6, STM32H563ZIT3Q, STM32H563ZIT6, STM32H573AII3Q, STM32H573AII6, STM32H573I-DK, STM32H573IIK3Q, STM32H573IIK6, STM32H573IIT3Q, STM32H573IIT6, STM32H573MIY3QTR, STM32H573RIT6, STM32H573RIV6, STM32H573VIT3Q, STM32H573VIT6, STM32H573ZIT3Q, STM32H573ZIT6, STM32H7R3A8I6, STM32H7R3I8K6, STM32H7R3I8T6, STM32H7R3L8H6, STM32H7R3L8H6H, STM32H7R3R8V6, STM32H7R3V8H6, STM32H7R3V8T6, STM32H7R3V8Y6, STM32H7R3Z8J6, STM32H7R3Z8T6, STM32H7R7A8I6, STM32H7R7I8K6, STM32H7R7I8T6, STM32H7R7L8H6, STM32H7R7L8H6H, STM32H7R7Z8J6, STM32H7S3A8I6, STM32H7S3I8K6, STM32H7S3I8T6, STM32H7S3L8H6, STM32H7S3L8H6H, STM32H7S3R8V6, STM32H7S3V8H6, STM32H7S3V8T6, STM32H7S3V8Y6, STM32H7S3Z8J6, STM32H7S3Z8T6, STM32H7S78-DK, STM32H7S7A8I6, STM32H7S7I8K6, STM32H7S7I8T6, STM32H7S7L8H6, STM32H7S7L8H6H, STM32H7S7Z8J6, STM32L4R5QGI6STR, STM32MP131AAE3, STM32MP131AAF3, STM32MP131AAG3, STM32MP131CAE3, STM32MP131CAF3, STM32MP131CAG3, STM32MP131DAE7, STM32MP131DAF7, STM32MP131DAG7, STM32MP131FAE7, STM32MP131FAF7, STM32MP131FAG7, STM32MP133AAE3, STM32MP133AAF3, STM32MP133AAG3, STM32MP133CAE3, STM32MP133CAF3, STM32MP133CAG3, STM32MP133DAE7, STM32MP133DAF7, STM32MP133DAG7, STM32MP133FAE7, STM32MP133FAF7, STM32MP133FAG7, STM32MP135AAE3, STM32MP135AAF3, STM32MP135AAG3, STM32MP135CAE3, STM32MP135CAF3, STM32MP135CAG3, STM32MP135DAE7, STM32MP135DAF7, STM32MP135DAG7, STM32MP135F-DK, STM32MP135FAE7, STM32MP135FAF7, STM32MP135FAF7T, STM32MP135FAF7U, STM32MP135FAG7, STM32U031C6T6, STM32U031C6U6, STM32U031C8T6, STM32U031C8U6, STM32U031F4P6, STM32U031F6P6, STM32U031F8P6, STM32U031G6Y6TR, STM32U031G8Y6TR, STM32U031K4U6, STM32U031K6U6, STM32U031K8U6, STM32U031R6I6, STM32U031R6T6, STM32U031R8I6, STM32U031R8T6, STM32U073C8T6, STM32U073C8U6, STM32U073CBT6, STM32U073CBU6, STM32U073CCT6, STM32U073CCU6, STM32U073H8Y6TR, STM32U073HBY6TR, STM32U073HCY6TR, STM32U073K8U6, STM32U073KBU6, STM32U073KCU6, STM32U073M8I6, STM32U073M8T6, STM32U073MBI6, STM32U073MBT6, STM32U073MCI6, STM32U073MCT6, STM32U073R8I6, STM32U073R8T6, STM32U073RBI6, STM32U073RBT6, STM32U073RCI6, STM32U073RCT6, STM32U083C-DK, STM32U083CCT6, STM32U083CCU6, STM32U083HCY6TR, STM32U083KCU6, STM32U083MCI6, STM32U083MCT6, STM32U083RCI6, STM32U083RCT6, STM32U535CBT6, STM32U535CBT6Q, STM32U535CBU6, STM32U535CBU6Q, STM32U535CCT6, STM32U535CCT6Q, STM32U535CCU6, STM32U535CCU6Q, STM32U535CET6, STM32U535CET6Q, STM32U535CEU6, STM32U535CEU6Q, STM32U535JEY6QTR, STM32U535NCY6QTR, STM32U535NEY6QTR, STM32U535RBI6, STM32U535RBI6Q, STM32U535RBT6, STM32U535RBT6Q, STM32U535RCI6, STM32U535RCI6Q, STM32U535RCT6, STM32U535RCT6Q, STM32U535REI6, STM32U535REI6Q, STM32U535RET6, STM32U535RET6Q, STM32U535VCI6, STM32U535VCI6Q, STM32U535VCT6, STM32U535VCT6Q, STM32U535VEI6, STM32U535VEI6Q, STM32U535VET6, STM32U535VET6Q, STM32U545CET6, STM32U545CET6Q, STM32U545CEU6, STM32U545CEU6Q, STM32U545JEY6QTR, STM32U545NEY6QTR, STM32U545REI6, STM32U545REI6Q, STM32U545RET6, STM32U545RET6Q, STM32U545VEI6, STM32U545VEI6Q, STM32U545VET6, STM32U545VET6Q, STM32U595AIH6, STM32U595AIH6Q, STM32U595AJH6, STM32U595AJH6Q, STM32U595QII6, STM32U595QII6Q, STM32U595QJI6, STM32U595QJI6Q, STM32U595RIT6, STM32U595RIT6Q, STM32U595RJT6, STM32U595RJT6Q, STM32U595VIT6, STM32U595VIT6Q, STM32U595VJT6, STM32U595VJT6Q, STM32U595ZIT6, STM32U595ZIT6Q, STM32U595ZIY6QTR, STM32U595ZJT6, STM32U595ZJT6Q, STM32U595ZJY6QTR, STM32U599BJY6QTR, STM32U599NIH6Q, STM32U599NJH6Q, STM32U599VIT6Q, STM32U599VJT6, STM32U599VJT6Q, STM32U599ZIT6Q, STM32U599ZIY6QTR, STM32U599ZJT6Q, STM32U599ZJY6QTR, STM32U5A5AJH6, STM32U5A5AJH6Q, STM32U5A5QII3Q , STM32U5A5QJI6, STM32U5A5QJI6Q, STM32U5A5RJT6, STM32U5A5RJT6Q, STM32U5A5VJT6, STM32U5A5VJT6Q, STM32U5A5ZJT6, STM32U5A5ZJT6Q, STM32U5A5ZJY6QTR, STM32U5A9BJY6QTR, STM32U5A9J-DK, STM32U5A9NJH6Q, STM32U5A9VJT6Q, STM32U5A9ZJT6Q, STM32U5A9ZJY6QTR, STM32U5F7VIT6, STM32U5F7VIT6Q, STM32U5F7VJT6, STM32U5F7VJT6Q, STM32U5F9BJY6QTR, STM32U5F9NJH6Q, STM32U5F9VIT6Q, STM32U5F9VJT6Q, STM32U5F9ZIJ6QTR, STM32U5F9ZIT6Q, STM32U5F9ZJJ6QTR, STM32U5F9ZJT6Q, STM32U5G7VJT6, STM32U5G7VJT6Q, STM32U5G9BJY6QTR, STM32U5G9J-DK1, STM32U5G9J-DK2, STM32U5G9NJH6Q, STM32U5G9VJT6Q, STM32U5G9ZJJ6QTR, STM32U5G9ZJT6Q, STM32WB1MMCH6, STM32WBA50KEU6, STM32WBA50KEU6TR, STM32WBA50KGU6, STM32WBA50KGU6TR, STM32WBA52CEU6, STM32WBA52CEU6TR, STM32WBA52CEU7, STM32WBA52CEU7TR, STM32WBA52CGU6, STM32WBA52CGU6TR, STM32WBA52CGU6U, STM32WBA52CGU7, STM32WBA52CGU7TR, STM32WBA52KEU6, STM32WBA52KEU6TR, STM32WBA52KGU6, STM32WBA52KGU6TR, STM32WBA54CEU6, STM32WBA54CEU6TR, STM32WBA54CEU7, STM32WBA54CEU7TR, STM32WBA54CGU6, STM32WBA54CGU6TR, STM32WBA54CGU7, STM32WBA54CGU7TR, STM32WBA54KEU6, STM32WBA54KEU6TR, STM32WBA54KEU7, STM32WBA54KEU7TR, STM32WBA54KGU6, STM32WBA54KGU6TR, STM32WBA54KGU7, STM32WBA54KGU7TR, STM32WBA55CEU6, STM32WBA55CEU6TR, STM32WBA55CEU7, STM32WBA55CEU7TR, STM32WBA55CGU6, STM32WBA55CGU6TR, STM32WBA55CGU6U, STM32WBA55CGU7, STM32WBA55CGU7TR, STM32WBA55G-DK1, STM32WBA55HEF6, STM32WBA55HEF7, STM32WBA55HGF6, STM32WBA55HGF7, STM32WBA55UEI6, STM32WBA55UEI6TR, STM32WBA55UEI7, STM32WBA55UEI7TR, STM32WBA55UGI6, STM32WBA55UGI6TR, STM32WBA55UGI7, STM32WBA55UGI7TR, STM32WL5MOCH6, STM32WL5MOCH6TR]
2024-07-01 14:57:58,304 [INFO] DbMcus:218 - Found 4096 MCUs, 4096 are supported
2024-07-01 14:57:58,339 [INFO] ApiDb:423 - Load user favorites file /home/chris/.stm32cubeide/favorites.mcus.txt: 0 item(s)
2024-07-01 14:57:58,339 [INFO] ApiDb:427 - User favorites MCUs=[]
2024-07-01 14:57:58,339 [INFO] DbMcus:224 - Set 0 / 0 favorites MCUs
2024-07-01 14:57:58,725 [INFO] ApiDb:423 - Load user favorites file /home/chris/.stm32cubeide/favorites.boards.txt: 0 item(s)
2024-07-01 14:57:58,726 [INFO] ApiDb:427 - User favorites Boards=[]
2024-07-01 14:57:58,726 [INFO] DbBoards:198 - Set 0 / 0 favorites Boards
2024-07-01 14:57:58,798 [INFO] UtilMem:75 - End LoadConfig() Used Memory: 190583352 Bytes (576716800)
2024-07-01 14:57:59,228 [WARN] ThirdParty:833 - waiting for thirdparty lock release [change project]
2024-07-01 14:57:59,229 [INFO] ThirdParty:835 - entering critical section [change project]
2024-07-01 14:57:59,229 [INFO] ThirdParty:1030 - CMSIS Pack Vendor :STMicroelectronics USBPD 4.1
2024-07-01 14:57:59,229 [INFO] ThirdParty:1030 - CMSIS Pack Vendor :STMicroelectronics X-CUBE-GNSS1 6.0.0
2024-07-01 14:57:59,230 [INFO] ThirdParty:1030 - CMSIS Pack Vendor :STMicroelectronics USB_HOST 2.0.0
2024-07-01 14:57:59,230 [INFO] ThirdParty:1030 - CMSIS Pack Vendor :STMicroelectronics FP-SNS-MOTENVWB1 1.4.0
2024-07-01 14:57:59,230 [INFO] ThirdParty:1030 - CMSIS Pack Vendor :STMicroelectronics X-CUBE-AZRTOS-F4 1.1.0
2024-07-01 14:57:59,230 [INFO] ThirdParty:1030 - CMSIS Pack Vendor :STMicroelectronics LIBJPEG 8.0.0
2024-07-01 14:57:59,230 [INFO] ThirdParty:1030 - CMSIS Pack Vendor :STMicroelectronics X-CUBE-SMBUS 2.1.0
2024-07-01 14:57:59,230 [INFO] ThirdParty:1030 - CMSIS Pack Vendor :STMicroelectronics USB_DEVICE 3.0.0
2024-07-01 14:57:59,230 [INFO] ThirdParty:1030 - CMSIS Pack Vendor :STMicroelectronics X-CUBE-TCPP 4.1.0
2024-07-01 14:57:59,230 [INFO] ThirdParty:1030 - CMSIS Pack Vendor :STMicroelectronics X-CUBE-FREERTOS 1.2.0
2024-07-01 14:57:59,230 [INFO] ThirdParty:1030 - CMSIS Pack Vendor :STMicroelectronics X-CUBE-AZRTOS-WB 2.0.0
2024-07-01 14:57:59,230 [INFO] ThirdParty:1030 - CMSIS Pack Vendor :STMicroelectronics X-CUBE-TOUCHGFX 4.23.2
2024-07-01 14:57:59,230 [INFO] ThirdParty:1030 - CMSIS Pack Vendor :STMicroelectronics X-CUBE-AZRTOS-F7 1.1.0
2024-07-01 14:57:59,231 [INFO] ThirdParty:1030 - CMSIS Pack Vendor :STMicroelectronics X-CUBE-AZRTOS-L5 2.0.0
2024-07-01 14:57:59,231 [INFO] ThirdParty:1030 - CMSIS Pack Vendor :STMicroelectronics USB_DEVICE 2.0.0
2024-07-01 14:57:59,231 [INFO] ThirdParty:1030 - CMSIS Pack Vendor :STMicroelectronics X-CUBE-NFC6 3.1.0
2024-07-01 14:57:59,231 [INFO] ThirdParty:1030 - CMSIS Pack Vendor :STMicroelectronics X-CUBE-ALGOBUILD 1.3.0
2024-07-01 14:57:59,231 [INFO] ThirdParty:1030 - CMSIS Pack Vendor :STMicroelectronics FreeRTOS 0.0.1
2024-07-01 14:57:59,231 [INFO] ThirdParty:1030 - CMSIS Pack Vendor :STMicroelectronics X-CUBE-AZRTOS-G0 1.1.0
2024-07-01 14:57:59,231 [INFO] ThirdParty:1030 - CMSIS Pack Vendor :STMicroelectronics X-CUBE-SAFEA1 1.2.2
2024-07-01 14:57:59,231 [INFO] ThirdParty:1030 - CMSIS Pack Vendor :STMicroelectronics X-CUBE-NFC4 3.0.0
2024-07-01 14:57:59,231 [INFO] ThirdParty:1030 - CMSIS Pack Vendor :STMicroelectronics X-CUBE-SUBG2 5.0.0
2024-07-01 14:57:59,231 [INFO] ThirdParty:1030 - CMSIS Pack Vendor :STMicroelectronics STM32_WPAN 1.0.0
2024-07-01 14:57:59,232 [INFO] ThirdParty:1030 - CMSIS Pack Vendor :STMicroelectronics lwIP 2.0.3
2024-07-01 14:57:59,232 [INFO] ThirdParty:1030 - CMSIS Pack Vendor :STMicroelectronics FP-SNS-FLIGHT1 5.0.2
2024-07-01 14:57:59,232 [INFO] ThirdParty:1030 - CMSIS Pack Vendor :Cesanta I-CUBE-Mongoose 7.13.0
2024-07-01 14:57:59,232 [INFO] ThirdParty:1030 - CMSIS Pack Vendor :STMicroelectronics USB_HOST 1.0.0
2024-07-01 14:57:59,232 [INFO] ThirdParty:1030 - CMSIS Pack Vendor :STMicroelectronics X-CUBE-AI 9.0.0
2024-07-01 14:57:59,232 [INFO] ThirdParty:1030 - CMSIS Pack Vendor :STMicroelectronics X-CUBE-AZRTOS-G4 2.0.0
2024-07-01 14:57:59,232 [INFO] ThirdParty:1030 - CMSIS Pack Vendor :STMicroelectronics PDM2PCM 3.1.0
2024-07-01 14:57:59,232 [INFO] ThirdParty:1030 - CMSIS Pack Vendor :STMicroelectronics PDM2PCM 3.3.0
2024-07-01 14:57:59,232 [INFO] ThirdParty:1030 - CMSIS Pack Vendor :STMicroelectronics X-CUBE-DISPLAY 3.0.0
2024-07-01 14:57:59,232 [INFO] ThirdParty:1030 - CMSIS Pack Vendor :wolfSSL I-CUBE-wolfSSL 5.7.0
2024-07-01 14:57:59,232 [INFO] ThirdParty:1030 - CMSIS Pack Vendor :STMicroelectronics FP-SNS-MOTENVWB1 1.3.1
2024-07-01 14:57:59,233 [INFO] ThirdParty:1030 - CMSIS Pack Vendor :STMicroelectronics X-CUBE-BLE1 7.0.0
2024-07-01 14:57:59,233 [INFO] ThirdParty:1030 - CMSIS Pack Vendor :STMicroelectronics FP-ATR-SIGFOX1 3.2.0
2024-07-01 14:57:59,233 [INFO] ThirdParty:1030 - CMSIS Pack Vendor :STMicroelectronics X-CUBE-ISPU 2.0.0
2024-07-01 14:57:59,233 [INFO] ThirdParty:1030 - CMSIS Pack Vendor :STMicroelectronics X-CUBE-EEPRMA1 5.1.0
2024-07-01 14:57:59,233 [INFO] ThirdParty:1030 - CMSIS Pack Vendor :STMicroelectronics HAL Drivers 0.0.0
2024-07-01 14:57:59,233 [INFO] ThirdParty:1030 - CMSIS Pack Vendor :STMicroelectronics MBEDTLS 2.16.2
2024-07-01 14:57:59,233 [INFO] ThirdParty:1030 - CMSIS Pack Vendor :STMicroelectronics X-CUBE-ALS 1.0.2
2024-07-01 14:57:59,233 [INFO] ThirdParty:1030 - CMSIS Pack Vendor :emotas I-CUBE-CANOPEN 1.3.0
2024-07-01 14:57:59,233 [INFO] ThirdParty:1030 - CMSIS Pack Vendor :STMicroelectronics X-CUBE-MEMS1 10.0.0
2024-07-01 14:57:59,233 [INFO] ThirdParty:1030 - CMSIS Pack Vendor :STMicroelectronics X-CUBE-FREERTOS 1.1.0
2024-07-01 14:57:59,233 [INFO] ThirdParty:1030 - CMSIS Pack Vendor :STMicroelectronics X-CUBE-NFC7 1.0.1
2024-07-01 14:57:59,234 [INFO] ThirdParty:1030 - CMSIS Pack Vendor :STMicroelectronics MBEDTLS 2.14.1
2024-07-01 14:57:59,234 [INFO] ThirdParty:1030 - CMSIS Pack Vendor :STMicroelectronics X-CUBE-TOUCHGFX 4.24.0
2024-07-01 14:57:59,234 [INFO] ThirdParty:1030 - CMSIS Pack Vendor :ITTIA_DB I-CUBE-ITTIADB 8.9.0
2024-07-01 14:57:59,234 [INFO] ThirdParty:1030 - CMSIS Pack Vendor :portGmbH I-Cube-SoM-uGOAL 1.1.0
2024-07-01 14:57:59,234 [INFO] ThirdParty:1030 - CMSIS Pack Vendor :STMicroelectronics X-CUBE-ALS 1.0.1
2024-07-01 14:57:59,234 [INFO] ThirdParty:1030 - CMSIS Pack Vendor :STMicroelectronics X-CUBE-BLEMGR 3.1.0
2024-07-01 14:57:59,234 [INFO] ThirdParty:1030 - CMSIS Pack Vendor :STMicroelectronics ThreadX 1.0.0
2024-07-01 14:57:59,234 [INFO] ThirdParty:1030 - CMSIS Pack Vendor :STMicroelectronics FP-SNS-SMARTAG2 1.2.0
2024-07-01 14:57:59,234 [INFO] ThirdParty:1030 - CMSIS Pack Vendor :STMicroelectronics X-CUBE-AZRTOS-WL 2.0.0
2024-07-01 14:57:59,234 [INFO] ThirdParty:1030 - CMSIS Pack Vendor :SEGGER I-CUBE-embOS 1.3.1
2024-07-01 14:57:59,234 [INFO] ThirdParty:1030 - CMSIS Pack Vendor :STMicroelectronics X-CUBE-ALGOBUILD 1.4.0
2024-07-01 14:57:59,235 [INFO] ThirdParty:1030 - CMSIS Pack Vendor :STMicroelectronics FP-SNS-MOTENV1 5.0.0
2024-07-01 14:57:59,235 [INFO] ThirdParty:1030 - CMSIS Pack Vendor :STMicroelectronics USB_DEVICE 1.0.0
2024-07-01 14:57:59,235 [INFO] ThirdParty:1030 - CMSIS Pack Vendor :STMicroelectronics X-CUBE-AI 8.1.0
2024-07-01 14:57:59,235 [INFO] ThirdParty:1030 - CMSIS Pack Vendor :STMicroelectronics X-CUBE-AZRTOS-H7RS 1.0.0
2024-07-01 14:57:59,235 [INFO] ThirdParty:1030 - CMSIS Pack Vendor :wolfSSL I-CUBE-wolfMQTT 1.19.0
2024-07-01 14:57:59,235 [INFO] ThirdParty:1030 - CMSIS Pack Vendor :STMicroelectronics X-CUBE-AZRTOS-L4 2.0.0
2024-07-01 14:57:59,235 [INFO] ThirdParty:1030 - CMSIS Pack Vendor :STMicroelectronics ThreadX 0.0.2
2024-07-01 14:57:59,235 [INFO] ThirdParty:1030 - CMSIS Pack Vendor :WES I-CUBE-Cesium 1.3.0
2024-07-01 14:57:59,235 [INFO] ThirdParty:1030 - CMSIS Pack Vendor :STMicroelectronics FP-ATR-ASTRA1 2.0.0
2024-07-01 14:57:59,235 [INFO] ThirdParty:1030 - CMSIS Pack Vendor :STMicroelectronics lwIP 2.1.2
2024-07-01 14:57:59,235 [INFO] ThirdParty:1030 - CMSIS Pack Vendor :STMicroelectronics X-CUBE-SFXS2LP1 4.0.0
2024-07-01 14:57:59,236 [INFO] ThirdParty:1030 - CMSIS Pack Vendor :STMicroelectronics X-CUBE-BLE2 3.3.0
2024-07-01 14:57:59,236 [INFO] ThirdParty:1030 - CMSIS Pack Vendor :STMicroelectronics X-CUBE-TOF1 3.4.1
2024-07-01 14:57:59,236 [INFO] ThirdParty:1030 - CMSIS Pack Vendor :STMicroelectronics X-CUBE-AZRTOS-H7 3.2.0
2024-07-01 14:57:59,236 [INFO] ThirdParty:1030 - CMSIS Pack Vendor :Infineon AIROC-Wi-Fi-Bluetooth-STM32 1.6.0
2024-07-01 14:57:59,236 [INFO] ThirdParty:1030 - CMSIS Pack Vendor :STMicroelectronics PDM2PCM 3.2.0
2024-07-01 14:57:59,236 [INFO] ThirdParty:841 - exiting critical section [change project]
2024-07-01 14:58:00,090 [INFO] PinOutPanel:1561 - setPackage(No Configuration,No Configuration)
2024-07-01 14:58:00,092 [INFO] PinOutPanel:1561 - setPackage(STM32F407VGTx,LQFP100)
2024-07-01 14:58:00,838 [INFO] UtilMem:75 - Before build in PCC Used Memory: 376870640 Bytes (576716800)
2024-07-01 14:58:02,401 [INFO] UtilMem:75 - After build in PCC Used Memory: 217790464 Bytes (576716800)
2024-07-01 14:58:02,523 [INFO] IPUIPlugin:80 - create IPUIPlugin
2024-07-01 14:58:02,523 [INFO] IPUIPlugin:80 - create IPUIPlugin
2024-07-01 14:58:02,523 [INFO] IPUIPlugin:80 - create IPUIPlugin
2024-07-01 14:58:02,523 [INFO] IPUIPlugin:80 - create IPUIPlugin
2024-07-01 14:58:02,524 [INFO] IPUIPlugin:80 - create IPUIPlugin
2024-07-01 14:58:02,531 [INFO] IPUIPlugin:80 - create IPUIPlugin
2024-07-01 14:58:02,531 [INFO] IPUIPlugin:80 - create IPUIPlugin
2024-07-01 14:58:02,532 [INFO] IPUIPlugin:80 - create IPUIPlugin
2024-07-01 14:58:02,532 [INFO] IPUIPlugin:80 - create IPUIPlugin
2024-07-01 14:58:02,534 [INFO] IPUIPlugin:80 - create IPUIPlugin
2024-07-01 14:58:02,534 [INFO] IPUIPlugin:80 - create IPUIPlugin
2024-07-01 14:58:02,535 [INFO] IPUIPlugin:80 - create IPUIPlugin
2024-07-01 14:58:02,535 [INFO] IPUIPlugin:80 - create IPUIPlugin
2024-07-01 14:58:02,535 [INFO] IPUIPlugin:80 - create IPUIPlugin
2024-07-01 14:58:02,535 [INFO] IPUIPlugin:80 - create IPUIPlugin
2024-07-01 14:58:02,535 [INFO] IPUIPlugin:80 - create IPUIPlugin
2024-07-01 14:58:02,536 [INFO] IPUIPlugin:80 - create IPUIPlugin
2024-07-01 14:58:02,536 [INFO] IPUIPlugin:80 - create IPUIPlugin
2024-07-01 14:58:02,536 [INFO] IPUIPlugin:80 - create IPUIPlugin
2024-07-01 14:58:02,536 [INFO] IPUIPlugin:80 - create IPUIPlugin
2024-07-01 14:58:02,537 [INFO] IPUIPlugin:80 - create IPUIPlugin
2024-07-01 14:58:02,537 [INFO] IPUIPlugin:80 - create IPUIPlugin
2024-07-01 14:58:02,538 [INFO] IPUIPlugin:80 - create IPUIPlugin
2024-07-01 14:58:02,538 [INFO] IPUIPlugin:80 - create IPUIPlugin
2024-07-01 14:58:02,538 [INFO] IPUIPlugin:80 - create IPUIPlugin
2024-07-01 14:58:02,539 [INFO] IPUIPlugin:80 - create IPUIPlugin
2024-07-01 14:58:02,539 [INFO] IPUIPlugin:80 - create IPUIPlugin
2024-07-01 14:58:02,539 [INFO] IPUIPlugin:80 - create IPUIPlugin
2024-07-01 14:58:02,540 [INFO] IPUIPlugin:80 - create IPUIPlugin
2024-07-01 14:58:02,540 [INFO] IPUIPlugin:80 - create IPUIPlugin
2024-07-01 14:58:02,540 [INFO] IPUIPlugin:80 - create IPUIPlugin
2024-07-01 14:58:02,540 [INFO] IPUIPlugin:80 - create IPUIPlugin
2024-07-01 14:58:02,540 [INFO] IPUIPlugin:80 - create IPUIPlugin
2024-07-01 14:58:02,541 [INFO] IPUIPlugin:80 - create IPUIPlugin
2024-07-01 14:58:02,541 [INFO] IPUIPlugin:80 - create IPUIPlugin
2024-07-01 14:58:02,541 [INFO] IPUIPlugin:80 - create IPUIPlugin
2024-07-01 14:58:02,541 [INFO] IPUIPlugin:80 - create IPUIPlugin
2024-07-01 14:58:02,541 [INFO] IPUIPlugin:80 - create IPUIPlugin
2024-07-01 14:58:02,542 [INFO] IPUIPlugin:80 - create IPUIPlugin
2024-07-01 14:58:02,542 [INFO] IPUIPlugin:80 - create IPUIPlugin
2024-07-01 14:58:02,543 [INFO] IPUIPlugin:80 - create IPUIPlugin
2024-07-01 14:58:02,544 [INFO] IPUIPlugin:80 - create IPUIPlugin
2024-07-01 14:58:02,544 [INFO] IPUIPlugin:80 - create IPUIPlugin
2024-07-01 14:58:02,544 [INFO] IPUIPlugin:80 - create IPUIPlugin
2024-07-01 14:58:02,544 [INFO] IPUIPlugin:80 - create IPUIPlugin
2024-07-01 14:58:02,545 [INFO] IPUIPlugin:80 - create IPUIPlugin
2024-07-01 14:58:02,545 [INFO] IPUIPlugin:80 - create IPUIPlugin
2024-07-01 14:58:02,545 [INFO] IPUIPlugin:80 - create IPUIPlugin
2024-07-01 14:58:02,545 [INFO] IPUIPlugin:80 - create IPUIPlugin
2024-07-01 14:58:02,545 [INFO] IPUIPlugin:80 - create IPUIPlugin
2024-07-01 14:58:02,546 [INFO] IPUIPlugin:80 - create IPUIPlugin
2024-07-01 14:58:02,546 [INFO] IPUIPlugin:80 - create IPUIPlugin
2024-07-01 14:58:02,546 [INFO] IPUIPlugin:80 - create IPUIPlugin
2024-07-01 14:58:02,546 [INFO] IPUIPlugin:80 - create IPUIPlugin
2024-07-01 14:58:02,547 [INFO] IPUIPlugin:80 - create IPUIPlugin
2024-07-01 14:58:02,548 [INFO] IPUIPlugin:80 - create IPUIPlugin
2024-07-01 14:58:02,548 [INFO] IPUIPlugin:80 - create IPUIPlugin
2024-07-01 14:58:02,549 [INFO] IPUIPlugin:80 - create IPUIPlugin
2024-07-01 14:58:02,673 [INFO] ApiDbMcu:508 - Load IP Config File for PDM2PCM
2024-07-01 14:58:03,087 [INFO] CADModel:165 - CPN selected for project levelSTM32F407VGT6
2024-07-01 14:58:03,087 [INFO] CADModel:114 - Register for checkConnection events
2024-07-01 14:58:03,135 [INFO] OpenFileManager:343 - Restore cursor
2024-07-01 14:59:29,547 [INFO] Gpio:277 - dependency for GPIO [SPI1, USART2]
2024-07-01 15:03:37,005 [INFO] UtilMem:75 - End SaveConfig() Used Memory: 421449232 Bytes (576716800)
2024-07-01 15:03:38,299 [INFO] UtilMem:75 - End SaveConfig() Used Memory: 447139344 Bytes (576716800)
2024-07-01 15:03:39,085 [INFO] UtilMem:75 - End SaveConfig() Used Memory: 216666624 Bytes (576716800)
2024-07-01 15:03:40,238 [INFO] BlockDiagram:2759 - set Specific Code input for plugin: SPI
2024-07-01 15:03:40,238 [INFO] BlockDiagram:2759 - set Specific Code input for plugin: SYS
2024-07-01 15:03:40,238 [INFO] BlockDiagram:2759 - set Specific Code input for plugin: RCC
2024-07-01 15:03:40,238 [INFO] BlockDiagram:2759 - set Specific Code input for plugin: RTC
2024-07-01 15:03:40,239 [INFO] BlockDiagram:2759 - set Specific Code input for plugin: NVIC
2024-07-01 15:03:40,239 [INFO] BlockDiagram:2759 - set Specific Code input for plugin: USART
2024-07-01 15:03:40,240 [INFO] BlockDiagram:2759 - set Specific Code input for plugin: GPIO
2024-07-01 15:03:40,241 [INFO] CodeGenerator:807 - code generatio: config db path: /opt/st/stm32cubeide_1.15.0/plugins/com.st.stm32cube.common.mx_6.11.0.202403141607//db/
2024-07-01 15:03:40,964 [INFO] CodeEngine:255 - oldGeneratedFile, /home/chris/Documents/portfolio/stm32f407-freertos-demo/FreeRTOSDemoProject/MXTmpFiles/license.tmp_save
2024-07-01 15:03:41,915 [INFO] CodeEngine:279 - Generated code: /home/chris/Documents/portfolio/stm32f407-freertos-demo/FreeRTOSDemoProject/MXTmpFiles/license.tmp
2024-07-01 15:03:42,163 [INFO] CodeEngine:255 - oldGeneratedFile, /home/chris/Documents/portfolio/stm32f407-freertos-demo/FreeRTOSDemoProject/MXTmpFiles/gpio.tmp_save
2024-07-01 15:03:42,473 [INFO] CodeEngine:279 - Generated code: /home/chris/Documents/portfolio/stm32f407-freertos-demo/FreeRTOSDemoProject/MXTmpFiles/gpio.tmp
2024-07-01 15:03:43,078 [INFO] CodeEngine:255 - oldGeneratedFile, /home/chris/Documents/portfolio/stm32f407-freertos-demo/FreeRTOSDemoProject/Core/Src/stm32f4xx_it.c_save
2024-07-01 15:03:43,383 [INFO] CodeEngine:279 - Generated code: /home/chris/Documents/portfolio/stm32f407-freertos-demo/FreeRTOSDemoProject/Core/Src/stm32f4xx_it.c
2024-07-01 15:03:43,387 [INFO] CodeEngine:255 - oldGeneratedFile, /home/chris/Documents/portfolio/stm32f407-freertos-demo/FreeRTOSDemoProject/Core/Inc/stm32f4xx_it.h_save
2024-07-01 15:03:43,597 [INFO] CodeEngine:279 - Generated code: /home/chris/Documents/portfolio/stm32f407-freertos-demo/FreeRTOSDemoProject/Core/Inc/stm32f4xx_it.h
2024-07-01 15:03:43,690 [INFO] CodeEngine:255 - oldGeneratedFile, /home/chris/Documents/portfolio/stm32f407-freertos-demo/FreeRTOSDemoProject/Core/Src/stm32f4xx_hal_msp.c_save
2024-07-01 15:03:43,933 [INFO] CodeEngine:279 - Generated code: /home/chris/Documents/portfolio/stm32f407-freertos-demo/FreeRTOSDemoProject/Core/Src/stm32f4xx_hal_msp.c
2024-07-01 15:03:43,935 [INFO] CodeEngine:255 - oldGeneratedFile, /home/chris/Documents/portfolio/stm32f407-freertos-demo/FreeRTOSDemoProject/MXTmpFiles/system.tmp_save
2024-07-01 15:03:44,066 [INFO] CodeEngine:279 - Generated code: /home/chris/Documents/portfolio/stm32f407-freertos-demo/FreeRTOSDemoProject/MXTmpFiles/system.tmp
2024-07-01 15:03:44,069 [INFO] CodeEngine:255 - oldGeneratedFile, /home/chris/Documents/portfolio/stm32f407-freertos-demo/FreeRTOSDemoProject/Core/Src/stm32f4xx_hal_timebase_tim.c_save
2024-07-01 15:03:44,203 [INFO] CodeEngine:279 - Generated code: /home/chris/Documents/portfolio/stm32f407-freertos-demo/FreeRTOSDemoProject/Core/Src/stm32f4xx_hal_timebase_tim.c
2024-07-01 15:03:44,221 [INFO] CodeEngine:311 - oldGeneratedFile, /home/chris/Documents/portfolio/stm32f407-freertos-demo/FreeRTOSDemoProject/Core/Inc/stm32f4xx_hal_conf.h_save
2024-07-01 15:03:44,408 [INFO] CodeEngine:335 - Generated code: /home/chris/Documents/portfolio/stm32f407-freertos-demo/FreeRTOSDemoProject/Core/Inc/stm32f4xx_hal_conf.h
2024-07-01 15:03:44,512 [INFO] CodeEngine:255 - oldGeneratedFile, /home/chris/Documents/portfolio/stm32f407-freertos-demo/FreeRTOSDemoProject/Core/Inc/main.h_save
2024-07-01 15:03:44,687 [INFO] CodeEngine:279 - Generated code: /home/chris/Documents/portfolio/stm32f407-freertos-demo/FreeRTOSDemoProject/Core/Inc/main.h
2024-07-01 15:03:44,691 [INFO] CodeEngine:255 - oldGeneratedFile, /home/chris/Documents/portfolio/stm32f407-freertos-demo/FreeRTOSDemoProject/Core/Src/main.c_save
2024-07-01 15:03:45,024 [INFO] CodeEngine:279 - Generated code: /home/chris/Documents/portfolio/stm32f407-freertos-demo/FreeRTOSDemoProject/Core/Src/main.c
2024-07-01 15:03:47,271 [INFO] ProjectBuilder:3163 - Time for Copy HAL[1] : 1694mS.
2024-07-01 15:03:47,301 [INFO] ProjectBuilder:4736 - Project Generator version: 4.3.0-B58
2024-07-01 15:03:47,474 [INFO] ConfigFileManager:1503 - The Die is : DIE413
2024-07-01 15:03:47,573 [INFO] ApiDbMcu:508 - Load IP Config File for FATFS
2024-07-01 15:03:47,638 [INFO] ApiDbMcu:508 - Load IP Config File for FREERTOS
2024-07-01 15:03:47,663 [INFO] ApiDbMcu:508 - Load IP Config File for LIBJPEG
2024-07-01 15:03:47,742 [INFO] ApiDbMcu:508 - Load IP Config File for LWIP
2024-07-01 15:03:47,760 [INFO] ApiDbMcu:508 - Load IP Config File for MBEDTLS
2024-07-01 15:03:47,881 [INFO] ApiDbMcu:508 - Load IP Config File for USB_DEVICE
2024-07-01 15:03:47,904 [INFO] ApiDbMcu:508 - Load IP Config File for USB_HOST
2024-07-01 15:03:48,922 [INFO] LogOutputStream:77 - [STDOUT_REDIRECT] 
2024-07-01 15:03:52,553 [INFO] ProjectBuilder:5002 - Time for Generating toolchain IDE Files: 5252mS.
2024-07-01 15:03:52,554 [INFO] ProjectBuilder:3034 - Time for Copy CMSIS : 0mS.
2024-07-01 15:03:52,556 [INFO] ProjectBuilder:3034 - Time for Copy CMSIS : 0mS.
2024-07-01 15:09:55,328 [INFO] Gpio:277 - dependency for GPIO [RCC, SPI1, TIM3, USART2]
2024-07-01 15:10:11,349 [INFO] UtilMem:75 - End SaveConfig() Used Memory: 284827424 Bytes (704643072)
2024-07-01 15:10:13,455 [INFO] UtilMem:75 - End SaveConfig() Used Memory: 348264224 Bytes (704643072)
2024-07-01 15:10:14,190 [INFO] UtilMem:75 - End SaveConfig() Used Memory: 395450144 Bytes (704643072)
2024-07-01 15:10:14,536 [INFO] BlockDiagram:2759 - set Specific Code input for plugin: SPI
2024-07-01 15:10:14,537 [INFO] BlockDiagram:2759 - set Specific Code input for plugin: TIM1_8
2024-07-01 15:10:14,537 [INFO] BlockDiagram:2759 - set Specific Code input for plugin: SYS
2024-07-01 15:10:14,537 [INFO] BlockDiagram:2759 - set Specific Code input for plugin: RCC
2024-07-01 15:10:14,537 [INFO] BlockDiagram:2759 - set Specific Code input for plugin: RTC
2024-07-01 15:10:14,538 [INFO] BlockDiagram:2759 - set Specific Code input for plugin: NVIC
2024-07-01 15:10:14,538 [INFO] BlockDiagram:2759 - set Specific Code input for plugin: USART
2024-07-01 15:10:14,539 [INFO] BlockDiagram:2759 - set Specific Code input for plugin: GPIO
2024-07-01 15:10:14,600 [INFO] CodeGenerator:807 - code generatio: config db path: /opt/st/stm32cubeide_1.15.0/plugins/com.st.stm32cube.common.mx_6.11.0.202403141607//db/
2024-07-01 15:10:15,005 [INFO] CodeEngine:255 - oldGeneratedFile, /home/chris/Documents/portfolio/stm32f407-freertos-demo/FreeRTOSDemoProject/MXTmpFiles/license.tmp_save
2024-07-01 15:10:15,212 [INFO] CodeEngine:279 - Generated code: /home/chris/Documents/portfolio/stm32f407-freertos-demo/FreeRTOSDemoProject/MXTmpFiles/license.tmp
2024-07-01 15:10:15,351 [INFO] CodeEngine:255 - oldGeneratedFile, /home/chris/Documents/portfolio/stm32f407-freertos-demo/FreeRTOSDemoProject/MXTmpFiles/gpio.tmp_save
2024-07-01 15:10:15,524 [INFO] CodeEngine:279 - Generated code: /home/chris/Documents/portfolio/stm32f407-freertos-demo/FreeRTOSDemoProject/MXTmpFiles/gpio.tmp
2024-07-01 15:10:16,368 [INFO] CodeEngine:255 - oldGeneratedFile, /home/chris/Documents/portfolio/stm32f407-freertos-demo/FreeRTOSDemoProject/Core/Src/stm32f4xx_it.c_save
2024-07-01 15:10:16,529 [INFO] CodeEngine:279 - Generated code: /home/chris/Documents/portfolio/stm32f407-freertos-demo/FreeRTOSDemoProject/Core/Src/stm32f4xx_it.c
2024-07-01 15:10:16,532 [INFO] CodeEngine:255 - oldGeneratedFile, /home/chris/Documents/portfolio/stm32f407-freertos-demo/FreeRTOSDemoProject/Core/Inc/stm32f4xx_it.h_save
2024-07-01 15:10:16,629 [INFO] CodeEngine:279 - Generated code: /home/chris/Documents/portfolio/stm32f407-freertos-demo/FreeRTOSDemoProject/Core/Inc/stm32f4xx_it.h
2024-07-01 15:10:16,679 [INFO] CodeEngine:255 - oldGeneratedFile, /home/chris/Documents/portfolio/stm32f407-freertos-demo/FreeRTOSDemoProject/Core/Src/stm32f4xx_hal_msp.c_save
2024-07-01 15:10:16,920 [INFO] CodeEngine:279 - Generated code: /home/chris/Documents/portfolio/stm32f407-freertos-demo/FreeRTOSDemoProject/Core/Src/stm32f4xx_hal_msp.c
2024-07-01 15:10:16,926 [INFO] CodeEngine:255 - oldGeneratedFile, /home/chris/Documents/portfolio/stm32f407-freertos-demo/FreeRTOSDemoProject/MXTmpFiles/system.tmp_save
2024-07-01 15:10:17,027 [INFO] CodeEngine:279 - Generated code: /home/chris/Documents/portfolio/stm32f407-freertos-demo/FreeRTOSDemoProject/MXTmpFiles/system.tmp
2024-07-01 15:10:17,063 [INFO] CodeEngine:255 - oldGeneratedFile, /home/chris/Documents/portfolio/stm32f407-freertos-demo/FreeRTOSDemoProject/Core/Src/stm32f4xx_hal_timebase_tim.c_save
2024-07-01 15:10:17,167 [INFO] CodeEngine:279 - Generated code: /home/chris/Documents/portfolio/stm32f407-freertos-demo/FreeRTOSDemoProject/Core/Src/stm32f4xx_hal_timebase_tim.c
2024-07-01 15:10:17,302 [INFO] CodeEngine:311 - oldGeneratedFile, /home/chris/Documents/portfolio/stm32f407-freertos-demo/FreeRTOSDemoProject/Core/Inc/stm32f4xx_hal_conf.h_save
2024-07-01 15:10:17,388 [INFO] CodeEngine:335 - Generated code: /home/chris/Documents/portfolio/stm32f407-freertos-demo/FreeRTOSDemoProject/Core/Inc/stm32f4xx_hal_conf.h
2024-07-01 15:10:17,417 [WARN] IPConfigManager:3513 - IP not found : TIM
2024-07-01 15:10:17,417 [WARN] CodeGenerator:3951 - IP not found : null
2024-07-01 15:10:17,427 [INFO] CodeEngine:255 - oldGeneratedFile, /home/chris/Documents/portfolio/stm32f407-freertos-demo/FreeRTOSDemoProject/Core/Inc/main.h_save
2024-07-01 15:10:17,690 [INFO] CodeEngine:279 - Generated code: /home/chris/Documents/portfolio/stm32f407-freertos-demo/FreeRTOSDemoProject/Core/Inc/main.h
2024-07-01 15:10:17,738 [INFO] CodeEngine:255 - oldGeneratedFile, /home/chris/Documents/portfolio/stm32f407-freertos-demo/FreeRTOSDemoProject/Core/Src/main.c_save
2024-07-01 15:10:17,970 [INFO] CodeEngine:279 - Generated code: /home/chris/Documents/portfolio/stm32f407-freertos-demo/FreeRTOSDemoProject/Core/Src/main.c
2024-07-01 15:10:18,803 [ERROR] ConfigurationRetriever:142 - IOException on connection: Read timed out
2024-07-01 15:10:20,409 [INFO] ProjectBuilder:3163 - Time for Copy HAL[1] : 1955mS.
2024-07-01 15:10:20,413 [INFO] ProjectBuilder:4736 - Project Generator version: 4.3.0-B58
2024-07-01 15:10:20,598 [INFO] ConfigFileManager:1503 - The Die is : DIE413
2024-07-01 15:10:22,225 [INFO] ProjectBuilder:5002 - Time for Generating toolchain IDE Files: 1811mS.
2024-07-01 15:10:22,237 [INFO] ProjectBuilder:3034 - Time for Copy CMSIS : 1mS.
2024-07-01 15:10:22,238 [INFO] ProjectBuilder:3034 - Time for Copy CMSIS : 0mS.
2024-07-01 15:10:23,835 [ERROR] ConfigurationRetriever:142 - IOException on connection: Read timed out
2024-07-01 15:15:55,482 [INFO] NvicIntPanel:101 - NVIC parent = com.st.microxplorer.plugins.ip.nvic.MultiNvicIntPanel[,0,0,0x0,invalid,layout=javax.swing.BoxLayout,alignmentX=0.0,alignmentY=0.0,border=,flags=9,maximumSize=,minimumSize=,preferredSize=]
2024-07-01 15:16:00,487 [INFO] UtilMem:75 - End SaveConfig() Used Memory: 268049152 Bytes (704643072)
2024-07-01 15:16:04,216 [INFO] UtilMem:75 - End SaveConfig() Used Memory: 597970104 Bytes (704643072)
2024-07-01 15:16:04,767 [INFO] UtilMem:75 - End SaveConfig() Used Memory: 302471776 Bytes (704643072)
2024-07-01 15:16:05,003 [INFO] BlockDiagram:2759 - set Specific Code input for plugin: SPI
2024-07-01 15:16:05,004 [INFO] BlockDiagram:2759 - set Specific Code input for plugin: TIM1_8
2024-07-01 15:16:05,004 [INFO] BlockDiagram:2759 - set Specific Code input for plugin: SYS
2024-07-01 15:16:05,004 [INFO] BlockDiagram:2759 - set Specific Code input for plugin: RCC
2024-07-01 15:16:05,004 [INFO] BlockDiagram:2759 - set Specific Code input for plugin: RTC
2024-07-01 15:16:05,004 [INFO] BlockDiagram:2759 - set Specific Code input for plugin: NVIC
2024-07-01 15:16:05,004 [INFO] BlockDiagram:2759 - set Specific Code input for plugin: USART
2024-07-01 15:16:05,005 [INFO] BlockDiagram:2759 - set Specific Code input for plugin: GPIO
2024-07-01 15:16:05,005 [INFO] CodeGenerator:807 - code generatio: config db path: /opt/st/stm32cubeide_1.15.0/plugins/com.st.stm32cube.common.mx_6.11.0.202403141607//db/
2024-07-01 15:16:05,239 [INFO] CodeEngine:255 - oldGeneratedFile, /home/chris/Documents/portfolio/stm32f407-freertos-demo/FreeRTOSDemoProject/MXTmpFiles/license.tmp_save
2024-07-01 15:16:05,419 [INFO] CodeEngine:279 - Generated code: /home/chris/Documents/portfolio/stm32f407-freertos-demo/FreeRTOSDemoProject/MXTmpFiles/license.tmp
2024-07-01 15:16:05,495 [INFO] CodeEngine:255 - oldGeneratedFile, /home/chris/Documents/portfolio/stm32f407-freertos-demo/FreeRTOSDemoProject/MXTmpFiles/gpio.tmp_save
2024-07-01 15:16:05,639 [INFO] CodeEngine:279 - Generated code: /home/chris/Documents/portfolio/stm32f407-freertos-demo/FreeRTOSDemoProject/MXTmpFiles/gpio.tmp
2024-07-01 15:16:06,041 [INFO] CodeEngine:255 - oldGeneratedFile, /home/chris/Documents/portfolio/stm32f407-freertos-demo/FreeRTOSDemoProject/Core/Src/stm32f4xx_it.c_save
2024-07-01 15:16:06,155 [INFO] CodeEngine:279 - Generated code: /home/chris/Documents/portfolio/stm32f407-freertos-demo/FreeRTOSDemoProject/Core/Src/stm32f4xx_it.c
2024-07-01 15:16:06,157 [INFO] CodeEngine:255 - oldGeneratedFile, /home/chris/Documents/portfolio/stm32f407-freertos-demo/FreeRTOSDemoProject/Core/Inc/stm32f4xx_it.h_save
2024-07-01 15:16:06,266 [INFO] CodeEngine:279 - Generated code: /home/chris/Documents/portfolio/stm32f407-freertos-demo/FreeRTOSDemoProject/Core/Inc/stm32f4xx_it.h
2024-07-01 15:16:06,278 [INFO] CodeEngine:255 - oldGeneratedFile, /home/chris/Documents/portfolio/stm32f407-freertos-demo/FreeRTOSDemoProject/Core/Src/stm32f4xx_hal_msp.c_save
2024-07-01 15:16:06,461 [INFO] CodeEngine:279 - Generated code: /home/chris/Documents/portfolio/stm32f407-freertos-demo/FreeRTOSDemoProject/Core/Src/stm32f4xx_hal_msp.c
2024-07-01 15:16:06,463 [INFO] CodeEngine:255 - oldGeneratedFile, /home/chris/Documents/portfolio/stm32f407-freertos-demo/FreeRTOSDemoProject/MXTmpFiles/system.tmp_save
2024-07-01 15:16:06,570 [INFO] CodeEngine:279 - Generated code: /home/chris/Documents/portfolio/stm32f407-freertos-demo/FreeRTOSDemoProject/MXTmpFiles/system.tmp
2024-07-01 15:16:06,580 [INFO] CodeEngine:255 - oldGeneratedFile, /home/chris/Documents/portfolio/stm32f407-freertos-demo/FreeRTOSDemoProject/Core/Src/stm32f4xx_hal_timebase_tim.c_save
2024-07-01 15:16:06,683 [INFO] CodeEngine:279 - Generated code: /home/chris/Documents/portfolio/stm32f407-freertos-demo/FreeRTOSDemoProject/Core/Src/stm32f4xx_hal_timebase_tim.c
2024-07-01 15:16:06,688 [INFO] CodeEngine:311 - oldGeneratedFile, /home/chris/Documents/portfolio/stm32f407-freertos-demo/FreeRTOSDemoProject/Core/Inc/stm32f4xx_hal_conf.h_save
2024-07-01 15:16:06,823 [INFO] CodeEngine:335 - Generated code: /home/chris/Documents/portfolio/stm32f407-freertos-demo/FreeRTOSDemoProject/Core/Inc/stm32f4xx_hal_conf.h
2024-07-01 15:16:06,852 [WARN] IPConfigManager:3513 - IP not found : TIM
2024-07-01 15:16:06,853 [WARN] CodeGenerator:3951 - IP not found : null
2024-07-01 15:16:06,857 [INFO] CodeEngine:255 - oldGeneratedFile, /home/chris/Documents/portfolio/stm32f407-freertos-demo/FreeRTOSDemoProject/Core/Inc/main.h_save
2024-07-01 15:16:06,977 [INFO] CodeEngine:279 - Generated code: /home/chris/Documents/portfolio/stm32f407-freertos-demo/FreeRTOSDemoProject/Core/Inc/main.h
2024-07-01 15:16:06,986 [INFO] CodeEngine:255 - oldGeneratedFile, /home/chris/Documents/portfolio/stm32f407-freertos-demo/FreeRTOSDemoProject/Core/Src/main.c_save
2024-07-01 15:16:07,310 [INFO] CodeEngine:279 - Generated code: /home/chris/Documents/portfolio/stm32f407-freertos-demo/FreeRTOSDemoProject/Core/Src/main.c
2024-07-01 15:16:07,651 [INFO] ProjectBuilder:3163 - Time for Copy HAL[1] : 36mS.
2024-07-01 15:16:07,652 [INFO] ProjectBuilder:4736 - Project Generator version: 4.3.0-B58
2024-07-01 15:16:07,750 [INFO] ConfigFileManager:1503 - The Die is : DIE413
2024-07-01 15:16:09,165 [INFO] ProjectBuilder:5002 - Time for Generating toolchain IDE Files: 1513mS.
2024-07-01 15:16:09,165 [INFO] ProjectBuilder:3034 - Time for Copy CMSIS : 0mS.
2024-07-01 15:16:09,167 [INFO] ProjectBuilder:3034 - Time for Copy CMSIS : 0mS.
2024-07-01 15:17:40,112 [INFO] NvicIntPanel:101 - NVIC parent = com.st.microxplorer.plugins.ip.nvic.MultiNvicIntPanel[,0,0,0x0,invalid,layout=javax.swing.BoxLayout,alignmentX=0.0,alignmentY=0.0,border=,flags=9,maximumSize=,minimumSize=,preferredSize=]
2024-07-01 15:18:02,918 [INFO] NvicIntPanel:101 - NVIC parent = com.st.microxplorer.plugins.ip.nvic.MultiNvicIntPanel[,0,0,0x0,invalid,layout=javax.swing.BoxLayout,alignmentX=0.0,alignmentY=0.0,border=,flags=9,maximumSize=,minimumSize=,preferredSize=]
2024-07-01 15:18:25,041 [INFO] NvicIntPanel:101 - NVIC parent = com.st.microxplorer.plugins.ip.nvic.MultiNvicIntPanel[,0,0,0x0,invalid,layout=javax.swing.BoxLayout,alignmentX=0.0,alignmentY=0.0,border=,flags=9,maximumSize=,minimumSize=,preferredSize=]
2024-07-01 15:18:52,782 [INFO] NvicIntPanel:101 - NVIC parent = com.st.microxplorer.plugins.ip.nvic.MultiNvicIntPanel[,0,0,0x0,invalid,layout=javax.swing.BoxLayout,alignmentX=0.0,alignmentY=0.0,border=,flags=9,maximumSize=,minimumSize=,preferredSize=]
2024-07-01 15:19:32,325 [INFO] NvicIntPanel:101 - NVIC parent = com.st.microxplorer.plugins.ip.nvic.MultiNvicIntPanel[,0,0,0x0,invalid,layout=javax.swing.BoxLayout,alignmentX=0.0,alignmentY=0.0,border=,flags=9,maximumSize=,minimumSize=,preferredSize=]
2024-07-01 15:19:32,479 [INFO] NvicIntPanel:101 - NVIC parent = com.st.microxplorer.plugins.ip.nvic.MultiNvicIntPanel[,0,0,0x0,invalid,layout=javax.swing.BoxLayout,alignmentX=0.0,alignmentY=0.0,border=,flags=9,maximumSize=,minimumSize=,preferredSize=]
2024-07-01 15:19:35,787 [INFO] NvicIntPanel:101 - NVIC parent = com.st.microxplorer.plugins.ip.nvic.MultiNvicIntPanel[,0,0,0x0,invalid,layout=javax.swing.BoxLayout,alignmentX=0.0,alignmentY=0.0,border=,flags=9,maximumSize=,minimumSize=,preferredSize=]
2024-07-01 15:20:46,812 [INFO] NvicIntPanel:101 - NVIC parent = com.st.microxplorer.plugins.ip.nvic.MultiNvicIntPanel[,0,0,0x0,invalid,layout=javax.swing.BoxLayout,alignmentX=0.0,alignmentY=0.0,border=,flags=9,maximumSize=,minimumSize=,preferredSize=]
2024-07-01 15:22:48,529 [INFO] NvicIntPanel:101 - NVIC parent = com.st.microxplorer.plugins.ip.nvic.MultiNvicIntPanel[,0,0,0x0,invalid,layout=javax.swing.BoxLayout,alignmentX=0.0,alignmentY=0.0,border=,flags=9,maximumSize=,minimumSize=,preferredSize=]
2024-07-01 15:22:49,553 [INFO] NvicIntPanel:101 - NVIC parent = com.st.microxplorer.plugins.ip.nvic.MultiNvicIntPanel[,0,0,0x0,invalid,layout=javax.swing.BoxLayout,alignmentX=0.0,alignmentY=0.0,border=,flags=9,maximumSize=,minimumSize=,preferredSize=]
2024-07-01 15:23:34,044 [INFO] NvicIntPanel:101 - NVIC parent = com.st.microxplorer.plugins.ip.nvic.MultiNvicIntPanel[,0,0,0x0,invalid,layout=javax.swing.BoxLayout,alignmentX=0.0,alignmentY=0.0,border=,flags=9,maximumSize=,minimumSize=,preferredSize=]
2024-07-01 15:23:37,369 [INFO] NvicIntPanel:101 - NVIC parent = com.st.microxplorer.plugins.ip.nvic.MultiNvicIntPanel[,0,0,0x0,invalid,layout=javax.swing.BoxLayout,alignmentX=0.0,alignmentY=0.0,border=,flags=9,maximumSize=,minimumSize=,preferredSize=]
2024-07-01 15:24:51,615 [INFO] NvicIntPanel:101 - NVIC parent = com.st.microxplorer.plugins.ip.nvic.MultiNvicIntPanel[,0,0,0x0,invalid,layout=javax.swing.BoxLayout,alignmentX=0.0,alignmentY=0.0,border=,flags=9,maximumSize=,minimumSize=,preferredSize=]
2024-07-01 15:24:55,953 [INFO] NvicIntPanel:101 - NVIC parent = com.st.microxplorer.plugins.ip.nvic.MultiNvicIntPanel[,0,0,0x0,invalid,layout=javax.swing.BoxLayout,alignmentX=0.0,alignmentY=0.0,border=,flags=9,maximumSize=,minimumSize=,preferredSize=]
2024-07-01 15:25:11,313 [INFO] NvicIntPanel:101 - NVIC parent = com.st.microxplorer.plugins.ip.nvic.MultiNvicIntPanel[,0,0,0x0,invalid,layout=javax.swing.BoxLayout,alignmentX=0.0,alignmentY=0.0,border=,flags=9,maximumSize=,minimumSize=,preferredSize=]
2024-07-01 15:26:09,859 [INFO] UtilMem:75 - End SaveConfig() Used Memory: 733367808 Bytes (947912704)
2024-07-01 15:26:11,218 [INFO] UtilMem:75 - End SaveConfig() Used Memory: 755914240 Bytes (947912704)
2024-07-01 15:26:11,822 [INFO] UtilMem:75 - End SaveConfig() Used Memory: 299535224 Bytes (947912704)
2024-07-01 15:26:12,088 [INFO] BlockDiagram:2759 - set Specific Code input for plugin: SPI
2024-07-01 15:26:12,088 [INFO] BlockDiagram:2759 - set Specific Code input for plugin: TIM1_8
2024-07-01 15:26:12,088 [INFO] BlockDiagram:2759 - set Specific Code input for plugin: TIM1_8
2024-07-01 15:26:12,088 [INFO] BlockDiagram:2759 - set Specific Code input for plugin: SYS
2024-07-01 15:26:12,088 [INFO] BlockDiagram:2759 - set Specific Code input for plugin: RCC
2024-07-01 15:26:12,088 [INFO] BlockDiagram:2759 - set Specific Code input for plugin: RTC
2024-07-01 15:26:12,088 [INFO] BlockDiagram:2759 - set Specific Code input for plugin: NVIC
2024-07-01 15:26:12,088 [INFO] BlockDiagram:2759 - set Specific Code input for plugin: USART
2024-07-01 15:26:12,089 [INFO] BlockDiagram:2759 - set Specific Code input for plugin: GPIO
2024-07-01 15:26:12,089 [INFO] CodeGenerator:807 - code generatio: config db path: /opt/st/stm32cubeide_1.15.0/plugins/com.st.stm32cube.common.mx_6.11.0.202403141607//db/
2024-07-01 15:26:12,361 [INFO] CodeEngine:255 - oldGeneratedFile, /home/chris/Documents/portfolio/stm32f407-freertos-demo/FreeRTOSDemoProject/MXTmpFiles/license.tmp_save
2024-07-01 15:26:12,530 [INFO] CodeEngine:279 - Generated code: /home/chris/Documents/portfolio/stm32f407-freertos-demo/FreeRTOSDemoProject/MXTmpFiles/license.tmp
2024-07-01 15:26:12,619 [INFO] CodeEngine:255 - oldGeneratedFile, /home/chris/Documents/portfolio/stm32f407-freertos-demo/FreeRTOSDemoProject/MXTmpFiles/gpio.tmp_save
2024-07-01 15:26:12,810 [INFO] CodeEngine:279 - Generated code: /home/chris/Documents/portfolio/stm32f407-freertos-demo/FreeRTOSDemoProject/MXTmpFiles/gpio.tmp
2024-07-01 15:26:13,195 [INFO] CodeEngine:255 - oldGeneratedFile, /home/chris/Documents/portfolio/stm32f407-freertos-demo/FreeRTOSDemoProject/Core/Src/stm32f4xx_it.c_save
2024-07-01 15:26:13,285 [INFO] CodeEngine:279 - Generated code: /home/chris/Documents/portfolio/stm32f407-freertos-demo/FreeRTOSDemoProject/Core/Src/stm32f4xx_it.c
2024-07-01 15:26:13,288 [INFO] CodeEngine:255 - oldGeneratedFile, /home/chris/Documents/portfolio/stm32f407-freertos-demo/FreeRTOSDemoProject/Core/Inc/stm32f4xx_it.h_save
2024-07-01 15:26:13,388 [INFO] CodeEngine:279 - Generated code: /home/chris/Documents/portfolio/stm32f407-freertos-demo/FreeRTOSDemoProject/Core/Inc/stm32f4xx_it.h
2024-07-01 15:26:13,410 [INFO] CodeEngine:255 - oldGeneratedFile, /home/chris/Documents/portfolio/stm32f407-freertos-demo/FreeRTOSDemoProject/Core/Src/stm32f4xx_hal_msp.c_save
2024-07-01 15:26:13,592 [INFO] CodeEngine:279 - Generated code: /home/chris/Documents/portfolio/stm32f407-freertos-demo/FreeRTOSDemoProject/Core/Src/stm32f4xx_hal_msp.c
2024-07-01 15:26:13,599 [INFO] CodeEngine:255 - oldGeneratedFile, /home/chris/Documents/portfolio/stm32f407-freertos-demo/FreeRTOSDemoProject/MXTmpFiles/system.tmp_save
2024-07-01 15:26:13,715 [INFO] CodeEngine:279 - Generated code: /home/chris/Documents/portfolio/stm32f407-freertos-demo/FreeRTOSDemoProject/MXTmpFiles/system.tmp
2024-07-01 15:26:13,722 [INFO] CodeEngine:255 - oldGeneratedFile, /home/chris/Documents/portfolio/stm32f407-freertos-demo/FreeRTOSDemoProject/Core/Src/stm32f4xx_hal_timebase_tim.c_save
2024-07-01 15:26:13,811 [INFO] CodeEngine:279 - Generated code: /home/chris/Documents/portfolio/stm32f407-freertos-demo/FreeRTOSDemoProject/Core/Src/stm32f4xx_hal_timebase_tim.c
2024-07-01 15:26:13,821 [INFO] CodeEngine:311 - oldGeneratedFile, /home/chris/Documents/portfolio/stm32f407-freertos-demo/FreeRTOSDemoProject/Core/Inc/stm32f4xx_hal_conf.h_save
2024-07-01 15:26:13,954 [INFO] CodeEngine:335 - Generated code: /home/chris/Documents/portfolio/stm32f407-freertos-demo/FreeRTOSDemoProject/Core/Inc/stm32f4xx_hal_conf.h
2024-07-01 15:26:13,980 [WARN] IPConfigManager:3513 - IP not found : TIM
2024-07-01 15:26:13,981 [WARN] CodeGenerator:3951 - IP not found : null
2024-07-01 15:26:13,984 [INFO] CodeEngine:255 - oldGeneratedFile, /home/chris/Documents/portfolio/stm32f407-freertos-demo/FreeRTOSDemoProject/Core/Inc/main.h_save
2024-07-01 15:26:14,091 [INFO] CodeEngine:279 - Generated code: /home/chris/Documents/portfolio/stm32f407-freertos-demo/FreeRTOSDemoProject/Core/Inc/main.h
2024-07-01 15:26:14,095 [INFO] CodeEngine:255 - oldGeneratedFile, /home/chris/Documents/portfolio/stm32f407-freertos-demo/FreeRTOSDemoProject/Core/Src/main.c_save
2024-07-01 15:26:14,265 [INFO] CodeEngine:279 - Generated code: /home/chris/Documents/portfolio/stm32f407-freertos-demo/FreeRTOSDemoProject/Core/Src/main.c
2024-07-01 15:26:14,599 [INFO] ProjectBuilder:3163 - Time for Copy HAL[1] : 51mS.
2024-07-01 15:26:14,602 [INFO] ProjectBuilder:4736 - Project Generator version: 4.3.0-B58
2024-07-01 15:26:14,742 [INFO] ConfigFileManager:1503 - The Die is : DIE413
2024-07-01 15:26:15,847 [INFO] ProjectBuilder:5002 - Time for Generating toolchain IDE Files: 1245mS.
2024-07-01 15:26:15,848 [INFO] ProjectBuilder:3034 - Time for Copy CMSIS : 0mS.
2024-07-01 15:26:15,849 [INFO] ProjectBuilder:3034 - Time for Copy CMSIS : 0mS.
